[2021-35-21 17:35:20] [ERROR] [GlobalExceptionHandler:17] Error general [could not execute statement; SQL [n/a]; nested exception is org.hibernate.exception.DataException: could not execute statement]
[2021-38-21 17:38:01] [ERROR] [GlobalExceptionHandler:17] Error general [could not execute statement; SQL [n/a]; nested exception is org.hibernate.exception.DataException: could not execute statement]
[2021-38-21 17:38:58] [ERROR] [GlobalExceptionHandler:17] Error general [could not execute statement; SQL [n/a]; nested exception is org.hibernate.exception.DataException: could not execute statement]
[2021-40-21 17:40:41] [ERROR] [GlobalExceptionHandler:17] Error general [could not execute statement; SQL [n/a]; nested exception is org.hibernate.exception.DataException: could not execute statement]
[2021-43-21 17:43:26] [INFO ] [CategoriaService:22] Se guardo categoría con titulo SUV
[2021-44-21 17:44:40] [INFO ] [CategoriaService:49] Se buscaron todas las categorías
[2021-46-21 17:46:24] [ERROR] [GlobalExceptionHandler:17] Error general [The given id must not be null!; nested exception is java.lang.IllegalArgumentException: The given id must not be null!]
[2021-46-21 17:46:45] [INFO ] [CategoriaService:31] Se busco categoría con id 5
[2021-46-21 17:46:45] [INFO ] [CategoriaService:39] Se actualizo categoría con id 5
[2021-47-21 17:47:50] [INFO ] [CategoriaService:31] Se busco categoría con id 5
[2021-47-21 17:47:50] [INFO ] [CategoriaService:44] Se elimino categoría con id 5
[2021-06-22 22:06:22] [INFO ] [CategoriaService:49] Se buscaron todas las categorías
[2021-08-22 22:08:20] [INFO ] [CategoriaService:22] Se guardo categoría con titulo SUV
[2021-19-22 22:19:44] [INFO ] [CategoriaService:22] Se guardo categoría con titulo SUV
[2021-20-22 22:20:08] [INFO ] [CategoriaService:49] Se buscaron todas las categorías
[2021-20-22 22:20:17] [INFO ] [CategoriaService:49] Se buscaron todas las categorías
[2021-20-22 22:20:52] [INFO ] [CategoriaService:49] Se buscaron todas las categorías
[2021-21-22 22:21:06] [INFO ] [CategoriaService:49] Se buscaron todas las categorías
[2021-25-22 22:25:11] [INFO ] [CategoriaService:49] Se buscaron todas las categorías
[2021-26-22 22:26:17] [INFO ] [CategoriaService:49] Se buscaron todas las categorías
[2021-27-22 22:27:29] [INFO ] [CategoriaService:49] Se buscaron todas las categorías
[2021-28-22 22:28:32] [INFO ] [CategoriaService:49] Se buscaron todas las categorías
[2021-29-22 22:29:17] [INFO ] [CategoriaService:49] Se buscaron todas las categorías
[2021-29-22 22:29:58] [INFO ] [CategoriaService:49] Se buscaron todas las categorías
[2021-30-22 22:30:39] [INFO ] [CategoriaService:49] Se buscaron todas las categorías
[2021-32-22 22:32:21] [INFO ] [CategoriaService:49] Se buscaron todas las categorías
[2021-34-22 22:34:35] [INFO ] [CategoriaService:49] Se buscaron todas las categorías
[2021-34-22 22:34:38] [INFO ] [CategoriaService:49] Se buscaron todas las categorías
[2021-34-22 22:34:56] [INFO ] [CategoriaService:22] Se guardo categoría con titulo SUV
[2021-39-22 22:39:28] [INFO ] [CategoriaService:22] Se guardo categoría con titulo SUV
[2021-41-22 22:41:48] [INFO ] [CategoriaService:22] Se guardo categoría con titulo SUV
[2021-42-22 22:42:10] [INFO ] [CategoriaService:22] Se guardo categoría con titulo SUV
[2021-45-22 22:45:18] [INFO ] [CategoriaService:22] Se guardo categoría con titulo SUV
[2021-45-22 22:45:40] [INFO ] [CategoriaService:22] Se guardo categoría con titulo SUV
[2021-46-22 22:46:05] [INFO ] [CategoriaService:22] Se guardo categoría con titulo SUV
[2021-47-22 22:47:15] [INFO ] [CategoriaService:22] Se guardo categoría con titulo SUV
[2021-48-22 22:48:30] [INFO ] [CategoriaService:22] Se guardo categoría con titulo SUV
[2021-49-22 22:49:13] [INFO ] [CategoriaService:22] Se guardo categoría con titulo SUV
[2021-51-22 22:51:08] [INFO ] [CategoriaService:22] Se guardo categoría con titulo SUV
[2021-52-22 22:52:14] [INFO ] [CategoriaService:22] Se guardo categoría con titulo SUV
[2021-52-22 22:52:42] [INFO ] [CategoriaService:22] Se guardo categoría con titulo SUV
[2021-53-22 22:53:05] [INFO ] [CategoriaService:22] Se guardo categoría con titulo SUV
[2021-53-22 22:53:35] [INFO ] [CategoriaService:22] Se guardo categoría con titulo SUV
[2021-53-22 22:53:50] [INFO ] [CategoriaService:22] Se guardo categoría con titulo SUV
[2021-54-22 22:54:11] [INFO ] [CategoriaService:22] Se guardo categoría con titulo SUV
[2021-54-22 22:54:24] [INFO ] [CategoriaService:22] Se guardo categoría con titulo SUV
[2021-54-22 22:54:33] [INFO ] [CategoriaService:22] Se guardo categoría con titulo SUV
[2021-56-22 22:56:21] [INFO ] [CategoriaService:22] Se guardo categoría con titulo SUV
[2021-56-22 22:56:35] [INFO ] [CategoriaService:22] Se guardo categoría con titulo SUV
[2021-56-22 22:56:47] [INFO ] [CategoriaService:22] Se guardo categoría con titulo SUV
[2021-03-22 23:03:53] [INFO ] [CategoriaService:22] Se guardo categoría con titulo Test 1
[2021-05-22 23:05:15] [INFO ] [CategoriaService:22] Se guardo categoría con titulo Test 1
[2021-07-22 23:07:16] [INFO ] [CategoriaService:49] Se buscaron todas las categorías
[2021-12-22 23:12:34] [INFO ] [CategoriaService:49] Se buscaron todas las categorías
[2021-13-22 23:13:10] [INFO ] [CategoriaService:49] Se buscaron todas las categorías
[2021-13-22 23:13:22] [INFO ] [CategoriaService:49] Se buscaron todas las categorías
[2021-14-22 23:14:05] [INFO ] [CategoriaService:49] Se buscaron todas las categorías
[2021-14-22 23:14:26] [INFO ] [CategoriaService:22] Se guardo categoría con titulo Test 1
[2021-15-22 23:15:15] [INFO ] [CategoriaService:22] Se guardo categoría con titulo Test 1
[2021-15-22 23:15:48] [INFO ] [CategoriaService:22] Se guardo categoría con titulo Test 1
[2021-16-22 23:16:25] [INFO ] [CategoriaService:22] Se guardo categoría con titulo Test 1
[2021-18-22 23:18:05] [INFO ] [CategoriaService:22] Se guardo categoría con titulo Test 1
[2021-19-22 23:19:39] [INFO ] [CategoriaService:22] Se guardo categoría con titulo Test 1
[2021-19-22 23:19:47] [INFO ] [CategoriaService:49] Se buscaron todas las categorías
[2021-20-22 23:20:10] [INFO ] [CategoriaService:49] Se buscaron todas las categorías
[2021-20-22 23:20:31] [INFO ] [CategoriaService:49] Se buscaron todas las categorías
[2021-20-22 23:20:42] [INFO ] [CategoriaService:49] Se buscaron todas las categorías
[2021-21-22 23:21:57] [INFO ] [CategoriaService:49] Se buscaron todas las categorías
[2021-26-22 23:26:53] [INFO ] [CategoriaService:22] Se guardo categoría con titulo Test1
[2021-27-22 23:27:02] [INFO ] [CategoriaService:49] Se buscaron todas las categorías
[2021-30-22 23:30:12] [INFO ] [CategoriaService:31] Se busco categoría con id 38
[2021-30-22 23:30:12] [INFO ] [CategoriaService:39] Se actualizo categoría con id 38
[2021-30-22 23:30:25] [INFO ] [CategoriaService:49] Se buscaron todas las categorías
[2021-30-22 23:30:46] [INFO ] [CategoriaService:49] Se buscaron todas las categorías
[2021-31-22 23:31:01] [INFO ] [CategoriaService:22] Se guardo categoría con titulo Test1
[2021-31-22 23:31:08] [INFO ] [CategoriaService:22] Se guardo categoría con titulo Test1
[2021-31-22 23:31:20] [INFO ] [CategoriaService:22] Se guardo categoría con titulo SUV
[2021-31-22 23:31:53] [INFO ] [CategoriaService:22] Se guardo categoría con titulo SUV
[2021-31-22 23:31:53] [INFO ] [CategoriaService:49] Se buscaron todas las categorías
[2021-31-22 23:31:53] [ERROR] [GlobalExceptionHandler:24] Error en búsqueda [No se encontró categoría con id 5]
[2021-32-22 23:32:28] [INFO ] [CategoriaService:22] Se guardo categoría con titulo Test1
[2021-32-22 23:32:29] [INFO ] [CategoriaService:49] Se buscaron todas las categorías
[2021-32-22 23:32:29] [ERROR] [GlobalExceptionHandler:24] Error en búsqueda [No se encontró categoría con id 5]
[2021-37-22 23:37:14] [INFO ] [CategoriaService:22] Se guardo categoría con titulo Test1
[2021-37-22 23:37:22] [INFO ] [CategoriaService:49] Se buscaron todas las categorías
[2021-39-22 23:39:59] [INFO ] [CategoriaService:22] Se guardo categoría con titulo Test1
[2021-40-22 23:40:38] [INFO ] [CategoriaService:22] Se guardo categoría con titulo Test1
[2021-41-22 23:41:25] [INFO ] [CategoriaService:22] Se guardo categoría con titulo Test1
[2021-41-22 23:41:32] [INFO ] [CategoriaService:49] Se buscaron todas las categorías
[2021-41-22 23:41:41] [INFO ] [CategoriaService:31] Se busco categoría con id 47
[2021-41-22 23:41:41] [INFO ] [CategoriaService:39] Se actualizo categoría con id 47
[2021-41-22 23:41:53] [INFO ] [CategoriaService:49] Se buscaron todas las categorías
[2021-42-22 23:42:36] [INFO ] [CategoriaService:31] Se busco categoría con id 47
[2021-42-22 23:42:36] [INFO ] [CategoriaService:44] Se elimino categoría con id 47
[2021-46-22 23:46:51] [ERROR] [GlobalExceptionHandler:24] Error en búsqueda [No se encontró categoría con id 47]
[2021-47-22 23:47:59] [INFO ] [CategoriaService:22] Se guardo categoría con titulo Test1
[2021-47-22 23:47:59] [INFO ] [CategoriaService:49] Se buscaron todas las categorías
[2021-47-22 23:47:59] [INFO ] [CategoriaService:31] Se busco categoría con id 1
[2021-47-22 23:47:59] [INFO ] [CategoriaService:39] Se actualizo categoría con id 1
[2021-47-22 23:47:59] [INFO ] [CategoriaService:31] Se busco categoría con id 1
[2021-47-22 23:47:59] [INFO ] [CategoriaService:44] Se elimino categoría con id 1
[2021-48-22 23:48:45] [ERROR] [GlobalExceptionHandler:24] Error en búsqueda [No se encontró categoría con id 1]
[2021-49-22 23:49:19] [ERROR] [GlobalExceptionHandler:24] Error en búsqueda [No se encontró categoría con id 1]
[2021-49-22 23:49:59] [ERROR] [GlobalExceptionHandler:24] Error en búsqueda [No se encontró categoría con id 1]
[2021-50-22 23:50:58] [ERROR] [GlobalExceptionHandler:24] Error en búsqueda [No se encontró categoría con id 1]
[2021-51-22 23:51:12] [ERROR] [GlobalExceptionHandler:24] Error en búsqueda [No se encontró categoría con id 1]
[2021-51-22 23:51:58] [INFO ] [CategoriaService:22] Se guardo categoría con titulo Test1
[2021-52-22 23:52:09] [INFO ] [CategoriaService:31] Se busco categoría con id 2
[2021-52-22 23:52:09] [INFO ] [CategoriaService:44] Se elimino categoría con id 2
[2021-52-22 23:52:54] [INFO ] [CategoriaService:22] Se guardo categoría con titulo Test1
[2021-52-22 23:52:54] [INFO ] [CategoriaService:49] Se buscaron todas las categorías
[2021-52-22 23:52:54] [INFO ] [CategoriaService:31] Se busco categoría con id 3
[2021-52-22 23:52:54] [INFO ] [CategoriaService:39] Se actualizo categoría con id 3
[2021-52-22 23:52:54] [INFO ] [CategoriaService:31] Se busco categoría con id 3
[2021-52-22 23:52:54] [INFO ] [CategoriaService:44] Se elimino categoría con id 3
[2021-53-22 23:53:34] [INFO ] [CategoriaService:22] Se guardo categoría con titulo Test1
[2021-53-22 23:53:44] [INFO ] [CategoriaService:31] Se busco categoría con id 4
[2021-53-22 23:53:44] [INFO ] [CategoriaService:39] Se actualizo categoría con id 4
[2021-56-22 23:56:21] [INFO ] [CategoriaService:31] Se busco categoría con id 4
[2021-56-22 23:56:21] [INFO ] [CategoriaService:39] Se actualizo categoría con id 4
[2021-56-22 23:56:53] [INFO ] [CategoriaService:31] Se busco categoría con id 4
[2021-56-22 23:56:53] [INFO ] [CategoriaService:39] Se actualizo categoría con id 4
[2021-57-22 23:57:47] [INFO ] [CategoriaService:31] Se busco categoría con id 4
[2021-57-22 23:57:47] [INFO ] [CategoriaService:39] Se actualizo categoría con id 4
[2021-58-22 23:58:07] [INFO ] [CategoriaService:31] Se busco categoría con id 4
[2021-58-22 23:58:07] [INFO ] [CategoriaService:39] Se actualizo categoría con id 4
[2021-58-22 23:58:19] [INFO ] [CategoriaService:31] Se busco categoría con id 4
[2021-58-22 23:58:19] [INFO ] [CategoriaService:39] Se actualizo categoría con id 4
[2021-58-22 23:58:39] [INFO ] [CategoriaService:31] Se busco categoría con id 4
[2021-58-22 23:58:39] [INFO ] [CategoriaService:39] Se actualizo categoría con id 4
[2021-59-22 23:59:58] [INFO ] [CategoriaService:31] Se busco categoría con id 4
[2021-59-22 23:59:58] [INFO ] [CategoriaService:39] Se actualizo categoría con id 4
[2021-00-23 00:00:25] [INFO ] [CategoriaService:31] Se busco categoría con id 4
[2021-00-23 00:00:25] [INFO ] [CategoriaService:39] Se actualizo categoría con id 4
[2021-01-23 00:01:03] [INFO ] [CategoriaService:31] Se busco categoría con id 4
[2021-01-23 00:01:03] [INFO ] [CategoriaService:39] Se actualizo categoría con id 4
[2021-01-23 00:01:03] [INFO ] [CategoriaService:49] Se buscaron todas las categorías
[2021-01-23 00:01:15] [INFO ] [CategoriaService:31] Se busco categoría con id 4
[2021-01-23 00:01:15] [INFO ] [CategoriaService:39] Se actualizo categoría con id 4
[2021-01-23 00:01:15] [INFO ] [CategoriaService:49] Se buscaron todas las categorías
[2021-02-23 00:02:45] [INFO ] [CategoriaService:22] Se guardo categoría con titulo Test1
[2021-02-23 00:02:45] [INFO ] [CategoriaService:49] Se buscaron todas las categorías
[2021-02-23 00:02:45] [INFO ] [CategoriaService:31] Se busco categoría con id 1
[2021-02-23 00:02:45] [INFO ] [CategoriaService:39] Se actualizo categoría con id 1
[2021-02-23 00:02:45] [INFO ] [CategoriaService:49] Se buscaron todas las categorías
[2021-02-23 00:02:45] [INFO ] [CategoriaService:31] Se busco categoría con id 1
[2021-02-23 00:02:45] [INFO ] [CategoriaService:44] Se elimino categoría con id 1
[2021-02-23 00:02:55] [INFO ] [CategoriaService:22] Se guardo categoría con titulo Test1
[2021-02-23 00:02:55] [INFO ] [CategoriaService:49] Se buscaron todas las categorías
[2021-02-23 00:02:55] [INFO ] [CategoriaService:31] Se busco categoría con id 2
[2021-02-23 00:02:55] [INFO ] [CategoriaService:39] Se actualizo categoría con id 2
[2021-02-23 00:02:55] [INFO ] [CategoriaService:49] Se buscaron todas las categorías
[2021-02-23 00:02:55] [INFO ] [CategoriaService:31] Se busco categoría con id 2
[2021-02-23 00:02:55] [INFO ] [CategoriaService:44] Se elimino categoría con id 2
[2021-09-23 11:09:45] [INFO ] [CategoriaService:22] Se guardo categoría con titulo Test1
[2021-09-23 11:09:45] [INFO ] [CategoriaService:49] Se buscaron todas las categorías
[2021-09-23 11:09:46] [INFO ] [CategoriaService:31] Se busco categoría con id 3
[2021-09-23 11:09:46] [INFO ] [CategoriaService:39] Se actualizo categoría con id 3
[2021-09-23 11:09:46] [INFO ] [CategoriaService:49] Se buscaron todas las categorías
[2021-09-23 11:09:46] [INFO ] [CategoriaService:31] Se busco categoría con id 3
[2021-09-23 11:09:46] [INFO ] [CategoriaService:44] Se elimino categoría con id 3
[2021-17-26 12:17:33] [INFO ] [CategoriaService:22] Se guardo categoría con titulo Test1
[2021-17-26 12:17:34] [INFO ] [CategoriaService:49] Se buscaron todas las categorías
[2021-17-26 12:17:34] [INFO ] [CategoriaService:31] Se busco categoría con id 4
[2021-17-26 12:17:34] [INFO ] [CategoriaService:39] Se actualizo categoría con id 4
[2021-17-26 12:17:34] [INFO ] [CategoriaService:49] Se buscaron todas las categorías
[2021-17-26 12:17:34] [INFO ] [CategoriaService:31] Se busco categoría con id 4
[2021-17-26 12:17:34] [INFO ] [CategoriaService:44] Se elimino categoría con id 4
[2021-59-28 18:59:04] [INFO ] [CategoryService:28] Se guardo categoría con titulo null
[2021-59-28 18:59:04] [INFO ] [CategoryService:65] Se buscaron todas las categorías
[2021-59-28 18:59:05] [ERROR] [GlobalExceptionHandler:17] Error general [Ambiguous handler methods mapped for '/categorias/%7B%7Bid_category%7D%7D': {public org.springframework.http.ResponseEntity com.digital_booking.categorias.controller.CategoryController.findCategoryByTitle(java.lang.String) throws com.digital_booking.categorias.exceptions.ResourceNotFound, public org.springframework.http.ResponseEntity com.digital_booking.categorias.controller.CategoryController.findCategoryById(java.lang.Long) throws com.digital_booking.categorias.exceptions.ResourceNotFound}]
[2021-59-28 18:59:05] [ERROR] [GlobalExceptionHandler:17] Error general [Ambiguous handler methods mapped for '/categorias/%7B%7Btitle_category%7D%7D': {public org.springframework.http.ResponseEntity com.digital_booking.categorias.controller.CategoryController.findCategoryByTitle(java.lang.String) throws com.digital_booking.categorias.exceptions.ResourceNotFound, public org.springframework.http.ResponseEntity com.digital_booking.categorias.controller.CategoryController.findCategoryById(java.lang.Long) throws com.digital_booking.categorias.exceptions.ResourceNotFound}]
[2021-59-28 18:59:05] [ERROR] [GlobalExceptionHandler:30] Dato Inconsistente en registro [JSON parse error: Cannot deserialize value of type `java.lang.Long` from Object value (token `JsonToken.START_OBJECT`); nested exception is com.fasterxml.jackson.databind.exc.MismatchedInputException: Cannot deserialize value of type `java.lang.Long` from Object value (token `JsonToken.START_OBJECT`)
 at [Source: (PushbackInputStream); line: 2, column: 11] (through reference chain: com.digital_booking.categorias.model.Category["id"])]
[2021-59-28 18:59:05] [INFO ] [CategoryService:65] Se buscaron todas las categorías
[2021-01-28 19:01:21] [ERROR] [GlobalExceptionHandler:17] Error general [could not execute statement; SQL [n/a]; nested exception is org.hibernate.exception.DataException: could not execute statement]
[2021-01-28 19:01:22] [INFO ] [CategoryService:65] Se buscaron todas las categorías
[2021-01-28 19:01:22] [ERROR] [GlobalExceptionHandler:17] Error general [Ambiguous handler methods mapped for '/categorias/%7B%7Bid_category%7D%7D': {public org.springframework.http.ResponseEntity com.digital_booking.categorias.controller.CategoryController.findCategoryByTitle(java.lang.String) throws com.digital_booking.categorias.exceptions.ResourceNotFound, public org.springframework.http.ResponseEntity com.digital_booking.categorias.controller.CategoryController.findCategoryById(java.lang.Long) throws com.digital_booking.categorias.exceptions.ResourceNotFound}]
[2021-01-28 19:01:22] [ERROR] [GlobalExceptionHandler:17] Error general [Ambiguous handler methods mapped for '/categorias/%7B%7Btitle_category%7D%7D': {public org.springframework.http.ResponseEntity com.digital_booking.categorias.controller.CategoryController.findCategoryByTitle(java.lang.String) throws com.digital_booking.categorias.exceptions.ResourceNotFound, public org.springframework.http.ResponseEntity com.digital_booking.categorias.controller.CategoryController.findCategoryById(java.lang.Long) throws com.digital_booking.categorias.exceptions.ResourceNotFound}]
[2021-01-28 19:01:22] [ERROR] [GlobalExceptionHandler:30] Dato Inconsistente en registro [JSON parse error: Cannot deserialize value of type `java.lang.Long` from Object value (token `JsonToken.START_OBJECT`); nested exception is com.fasterxml.jackson.databind.exc.MismatchedInputException: Cannot deserialize value of type `java.lang.Long` from Object value (token `JsonToken.START_OBJECT`)
 at [Source: (PushbackInputStream); line: 2, column: 11] (through reference chain: com.digital_booking.categorias.model.Category["id"])]
[2021-01-28 19:01:22] [INFO ] [CategoryService:65] Se buscaron todas las categorías
[2021-02-28 19:02:43] [ERROR] [GlobalExceptionHandler:17] Error general [could not execute statement; SQL [n/a]; nested exception is org.hibernate.exception.DataException: could not execute statement]
[2021-05-28 19:05:15] [ERROR] [GlobalExceptionHandler:17] Error general [could not execute statement; SQL [n/a]; nested exception is org.hibernate.exception.DataException: could not execute statement]
[2021-08-28 19:08:15] [ERROR] [GlobalExceptionHandler:17] Error general [could not execute statement; SQL [n/a]; nested exception is org.hibernate.exception.DataException: could not execute statement]
[2021-10-28 19:10:50] [ERROR] [GlobalExceptionHandler:17] Error general [could not execute statement; SQL [n/a]; nested exception is org.hibernate.exception.DataException: could not execute statement]
[2021-13-28 19:13:46] [ERROR] [GlobalExceptionHandler:17] Error general [could not execute statement; SQL [n/a]; nested exception is org.hibernate.exception.DataException: could not execute statement]
[2021-17-28 19:17:46] [INFO ] [CategoryService:28] Se guardo categoría con titulo SUV
[2021-18-28 19:18:01] [INFO ] [CategoryService:65] Se buscaron todas las categorías
[2021-18-28 19:18:01] [ERROR] [GlobalExceptionHandler:17] Error general [Ambiguous handler methods mapped for '/categorias/1': {public org.springframework.http.ResponseEntity com.digital_booking.categorias.controller.CategoryController.findCategoryById(java.lang.Long) throws com.digital_booking.categorias.exceptions.ResourceNotFound, public org.springframework.http.ResponseEntity com.digital_booking.categorias.controller.CategoryController.findCategoryByTitle(java.lang.String) throws com.digital_booking.categorias.exceptions.ResourceNotFound}]
[2021-18-28 19:18:01] [ERROR] [GlobalExceptionHandler:17] Error general [Ambiguous handler methods mapped for '/categorias/SUV': {public org.springframework.http.ResponseEntity com.digital_booking.categorias.controller.CategoryController.findCategoryById(java.lang.Long) throws com.digital_booking.categorias.exceptions.ResourceNotFound, public org.springframework.http.ResponseEntity com.digital_booking.categorias.controller.CategoryController.findCategoryByTitle(java.lang.String) throws com.digital_booking.categorias.exceptions.ResourceNotFound}]
[2021-18-28 19:18:01] [INFO ] [CategoryService:37] Se busco categoría con id 1
[2021-18-28 19:18:01] [INFO ] [CategoryService:55] Se actualizo categoría con id 1
[2021-18-28 19:18:01] [INFO ] [CategoryService:65] Se buscaron todas las categorías
[2021-18-28 19:18:34] [INFO ] [CategoryService:28] Se guardo categoría con titulo SUV
[2021-18-28 19:18:34] [INFO ] [CategoryService:65] Se buscaron todas las categorías
[2021-18-28 19:18:34] [ERROR] [GlobalExceptionHandler:17] Error general [Ambiguous handler methods mapped for '/categorias/2': {public org.springframework.http.ResponseEntity com.digital_booking.categorias.controller.CategoryController.findCategoryById(java.lang.Long) throws com.digital_booking.categorias.exceptions.ResourceNotFound, public org.springframework.http.ResponseEntity com.digital_booking.categorias.controller.CategoryController.findCategoryByTitle(java.lang.String) throws com.digital_booking.categorias.exceptions.ResourceNotFound}]
[2021-18-28 19:18:34] [ERROR] [GlobalExceptionHandler:17] Error general [Ambiguous handler methods mapped for '/categorias/SUV': {public org.springframework.http.ResponseEntity com.digital_booking.categorias.controller.CategoryController.findCategoryById(java.lang.Long) throws com.digital_booking.categorias.exceptions.ResourceNotFound, public org.springframework.http.ResponseEntity com.digital_booking.categorias.controller.CategoryController.findCategoryByTitle(java.lang.String) throws com.digital_booking.categorias.exceptions.ResourceNotFound}]
[2021-18-28 19:18:34] [INFO ] [CategoryService:37] Se busco categoría con id 2
[2021-18-28 19:18:34] [INFO ] [CategoryService:55] Se actualizo categoría con id 2
[2021-18-28 19:18:34] [INFO ] [CategoryService:65] Se buscaron todas las categorías
[2021-29-28 19:29:09] [INFO ] [CategoryService:28] Se guardo categoría con titulo SUV
[2021-29-28 19:29:09] [INFO ] [CategoryService:65] Se buscaron todas las categorías
[2021-29-28 19:29:09] [INFO ] [CategoryService:37] Se busco categoría con id 3
[2021-29-28 19:29:10] [INFO ] [CategoryService:47] Se busco categoría con titulo SUV
[2021-29-28 19:29:10] [INFO ] [CategoryService:37] Se busco categoría con id 3
[2021-29-28 19:29:10] [INFO ] [CategoryService:55] Se actualizo categoría con id 3
[2021-29-28 19:29:10] [INFO ] [CategoryService:65] Se buscaron todas las categorías
[2021-38-28 19:38:21] [INFO ] [CategoryService:28] Se guardo categoría con titulo SUV
[2021-38-28 19:38:28] [INFO ] [CategoryService:65] Se buscaron todas las categorías
[2021-39-28 19:39:49] [INFO ] [CategoryService:28] Se guardo categoría con titulo SUV
[2021-40-28 19:40:00] [INFO ] [CategoryService:65] Se buscaron todas las categorías
[2021-40-28 19:40:07] [INFO ] [CategoryService:37] Se busco categoría con id 5
[2021-40-28 19:40:23] [INFO ] [CategoryService:47] Se busco categoría con titulo SUV
[2021-40-28 19:40:29] [INFO ] [CategoryService:37] Se busco categoría con id 5
[2021-40-28 19:40:29] [INFO ] [CategoryService:55] Se actualizo categoría con id 5
[2021-40-28 19:40:29] [INFO ] [CategoryService:65] Se buscaron todas las categorías
[2021-42-28 19:42:39] [INFO ] [CategoryService:28] Se guardo categoría con titulo SUV
[2021-43-28 19:43:02] [INFO ] [CategoryService:37] Se busco categoría con id 6
[2021-43-28 19:43:02] [INFO ] [CategoryService:55] Se actualizo categoría con id 6
[2021-43-28 19:43:02] [INFO ] [CategoryService:65] Se buscaron todas las categorías
[2021-46-28 19:46:33] [INFO ] [CategoryService:28] Se guardo categoría con titulo SUV
[2021-46-28 19:46:33] [INFO ] [CategoryService:65] Se buscaron todas las categorías
[2021-46-28 19:46:33] [INFO ] [CategoryService:37] Se busco categoría con id 7
[2021-46-28 19:46:34] [INFO ] [CategoryService:47] Se busco categoría con titulo SUV
[2021-46-28 19:46:34] [INFO ] [CategoryService:37] Se busco categoría con id 7
[2021-46-28 19:46:34] [INFO ] [CategoryService:55] Se actualizo categoría con id 7
[2021-46-28 19:46:34] [INFO ] [CategoryService:65] Se buscaron todas las categorías
[2021-47-28 19:47:33] [INFO ] [CategoryService:65] Se buscaron todas las categorías
[2021-49-28 19:49:51] [INFO ] [CategoryService:28] Se guardo categoría con titulo SUV
[2021-49-28 19:49:51] [INFO ] [CategoryService:65] Se buscaron todas las categorías
[2021-49-28 19:49:52] [INFO ] [CategoryService:37] Se busco categoría con id 8
[2021-49-28 19:49:52] [INFO ] [CategoryService:47] Se busco categoría con titulo SUV
[2021-49-28 19:49:52] [INFO ] [CategoryService:37] Se busco categoría con id 8
[2021-49-28 19:49:52] [INFO ] [CategoryService:55] Se actualizo categoría con id 8
[2021-49-28 19:49:52] [INFO ] [CategoryService:65] Se buscaron todas las categorías
[2021-52-28 19:52:40] [INFO ] [CategoryService:28] Se guardo categoría con titulo SUV
[2021-52-28 19:52:40] [INFO ] [CategoryService:65] Se buscaron todas las categorías
[2021-52-28 19:52:41] [INFO ] [CategoryService:37] Se busco categoría con id 9
[2021-52-28 19:52:41] [INFO ] [CategoryService:47] Se busco categoría con titulo SUV
[2021-52-28 19:52:41] [INFO ] [CategoryService:37] Se busco categoría con id 9
[2021-52-28 19:52:41] [INFO ] [CategoryService:55] Se actualizo categoría con id 9
[2021-52-28 19:52:41] [INFO ] [CategoryService:65] Se buscaron todas las categorías
[2021-54-28 19:54:20] [INFO ] [CategoryService:28] Se guardo categoría con titulo SUV
[2021-54-28 19:54:21] [INFO ] [CategoryService:65] Se buscaron todas las categorías
[2021-54-28 19:54:21] [INFO ] [CategoryService:37] Se busco categoría con id 10
[2021-54-28 19:54:21] [INFO ] [CategoryService:47] Se busco categoría con titulo SUV
[2021-54-28 19:54:21] [INFO ] [CategoryService:37] Se busco categoría con id 10
[2021-54-28 19:54:21] [INFO ] [CategoryService:55] Se actualizo categoría con id 10
[2021-54-28 19:54:21] [INFO ] [CategoryService:65] Se buscaron todas las categorías
[2021-54-28 19:54:21] [INFO ] [CategoryService:37] Se busco categoría con id 10
[2021-54-28 19:54:21] [INFO ] [CategoryService:60] Se elimino categoría con id 10
[2021-07-28 20:07:34] [INFO ] [CategoryService:28] Se guardo categoría con titulo null
[2021-09-28 20:09:11] [INFO ] [CategoryService:28] Se guardo categoría con titulo null
[2021-22-28 20:22:41] [ERROR] [GlobalExceptionHandler:17] Error general [not-null property references a null or transient value : com.digital_booking.categorias.model.Category.title; nested exception is org.hibernate.PropertyValueException: not-null property references a null or transient value : com.digital_booking.categorias.model.Category.title]
[2021-26-28 20:26:47] [ERROR] [GlobalExceptionHandler:18] Error general [not-null property references a null or transient value : com.digital_booking.categorias.model.Category.title; nested exception is org.hibernate.PropertyValueException: not-null property references a null or transient value : com.digital_booking.categorias.model.Category.title]
[2021-28-28 20:28:26] [ERROR] [GlobalExceptionHandler:37] Campos incompletos en el request
[2021-30-28 20:30:49] [INFO ] [CategoryService:28] Se guardo categoría con titulo 15
