[2021-18-12 20:18:17] [INFO ] [SpecsService:91] Se buscaron todos los specss
[2021-27-12 20:27:57] [INFO ] [SpecsService:93] Se buscaron todos los specss
[2021-27-12 20:27:58] [INFO ] [FeatureService:47] FEATURES-API SUCCESS: features con ids [1, 2, 3, 4] obtenidas
[2021-28-12 20:28:00] [INFO ] [FeatureService:47] FEATURES-API SUCCESS: features con ids [5, 6, 7, 8] obtenidas
[2021-28-12 20:28:01] [INFO ] [FeatureService:47] FEATURES-API SUCCESS: features con ids [9, 10, 11, 12] obtenidas
[2021-28-12 20:28:02] [INFO ] [FeatureService:47] FEATURES-API SUCCESS: features con ids [13, 14, 15, 16] obtenidas
[2021-28-12 20:28:03] [INFO ] [FeatureService:47] FEATURES-API SUCCESS: features con ids [17, 18, 19, 20] obtenidas
[2021-28-12 20:28:05] [INFO ] [FeatureService:47] FEATURES-API SUCCESS: features con ids [21, 22, 23, 24] obtenidas
[2021-28-12 20:28:06] [INFO ] [FeatureService:47] FEATURES-API SUCCESS: features con ids [25, 26, 27, 28] obtenidas
[2021-28-12 20:28:07] [INFO ] [FeatureService:47] FEATURES-API SUCCESS: features con ids [29, 30, 31, 32] obtenidas
[2021-28-12 20:28:08] [INFO ] [FeatureService:47] FEATURES-API SUCCESS: features con ids [33, 34, 35, 36] obtenidas
[2021-28-12 20:28:10] [INFO ] [FeatureService:47] FEATURES-API SUCCESS: features con ids [37, 38, 39, 40] obtenidas
[2021-28-12 20:28:23] [INFO ] [SpecsService:93] Se buscaron todos los specss
[2021-28-12 20:28:25] [INFO ] [FeatureService:47] FEATURES-API SUCCESS: features con ids [1, 2, 3, 4] obtenidas
[2021-28-12 20:28:26] [INFO ] [FeatureService:47] FEATURES-API SUCCESS: features con ids [5, 6, 7, 8] obtenidas
[2021-28-12 20:28:27] [INFO ] [FeatureService:47] FEATURES-API SUCCESS: features con ids [9, 10, 11, 12] obtenidas
[2021-28-12 20:28:28] [INFO ] [FeatureService:47] FEATURES-API SUCCESS: features con ids [13, 14, 15, 16] obtenidas
[2021-28-12 20:28:30] [INFO ] [FeatureService:47] FEATURES-API SUCCESS: features con ids [17, 18, 19, 20] obtenidas
[2021-28-12 20:28:31] [INFO ] [FeatureService:47] FEATURES-API SUCCESS: features con ids [21, 22, 23, 24] obtenidas
[2021-28-12 20:28:32] [INFO ] [FeatureService:47] FEATURES-API SUCCESS: features con ids [25, 26, 27, 28] obtenidas
[2021-28-12 20:28:33] [INFO ] [FeatureService:47] FEATURES-API SUCCESS: features con ids [29, 30, 31, 32] obtenidas
[2021-28-12 20:28:35] [INFO ] [FeatureService:47] FEATURES-API SUCCESS: features con ids [33, 34, 35, 36] obtenidas
[2021-28-12 20:28:36] [INFO ] [FeatureService:47] FEATURES-API SUCCESS: features con ids [37, 38, 39, 40] obtenidas
[2021-28-12 20:28:54] [INFO ] [FeatureService:47] FEATURES-API SUCCESS: features con ids [1, 2, 3, 4] obtenidas
[2021-28-12 20:28:54] [INFO ] [SpecsService:51] Se busco specs con id 1
[2021-30-12 20:30:03] [INFO ] [FeatureService:47] FEATURES-API SUCCESS: features con ids [1, 2, 3, 4] obtenidas
[2021-30-12 20:30:03] [INFO ] [SpecsService:51] Se busco specs con id 1
[2021-32-12 20:32:28] [INFO ] [FeatureService:47] FEATURES-API SUCCESS: features con ids [1, 2, 3, 4] obtenidas
[2021-32-12 20:32:28] [INFO ] [SpecsService:51] Se busco specs con id 1
[2021-32-12 20:32:33] [INFO ] [SpecsService:93] Se buscaron todos los specss
[2021-32-12 20:32:34] [INFO ] [FeatureService:47] FEATURES-API SUCCESS: features con ids [1, 2, 3, 4] obtenidas
[2021-32-12 20:32:36] [INFO ] [FeatureService:47] FEATURES-API SUCCESS: features con ids [5, 6, 7, 8] obtenidas
[2021-32-12 20:32:37] [INFO ] [FeatureService:47] FEATURES-API SUCCESS: features con ids [9, 10, 11, 12] obtenidas
[2021-32-12 20:32:38] [INFO ] [FeatureService:47] FEATURES-API SUCCESS: features con ids [13, 14, 15, 16] obtenidas
[2021-32-12 20:32:39] [INFO ] [FeatureService:47] FEATURES-API SUCCESS: features con ids [17, 18, 19, 20] obtenidas
[2021-32-12 20:32:41] [INFO ] [FeatureService:47] FEATURES-API SUCCESS: features con ids [21, 22, 23, 24] obtenidas
[2021-32-12 20:32:42] [INFO ] [FeatureService:47] FEATURES-API SUCCESS: features con ids [25, 26, 27, 28] obtenidas
[2021-32-12 20:32:43] [INFO ] [FeatureService:47] FEATURES-API SUCCESS: features con ids [29, 30, 31, 32] obtenidas
[2021-32-12 20:32:44] [INFO ] [FeatureService:47] FEATURES-API SUCCESS: features con ids [33, 34, 35, 36] obtenidas
[2021-32-12 20:32:45] [INFO ] [FeatureService:47] FEATURES-API SUCCESS: features con ids [37, 38, 39, 40] obtenidas
[2021-20-12 21:20:03] [INFO ] [FeatureService:47] FEATURES-API SUCCESS: features con ids [1, 2, 3, 4] obtenidas
[2021-20-12 21:20:03] [INFO ] [SpecsService:51] Se busco specs con id 1
[2021-20-12 21:20:11] [INFO ] [SpecsService:93] Se buscaron todos los specss
[2021-20-12 21:20:12] [INFO ] [FeatureService:47] FEATURES-API SUCCESS: features con ids [1, 2, 3, 4] obtenidas
[2021-20-12 21:20:13] [INFO ] [FeatureService:47] FEATURES-API SUCCESS: features con ids [5, 6, 7, 8] obtenidas
[2021-20-12 21:20:15] [INFO ] [FeatureService:47] FEATURES-API SUCCESS: features con ids [9, 10, 11, 12] obtenidas
[2021-20-12 21:20:16] [INFO ] [FeatureService:47] FEATURES-API SUCCESS: features con ids [13, 14, 15, 16] obtenidas
[2021-20-12 21:20:17] [INFO ] [FeatureService:47] FEATURES-API SUCCESS: features con ids [17, 18, 19, 20] obtenidas
[2021-20-12 21:20:18] [INFO ] [FeatureService:47] FEATURES-API SUCCESS: features con ids [21, 22, 23, 24] obtenidas
[2021-20-12 21:20:20] [INFO ] [FeatureService:47] FEATURES-API SUCCESS: features con ids [25, 26, 27, 28] obtenidas
[2021-20-12 21:20:21] [INFO ] [FeatureService:47] FEATURES-API SUCCESS: features con ids [29, 30, 31, 32] obtenidas
[2021-20-12 21:20:22] [INFO ] [FeatureService:47] FEATURES-API SUCCESS: features con ids [33, 34, 35, 36] obtenidas
[2021-20-12 21:20:23] [INFO ] [FeatureService:47] FEATURES-API SUCCESS: features con ids [37, 38, 39, 40] obtenidas
[2021-21-12 21:21:03] [INFO ] [FeatureService:47] FEATURES-API SUCCESS: features con ids [1, 2, 3, 4] obtenidas
[2021-21-12 21:21:03] [INFO ] [SpecsService:51] Se busco specs con id 1
[2021-21-12 21:21:12] [INFO ] [SpecsService:93] Se buscaron todos los specss
[2021-21-12 21:21:12] [INFO ] [FeatureService:47] FEATURES-API SUCCESS: features con ids [1, 2, 3, 4] obtenidas
[2021-21-12 21:21:13] [INFO ] [FeatureService:47] FEATURES-API SUCCESS: features con ids [5, 6, 7, 8] obtenidas
[2021-21-12 21:21:13] [INFO ] [FeatureService:47] FEATURES-API SUCCESS: features con ids [9, 10, 11, 12] obtenidas
[2021-21-12 21:21:14] [INFO ] [FeatureService:47] FEATURES-API SUCCESS: features con ids [13, 14, 15, 16] obtenidas
[2021-21-12 21:21:14] [INFO ] [FeatureService:47] FEATURES-API SUCCESS: features con ids [17, 18, 19, 20] obtenidas
[2021-21-12 21:21:15] [INFO ] [FeatureService:47] FEATURES-API SUCCESS: features con ids [21, 22, 23, 24] obtenidas
[2021-21-12 21:21:15] [INFO ] [FeatureService:47] FEATURES-API SUCCESS: features con ids [25, 26, 27, 28] obtenidas
[2021-21-12 21:21:16] [INFO ] [SpecsService:93] Se buscaron todos los specss
[2021-21-12 21:21:16] [INFO ] [FeatureService:47] FEATURES-API SUCCESS: features con ids [29, 30, 31, 32] obtenidas
[2021-21-12 21:21:16] [INFO ] [FeatureService:47] FEATURES-API SUCCESS: features con ids [1, 2, 3, 4] obtenidas
[2021-21-12 21:21:17] [INFO ] [FeatureService:47] FEATURES-API SUCCESS: features con ids [33, 34, 35, 36] obtenidas
[2021-21-12 21:21:17] [INFO ] [FeatureService:47] FEATURES-API SUCCESS: features con ids [5, 6, 7, 8] obtenidas
[2021-21-12 21:21:17] [INFO ] [FeatureService:47] FEATURES-API SUCCESS: features con ids [37, 38, 39, 40] obtenidas
[2021-21-12 21:21:17] [INFO ] [FeatureService:47] FEATURES-API SUCCESS: features con ids [9, 10, 11, 12] obtenidas
[2021-21-12 21:21:18] [INFO ] [FeatureService:47] FEATURES-API SUCCESS: features con ids [13, 14, 15, 16] obtenidas
[2021-21-12 21:21:18] [INFO ] [FeatureService:47] FEATURES-API SUCCESS: features con ids [17, 18, 19, 20] obtenidas
[2021-21-12 21:21:19] [INFO ] [FeatureService:47] FEATURES-API SUCCESS: features con ids [21, 22, 23, 24] obtenidas
[2021-21-12 21:21:20] [INFO ] [FeatureService:47] FEATURES-API SUCCESS: features con ids [25, 26, 27, 28] obtenidas
[2021-21-12 21:21:20] [INFO ] [FeatureService:47] FEATURES-API SUCCESS: features con ids [29, 30, 31, 32] obtenidas
[2021-21-12 21:21:21] [INFO ] [FeatureService:47] FEATURES-API SUCCESS: features con ids [33, 34, 35, 36] obtenidas
[2021-21-12 21:21:21] [INFO ] [FeatureService:47] FEATURES-API SUCCESS: features con ids [37, 38, 39, 40] obtenidas
[2021-21-12 21:21:51] [INFO ] [FeatureService:47] FEATURES-API SUCCESS: features con ids [17, 18, 19, 20] obtenidas
[2021-21-12 21:21:51] [INFO ] [SpecsService:51] Se busco specs con id 5
[2021-24-12 21:24:45] [INFO ] [SpecsService:93] Se buscaron todos los specss
[2021-24-12 21:24:46] [INFO ] [FeatureService:47] FEATURES-API SUCCESS: features con ids [1, 2, 3, 4] obtenidas
[2021-24-12 21:24:47] [INFO ] [FeatureService:47] FEATURES-API SUCCESS: features con ids [5, 6, 7, 8] obtenidas
[2021-24-12 21:24:47] [INFO ] [FeatureService:47] FEATURES-API SUCCESS: features con ids [9, 10, 11, 12] obtenidas
[2021-24-12 21:24:48] [INFO ] [FeatureService:47] FEATURES-API SUCCESS: features con ids [13, 14, 15, 16] obtenidas
[2021-24-12 21:24:48] [INFO ] [FeatureService:47] FEATURES-API SUCCESS: features con ids [17, 18, 19, 20] obtenidas
[2021-24-12 21:24:49] [INFO ] [FeatureService:47] FEATURES-API SUCCESS: features con ids [21, 22, 23, 24] obtenidas
[2021-24-12 21:24:50] [INFO ] [FeatureService:47] FEATURES-API SUCCESS: features con ids [25, 26, 27, 28] obtenidas
[2021-24-12 21:24:50] [INFO ] [FeatureService:47] FEATURES-API SUCCESS: features con ids [29, 30, 31, 32] obtenidas
[2021-24-12 21:24:51] [INFO ] [FeatureService:47] FEATURES-API SUCCESS: features con ids [33, 34, 35, 36] obtenidas
[2021-24-12 21:24:52] [INFO ] [FeatureService:47] FEATURES-API SUCCESS: features con ids [37, 38, 39, 40] obtenidas
[2021-46-12 21:46:16] [INFO ] [SpecsService:93] Se buscaron todos los specss
[2021-46-12 21:46:17] [ERROR] [FeatureService:50] FEATURES-API FAIL: [500] during [POST] to [http://localhost:9004/features/find/Ids] [FeatureFeignClient#findFeaturesByIds(Collection)]: [{"timestamp":"2021-11-13T02:46:17.527+00:00","status":500,"error":"Internal Server Error","path":"/features/find/Ids"}]
[2021-46-12 21:46:46] [ERROR] [FeatureService:50] FEATURES-API FAIL: [500] during [POST] to [http://localhost:9004/features/find/Ids] [FeatureFeignClient#findFeaturesByIds(Collection)]: [{"timestamp":"2021-11-13T02:46:46.768+00:00","status":500,"error":"Internal Server Error","path":"/features/find/Ids"}]
[2021-48-12 21:48:44] [INFO ] [SpecsService:93] Se buscaron todos los specss
[2021-48-12 21:48:45] [ERROR] [FeatureService:50] FEATURES-API FAIL: [500] during [POST] to [http://localhost:9004/features/find/Ids] [FeatureFeignClient#findFeaturesByIds(Collection)]: [{"timestamp":"2021-11-13T02:48:45.916+00:00","status":500,"error":"Internal Server Error","path":"/features/find/Ids"}]
[2021-52-12 21:52:04] [INFO ] [SpecsService:93] Se buscaron todos los specss
[2021-52-12 21:52:04] [ERROR] [FeatureService:50] FEATURES-API FAIL: [500] during [POST] to [http://localhost:9004/features/find/Ids] [FeatureFeignClient#findFeaturesByIds(Collection)]: [{"timestamp":"2021-11-13T02:52:04.814+00:00","status":500,"error":"Internal Server Error","path":"/features/find/Ids"}]
[2021-52-12 21:52:43] [INFO ] [SpecsService:93] Se buscaron todos los specss
[2021-52-12 21:52:44] [ERROR] [FeatureService:50] FEATURES-API FAIL: [500] during [POST] to [http://localhost:9004/features/find/Ids] [FeatureFeignClient#findFeaturesByIds(Collection)]: [{"timestamp":"2021-11-13T02:52:44.581+00:00","status":500,"error":"Internal Server Error","path":"/features/find/Ids"}]
[2021-56-12 21:56:35] [INFO ] [SpecsService:93] Se buscaron todos los specss
[2021-56-12 21:56:36] [ERROR] [FeatureService:50] FEATURES-API FAIL: [500] during [POST] to [http://localhost:9004/features/find/Ids] [FeatureFeignClient#findFeaturesByIds(Collection)]: [{"timestamp":"2021-11-13T02:56:36.511+00:00","status":500,"error":"Internal Server Error","path":"/features/find/Ids"}]
[2021-57-12 21:57:52] [INFO ] [SpecsService:93] Se buscaron todos los specss
[2021-57-12 21:57:53] [ERROR] [FeatureService:50] FEATURES-API FAIL: [500] during [POST] to [http://localhost:9004/features/find/Ids] [FeatureFeignClient#findFeaturesByIds(Collection)]: [{"timestamp":"2021-11-13T02:57:53.048+00:00","status":500,"error":"Internal Server Error","path":"/features/find/Ids"}]
[2021-00-12 22:00:30] [INFO ] [SpecsService:93] Se buscaron todos los specss
[2021-00-12 22:00:31] [ERROR] [FeatureService:50] FEATURES-API FAIL: [500] during [POST] to [http://localhost:9004/features/find/Ids] [FeatureFeignClient#findFeaturesByIds(Collection)]: [{"timestamp":"2021-11-13T03:00:31.008+00:00","status":500,"error":"Internal Server Error","path":"/features/find/Ids"}]
[2021-08-12 22:08:32] [INFO ] [SpecsService:93] Se buscaron todos los specss
[2021-09-12 22:09:02] [ERROR] [FeatureService:50] FEATURES-API FAIL: [500] during [POST] to [http://localhost:9004/features/find/Ids] [FeatureFeignClient#findFeaturesByIds(Collection)]: [{"timestamp":"2021-11-13T03:09:02.236+00:00","status":500,"error":"Internal Server Error","path":"/features/find/Ids"}]
[2021-13-12 22:13:05] [INFO ] [SpecsService:93] Se buscaron todos los specs
[2021-13-12 22:13:06] [ERROR] [FeatureService:50] FEATURES-API FAIL: [500] during [POST] to [http://localhost:9004/features/find/Ids] [FeatureFeignClient#findFeaturesByIds(Collection)]: [{"timestamp":"2021-11-13T03:13:06.536+00:00","status":500,"error":"Internal Server Error","path":"/features/find/Ids"}]
[2021-16-12 22:16:17] [INFO ] [SpecsService:93] Se buscaron todos los specs
[2021-16-12 22:16:17] [ERROR] [FeatureService:50] FEATURES-API FAIL: [405] during [POST] to [http://localhost:9004/features/find/ids] [FeatureFeignClient#findFeaturesByIds(Collection)]: [{"timestamp":"2021-11-13T03:16:17.812+00:00","status":405,"error":"Method Not Allowed","path":"/features/find/ids"}]
[2021-16-12 22:16:25] [INFO ] [SpecsService:93] Se buscaron todos los specs
[2021-16-12 22:16:25] [ERROR] [FeatureService:50] FEATURES-API FAIL: [405] during [POST] to [http://localhost:9004/features/find/ids] [FeatureFeignClient#findFeaturesByIds(Collection)]: [{"timestamp":"2021-11-13T03:16:25.645+00:00","status":405,"error":"Method Not Allowed","path":"/features/find/ids"}]
[2021-17-12 22:17:13] [INFO ] [SpecsService:93] Se buscaron todos los specs
[2021-17-12 22:17:14] [ERROR] [FeatureService:50] FEATURES-API FAIL: [405] during [POST] to [http://localhost:9004/features/find/ids] [FeatureFeignClient#findFeaturesByIds(Collection)]: [{"timestamp":"2021-11-13T03:17:14.049+00:00","status":405,"error":"Method Not Allowed","path":"/features/find/ids"}]
[2021-18-12 22:18:37] [INFO ] [SpecsService:93] Se buscaron todos los specs
[2021-18-12 22:18:37] [ERROR] [FeatureService:50] FEATURES-API FAIL: [405] during [POST] to [http://localhost:9004/features/find/ids] [FeatureFeignClient#findFeaturesByIds(Collection)]: [{"timestamp":"2021-11-13T03:18:37.347+00:00","status":405,"error":"Method Not Allowed","path":"/features/find/ids"}]
[2021-19-12 22:19:15] [INFO ] [SpecsService:93] Se buscaron todos los specs
[2021-19-12 22:19:15] [ERROR] [FeatureService:50] FEATURES-API FAIL: [405] during [POST] to [http://localhost:9004/features/find/ids] [FeatureFeignClient#findFeaturesByIds(Collection)]: [{"timestamp":"2021-11-13T03:19:15.246+00:00","status":405,"error":"Method Not Allowed","path":"/features/find/ids"}]
[2021-19-12 22:19:47] [INFO ] [SpecsService:93] Se buscaron todos los specs
[2021-19-12 22:19:48] [INFO ] [FeatureService:47] FEATURES-API SUCCESS: features con ids [1, 2, 3, 4] obtenidas
[2021-19-12 22:19:48] [INFO ] [FeatureService:47] FEATURES-API SUCCESS: features con ids [5, 6, 7, 8] obtenidas
[2021-19-12 22:19:49] [INFO ] [FeatureService:47] FEATURES-API SUCCESS: features con ids [9, 10, 11, 12] obtenidas
[2021-19-12 22:19:50] [INFO ] [FeatureService:47] FEATURES-API SUCCESS: features con ids [13, 14, 15, 16] obtenidas
[2021-19-12 22:19:50] [INFO ] [FeatureService:47] FEATURES-API SUCCESS: features con ids [17, 18, 19, 20] obtenidas
[2021-19-12 22:19:51] [INFO ] [FeatureService:47] FEATURES-API SUCCESS: features con ids [21, 22, 23, 24] obtenidas
[2021-19-12 22:19:51] [INFO ] [FeatureService:47] FEATURES-API SUCCESS: features con ids [25, 26, 27, 28] obtenidas
[2021-19-12 22:19:52] [INFO ] [FeatureService:47] FEATURES-API SUCCESS: features con ids [29, 30, 31, 32] obtenidas
[2021-19-12 22:19:52] [INFO ] [FeatureService:47] FEATURES-API SUCCESS: features con ids [33, 34, 35, 36] obtenidas
[2021-19-12 22:19:53] [INFO ] [FeatureService:47] FEATURES-API SUCCESS: features con ids [37, 38, 39, 40] obtenidas
[2021-19-12 22:19:59] [INFO ] [SpecsService:93] Se buscaron todos los specs
[2021-20-12 22:20:00] [INFO ] [FeatureService:47] FEATURES-API SUCCESS: features con ids [1, 2, 3, 4] obtenidas
[2021-20-12 22:20:00] [INFO ] [FeatureService:47] FEATURES-API SUCCESS: features con ids [5, 6, 7, 8] obtenidas
[2021-20-12 22:20:01] [INFO ] [FeatureService:47] FEATURES-API SUCCESS: features con ids [9, 10, 11, 12] obtenidas
[2021-20-12 22:20:02] [INFO ] [FeatureService:47] FEATURES-API SUCCESS: features con ids [13, 14, 15, 16] obtenidas
[2021-20-12 22:20:02] [INFO ] [FeatureService:47] FEATURES-API SUCCESS: features con ids [17, 18, 19, 20] obtenidas
[2021-20-12 22:20:03] [INFO ] [FeatureService:47] FEATURES-API SUCCESS: features con ids [21, 22, 23, 24] obtenidas
[2021-20-12 22:20:03] [INFO ] [FeatureService:47] FEATURES-API SUCCESS: features con ids [25, 26, 27, 28] obtenidas
[2021-20-12 22:20:04] [INFO ] [FeatureService:47] FEATURES-API SUCCESS: features con ids [29, 30, 31, 32] obtenidas
[2021-20-12 22:20:04] [INFO ] [FeatureService:47] FEATURES-API SUCCESS: features con ids [33, 34, 35, 36] obtenidas
[2021-20-12 22:20:05] [INFO ] [FeatureService:47] FEATURES-API SUCCESS: features con ids [37, 38, 39, 40] obtenidas
[2021-33-13 13:33:01] [INFO ] [SpecsService:96] Se buscaron todos los specs
[2021-33-13 13:33:02] [INFO ] [FeatureService:75] FEATURES-API SUCCESS: features con ids [1, 2, 3, 4] obtenidas
[2021-33-13 13:33:02] [INFO ] [FeatureService:75] FEATURES-API SUCCESS: features con ids [5, 6, 7, 8] obtenidas
[2021-33-13 13:33:03] [INFO ] [FeatureService:75] FEATURES-API SUCCESS: features con ids [9, 10, 11, 12] obtenidas
[2021-33-13 13:33:03] [INFO ] [FeatureService:75] FEATURES-API SUCCESS: features con ids [13, 14, 15, 16] obtenidas
[2021-33-13 13:33:04] [INFO ] [FeatureService:75] FEATURES-API SUCCESS: features con ids [17, 18, 19, 20] obtenidas
[2021-33-13 13:33:04] [INFO ] [FeatureService:75] FEATURES-API SUCCESS: features con ids [21, 22, 23, 24] obtenidas
[2021-33-13 13:33:05] [INFO ] [FeatureService:75] FEATURES-API SUCCESS: features con ids [25, 26, 27, 28] obtenidas
[2021-33-13 13:33:05] [INFO ] [FeatureService:75] FEATURES-API SUCCESS: features con ids [29, 30, 31, 32] obtenidas
[2021-33-13 13:33:06] [INFO ] [FeatureService:75] FEATURES-API SUCCESS: features con ids [33, 34, 35, 36] obtenidas
[2021-33-13 13:33:06] [INFO ] [FeatureService:75] FEATURES-API SUCCESS: features con ids [37, 38, 39, 40] obtenidas
[2021-33-13 13:33:32] [INFO ] [SpecsService:96] Se buscaron todos los specs
[2021-33-13 13:33:33] [INFO ] [FeatureService:75] FEATURES-API SUCCESS: features con ids [1, 2, 3, 4] obtenidas
[2021-33-13 13:33:33] [INFO ] [FeatureService:75] FEATURES-API SUCCESS: features con ids [5, 6, 7, 8] obtenidas
[2021-33-13 13:33:34] [INFO ] [FeatureService:75] FEATURES-API SUCCESS: features con ids [9, 10, 11, 12] obtenidas
[2021-33-13 13:33:35] [INFO ] [FeatureService:75] FEATURES-API SUCCESS: features con ids [13, 14, 15, 16] obtenidas
[2021-33-13 13:33:35] [INFO ] [FeatureService:75] FEATURES-API SUCCESS: features con ids [17, 18, 19, 20] obtenidas
[2021-33-13 13:33:36] [INFO ] [FeatureService:75] FEATURES-API SUCCESS: features con ids [21, 22, 23, 24] obtenidas
[2021-33-13 13:33:36] [INFO ] [FeatureService:75] FEATURES-API SUCCESS: features con ids [25, 26, 27, 28] obtenidas
[2021-33-13 13:33:37] [INFO ] [FeatureService:75] FEATURES-API SUCCESS: features con ids [29, 30, 31, 32] obtenidas
[2021-33-13 13:33:37] [INFO ] [FeatureService:75] FEATURES-API SUCCESS: features con ids [33, 34, 35, 36] obtenidas
[2021-33-13 13:33:38] [INFO ] [FeatureService:75] FEATURES-API SUCCESS: features con ids [37, 38, 39, 40] obtenidas
[2021-34-13 13:34:23] [ERROR] [GlobalExceptionHandler:24] Error en búsqueda [No se encontró specs con id 25]
[2021-34-13 13:34:39] [INFO ] [FeatureService:75] FEATURES-API SUCCESS: features con ids [17, 18, 19, 20] obtenidas
[2021-34-13 13:34:39] [INFO ] [SpecsService:50] Se busco specs con id 5
[2021-34-13 13:34:58] [INFO ] [FeatureService:75] FEATURES-API SUCCESS: features con ids [25, 26, 27, 28] obtenidas
[2021-34-13 13:34:58] [INFO ] [SpecsService:50] Se busco specs con id 7
[2021-52-13 14:52:58] [INFO ] [SpecsService:96] Se buscaron todos los specs
[2021-52-13 14:52:59] [INFO ] [FeatureService:75] FEATURES-API SUCCESS: features con ids [1, 2, 3, 4] obtenidas
[2021-53-13 14:53:00] [INFO ] [FeatureService:75] FEATURES-API SUCCESS: features con ids [5, 6, 7, 8] obtenidas
[2021-53-13 14:53:01] [INFO ] [FeatureService:75] FEATURES-API SUCCESS: features con ids [9, 10, 11, 12] obtenidas
[2021-53-13 14:53:01] [INFO ] [FeatureService:75] FEATURES-API SUCCESS: features con ids [13, 14, 15, 16] obtenidas
[2021-53-13 14:53:02] [INFO ] [FeatureService:75] FEATURES-API SUCCESS: features con ids [17, 18, 19, 20] obtenidas
[2021-53-13 14:53:02] [INFO ] [FeatureService:75] FEATURES-API SUCCESS: features con ids [21, 22, 23, 24] obtenidas
[2021-53-13 14:53:02] [INFO ] [SpecsService:96] Se buscaron todos los specs
[2021-53-13 14:53:03] [INFO ] [FeatureService:75] FEATURES-API SUCCESS: features con ids [25, 26, 27, 28] obtenidas
[2021-53-13 14:53:03] [INFO ] [FeatureService:75] FEATURES-API SUCCESS: features con ids [1, 2, 3, 4] obtenidas
[2021-53-13 14:53:03] [INFO ] [FeatureService:75] FEATURES-API SUCCESS: features con ids [29, 30, 31, 32] obtenidas
[2021-53-13 14:53:03] [INFO ] [FeatureService:75] FEATURES-API SUCCESS: features con ids [5, 6, 7, 8] obtenidas
[2021-53-13 14:53:04] [INFO ] [FeatureService:75] FEATURES-API SUCCESS: features con ids [33, 34, 35, 36] obtenidas
[2021-53-13 14:53:04] [INFO ] [FeatureService:75] FEATURES-API SUCCESS: features con ids [9, 10, 11, 12] obtenidas
[2021-53-13 14:53:04] [INFO ] [FeatureService:75] FEATURES-API SUCCESS: features con ids [37, 38, 39, 40] obtenidas
[2021-53-13 14:53:05] [INFO ] [FeatureService:75] FEATURES-API SUCCESS: features con ids [13, 14, 15, 16] obtenidas
[2021-53-13 14:53:05] [INFO ] [FeatureService:75] FEATURES-API SUCCESS: features con ids [17, 18, 19, 20] obtenidas
[2021-53-13 14:53:06] [INFO ] [FeatureService:75] FEATURES-API SUCCESS: features con ids [21, 22, 23, 24] obtenidas
[2021-53-13 14:53:06] [INFO ] [FeatureService:75] FEATURES-API SUCCESS: features con ids [25, 26, 27, 28] obtenidas
[2021-53-13 14:53:07] [INFO ] [FeatureService:75] FEATURES-API SUCCESS: features con ids [29, 30, 31, 32] obtenidas
[2021-53-13 14:53:08] [INFO ] [FeatureService:75] FEATURES-API SUCCESS: features con ids [33, 34, 35, 36] obtenidas
[2021-53-13 14:53:08] [INFO ] [FeatureService:75] FEATURES-API SUCCESS: features con ids [37, 38, 39, 40] obtenidas
[2021-07-13 15:07:49] [INFO ] [SpecsService:96] Se buscaron todos los specs
[2021-07-13 15:07:50] [INFO ] [FeatureService:75] FEATURES-API SUCCESS: features con ids [1, 2, 3, 4] obtenidas
[2021-07-13 15:07:50] [INFO ] [FeatureService:75] FEATURES-API SUCCESS: features con ids [5, 6, 7, 8] obtenidas
[2021-07-13 15:07:51] [INFO ] [FeatureService:75] FEATURES-API SUCCESS: features con ids [9, 10, 11, 12] obtenidas
[2021-07-13 15:07:51] [INFO ] [FeatureService:75] FEATURES-API SUCCESS: features con ids [13, 14, 15, 16] obtenidas
[2021-07-13 15:07:52] [INFO ] [FeatureService:75] FEATURES-API SUCCESS: features con ids [17, 18, 19, 20] obtenidas
[2021-07-13 15:07:52] [INFO ] [FeatureService:75] FEATURES-API SUCCESS: features con ids [21, 22, 23, 24] obtenidas
[2021-07-13 15:07:53] [INFO ] [FeatureService:75] FEATURES-API SUCCESS: features con ids [25, 26, 27, 28] obtenidas
[2021-07-13 15:07:54] [INFO ] [FeatureService:75] FEATURES-API SUCCESS: features con ids [29, 30, 31, 32] obtenidas
[2021-07-13 15:07:54] [INFO ] [FeatureService:75] FEATURES-API SUCCESS: features con ids [33, 34, 35, 36] obtenidas
[2021-07-13 15:07:55] [INFO ] [FeatureService:75] FEATURES-API SUCCESS: features con ids [37, 38, 39, 40] obtenidas
[2021-09-13 15:09:07] [INFO ] [SpecsService:96] Se buscaron todos los specs
[2021-09-13 15:09:08] [INFO ] [FeatureService:75] FEATURES-API SUCCESS: features con ids [1, 2, 3, 4] obtenidas
[2021-09-13 15:09:08] [INFO ] [FeatureService:75] FEATURES-API SUCCESS: features con ids [5, 6, 7, 8] obtenidas
[2021-09-13 15:09:09] [INFO ] [FeatureService:75] FEATURES-API SUCCESS: features con ids [9, 10, 11, 12] obtenidas
[2021-09-13 15:09:10] [INFO ] [FeatureService:75] FEATURES-API SUCCESS: features con ids [13, 14, 15, 16] obtenidas
[2021-09-13 15:09:10] [INFO ] [FeatureService:75] FEATURES-API SUCCESS: features con ids [17, 18, 19, 20] obtenidas
[2021-09-13 15:09:11] [INFO ] [FeatureService:75] FEATURES-API SUCCESS: features con ids [21, 22, 23, 24] obtenidas
[2021-09-13 15:09:11] [INFO ] [FeatureService:75] FEATURES-API SUCCESS: features con ids [25, 26, 27, 28] obtenidas
[2021-09-13 15:09:12] [INFO ] [FeatureService:75] FEATURES-API SUCCESS: features con ids [29, 30, 31, 32] obtenidas
[2021-09-13 15:09:12] [INFO ] [FeatureService:75] FEATURES-API SUCCESS: features con ids [33, 34, 35, 36] obtenidas
[2021-09-13 15:09:13] [INFO ] [FeatureService:75] FEATURES-API SUCCESS: features con ids [37, 38, 39, 40] obtenidas
[2021-14-13 15:14:55] [INFO ] [SpecsService:96] Se buscaron todos los specs
[2021-14-13 15:14:56] [INFO ] [FeatureService:75] FEATURES-API SUCCESS: features con ids [1, 2, 3, 4] obtenidas
[2021-14-13 15:14:56] [INFO ] [FeatureService:75] FEATURES-API SUCCESS: features con ids [5, 6, 7, 8] obtenidas
[2021-14-13 15:14:57] [INFO ] [FeatureService:75] FEATURES-API SUCCESS: features con ids [9, 10, 11, 12] obtenidas
[2021-14-13 15:14:58] [INFO ] [FeatureService:75] FEATURES-API SUCCESS: features con ids [13, 14, 15, 16] obtenidas
[2021-14-13 15:14:58] [INFO ] [FeatureService:75] FEATURES-API SUCCESS: features con ids [17, 18, 19, 20] obtenidas
[2021-14-13 15:14:59] [INFO ] [FeatureService:75] FEATURES-API SUCCESS: features con ids [21, 22, 23, 24] obtenidas
[2021-14-13 15:14:59] [INFO ] [FeatureService:75] FEATURES-API SUCCESS: features con ids [25, 26, 27, 28] obtenidas
[2021-15-13 15:15:00] [INFO ] [FeatureService:75] FEATURES-API SUCCESS: features con ids [29, 30, 31, 32] obtenidas
[2021-15-13 15:15:00] [INFO ] [FeatureService:75] FEATURES-API SUCCESS: features con ids [33, 34, 35, 36] obtenidas
[2021-15-13 15:15:01] [INFO ] [FeatureService:75] FEATURES-API SUCCESS: features con ids [37, 38, 39, 40] obtenidas
[2021-16-13 15:16:35] [INFO ] [FeatureService:27] FEATURES-API SUCCESS: featureenginePower: 284 HP guardada
[2021-16-13 15:16:36] [INFO ] [FeatureService:27] FEATURES-API SUCCESS: featureairConditioning: true guardada
[2021-16-13 15:16:37] [INFO ] [FeatureService:27] FEATURES-API SUCCESS: featureseats: 2 guardada
[2021-16-13 15:16:38] [INFO ] [FeatureService:27] FEATURES-API SUCCESS: featurecombustible: Gasoline guardada
[2021-16-13 15:16:39] [INFO ] [SpecsService:36] Se guardaron las specs con Id null
[2021-16-13 15:16:40] [INFO ] [FeatureService:75] FEATURES-API SUCCESS: features con ids [47, 48, 49, 50] obtenidas
[2021-16-13 15:16:40] [INFO ] [SpecsService:50] Se busco specs con id 11
[2021-16-13 15:16:41] [INFO ] [SpecsService:96] Se buscaron todos los specs
[2021-16-13 15:16:41] [INFO ] [FeatureService:75] FEATURES-API SUCCESS: features con ids [1, 2, 3, 4] obtenidas
[2021-16-13 15:16:42] [INFO ] [FeatureService:75] FEATURES-API SUCCESS: features con ids [5, 6, 7, 8] obtenidas
[2021-16-13 15:16:42] [INFO ] [FeatureService:75] FEATURES-API SUCCESS: features con ids [9, 10, 11, 12] obtenidas
[2021-16-13 15:16:43] [INFO ] [FeatureService:75] FEATURES-API SUCCESS: features con ids [13, 14, 15, 16] obtenidas
[2021-16-13 15:16:43] [INFO ] [FeatureService:75] FEATURES-API SUCCESS: features con ids [17, 18, 19, 20] obtenidas
[2021-16-13 15:16:44] [INFO ] [FeatureService:75] FEATURES-API SUCCESS: features con ids [21, 22, 23, 24] obtenidas
[2021-16-13 15:16:45] [INFO ] [FeatureService:75] FEATURES-API SUCCESS: features con ids [25, 26, 27, 28] obtenidas
[2021-16-13 15:16:45] [INFO ] [FeatureService:75] FEATURES-API SUCCESS: features con ids [29, 30, 31, 32] obtenidas
[2021-16-13 15:16:46] [INFO ] [FeatureService:75] FEATURES-API SUCCESS: features con ids [33, 34, 35, 36] obtenidas
[2021-16-13 15:16:46] [INFO ] [FeatureService:75] FEATURES-API SUCCESS: features con ids [37, 38, 39, 40] obtenidas
[2021-16-13 15:16:47] [INFO ] [FeatureService:75] FEATURES-API SUCCESS: features con ids [47, 48, 49, 50] obtenidas
[2021-16-13 15:16:48] [INFO ] [FeatureService:75] FEATURES-API SUCCESS: features con ids [47, 48, 49, 50] obtenidas
[2021-16-13 15:16:48] [INFO ] [SpecsService:50] Se busco specs con id 11
[2021-16-13 15:16:51] [INFO ] [FeatureService:53] FEATURES-API SUCCESS: features con ids[47, 48, 49, 50] actualizadas
[2021-16-13 15:16:51] [INFO ] [SpecsService:78] Se actualizo specs con id 11
[2021-16-13 15:16:53] [INFO ] [FeatureService:75] FEATURES-API SUCCESS: features con ids [47, 48, 49, 50] obtenidas
[2021-16-13 15:16:53] [INFO ] [SpecsService:50] Se busco specs con id 11
[2021-16-13 15:16:54] [INFO ] [FeatureService:86] FEATURES-API SUCCESS: features con ids [47, 48, 49, 50] eliminados
[2021-16-13 15:16:54] [INFO ] [SpecsService:88] Se elimino specs con id 11
[2021-17-13 15:17:54] [INFO ] [FeatureService:27] FEATURES-API SUCCESS: featureenginePower: 284 HP guardada
[2021-17-13 15:17:55] [INFO ] [FeatureService:27] FEATURES-API SUCCESS: featureairConditioning: true guardada
[2021-17-13 15:17:56] [INFO ] [FeatureService:27] FEATURES-API SUCCESS: featureseats: 2 guardada
[2021-17-13 15:17:57] [INFO ] [FeatureService:27] FEATURES-API SUCCESS: featurecombustible: Gasoline guardada
[2021-17-13 15:17:57] [INFO ] [SpecsService:36] Se guardaron las specs con Id null
[2021-17-13 15:17:59] [INFO ] [FeatureService:75] FEATURES-API SUCCESS: features con ids [51, 52, 53, 54] obtenidas
[2021-17-13 15:17:59] [INFO ] [SpecsService:50] Se busco specs con id 12
[2021-17-13 15:17:59] [INFO ] [SpecsService:96] Se buscaron todos los specs
[2021-18-13 15:18:00] [INFO ] [FeatureService:75] FEATURES-API SUCCESS: features con ids [1, 2, 3, 4] obtenidas
[2021-18-13 15:18:01] [INFO ] [FeatureService:75] FEATURES-API SUCCESS: features con ids [5, 6, 7, 8] obtenidas
[2021-18-13 15:18:01] [INFO ] [FeatureService:75] FEATURES-API SUCCESS: features con ids [9, 10, 11, 12] obtenidas
[2021-18-13 15:18:02] [INFO ] [FeatureService:75] FEATURES-API SUCCESS: features con ids [13, 14, 15, 16] obtenidas
[2021-18-13 15:18:02] [INFO ] [FeatureService:75] FEATURES-API SUCCESS: features con ids [17, 18, 19, 20] obtenidas
[2021-18-13 15:18:03] [INFO ] [FeatureService:75] FEATURES-API SUCCESS: features con ids [21, 22, 23, 24] obtenidas
[2021-18-13 15:18:04] [INFO ] [FeatureService:75] FEATURES-API SUCCESS: features con ids [25, 26, 27, 28] obtenidas
[2021-18-13 15:18:04] [INFO ] [FeatureService:75] FEATURES-API SUCCESS: features con ids [29, 30, 31, 32] obtenidas
[2021-18-13 15:18:05] [INFO ] [FeatureService:75] FEATURES-API SUCCESS: features con ids [33, 34, 35, 36] obtenidas
[2021-18-13 15:18:05] [INFO ] [FeatureService:75] FEATURES-API SUCCESS: features con ids [37, 38, 39, 40] obtenidas
[2021-18-13 15:18:06] [INFO ] [FeatureService:75] FEATURES-API SUCCESS: features con ids [51, 52, 53, 54] obtenidas
[2021-18-13 15:18:07] [INFO ] [FeatureService:75] FEATURES-API SUCCESS: features con ids [51, 52, 53, 54] obtenidas
[2021-18-13 15:18:07] [INFO ] [SpecsService:50] Se busco specs con id 12
[2021-18-13 15:18:10] [INFO ] [FeatureService:53] FEATURES-API SUCCESS: features con ids[51, 52, 53, 54] actualizadas
[2021-18-13 15:18:10] [INFO ] [SpecsService:78] Se actualizo specs con id 12
[2021-18-13 15:18:12] [INFO ] [FeatureService:75] FEATURES-API SUCCESS: features con ids [51, 52, 53, 54] obtenidas
[2021-18-13 15:18:12] [INFO ] [SpecsService:50] Se busco specs con id 12
[2021-18-13 15:18:13] [INFO ] [FeatureService:86] FEATURES-API SUCCESS: features con ids [51, 52, 53, 54] eliminados
[2021-18-13 15:18:13] [INFO ] [SpecsService:88] Se elimino specs con id 12
[2021-30-13 15:30:10] [INFO ] [SpecsService:96] Se buscaron todos los specs
[2021-30-13 15:30:12] [INFO ] [FeatureService:86] FEATURES-API SUCCESS: todas las features han sido obtenidas
[2021-31-13 15:31:24] [INFO ] [FeatureService:27] FEATURES-API SUCCESS: featureenginePower: 284 HP guardada
[2021-31-13 15:31:25] [INFO ] [FeatureService:27] FEATURES-API SUCCESS: featureairConditioning: true guardada
[2021-31-13 15:31:26] [INFO ] [FeatureService:27] FEATURES-API SUCCESS: featureseats: 2 guardada
[2021-31-13 15:31:27] [INFO ] [FeatureService:27] FEATURES-API SUCCESS: featurecombustible: Gasoline guardada
[2021-31-13 15:31:27] [INFO ] [SpecsService:36] Se guardaron las specs con Id null
[2021-31-13 15:31:29] [INFO ] [FeatureService:75] FEATURES-API SUCCESS: features con ids [55, 56, 57, 58] obtenidas
[2021-31-13 15:31:29] [INFO ] [SpecsService:50] Se busco specs con id 13
[2021-31-13 15:31:29] [INFO ] [SpecsService:96] Se buscaron todos los specs
[2021-31-13 15:31:30] [INFO ] [FeatureService:86] FEATURES-API SUCCESS: todas las features han sido obtenidas
[2021-31-13 15:31:31] [INFO ] [FeatureService:75] FEATURES-API SUCCESS: features con ids [55, 56, 57, 58] obtenidas
[2021-31-13 15:31:31] [INFO ] [SpecsService:50] Se busco specs con id 13
[2021-31-13 15:31:34] [INFO ] [FeatureService:53] FEATURES-API SUCCESS: features con ids[55, 56, 57, 58] actualizadas
[2021-31-13 15:31:35] [INFO ] [SpecsService:78] Se actualizo specs con id 13
[2021-31-13 15:31:36] [INFO ] [FeatureService:75] FEATURES-API SUCCESS: features con ids [55, 56, 57, 58] obtenidas
[2021-31-13 15:31:36] [INFO ] [SpecsService:50] Se busco specs con id 13
[2021-31-13 15:31:37] [INFO ] [FeatureService:97] FEATURES-API SUCCESS: features con ids [55, 56, 57, 58] eliminados
[2021-31-13 15:31:37] [INFO ] [SpecsService:88] Se elimino specs con id 13
[2021-33-13 15:33:28] [INFO ] [SpecsService:34] 
hora en de entrada antes de guardar specs


[2021-33-13 15:33:29] [INFO ] [FeatureService:27] FEATURES-API SUCCESS: featureenginePower: 284 HP guardada
[2021-33-13 15:33:30] [INFO ] [FeatureService:27] FEATURES-API SUCCESS: featureairConditioning: true guardada
[2021-33-13 15:33:31] [INFO ] [FeatureService:27] FEATURES-API SUCCESS: featureseats: 2 guardada
[2021-33-13 15:33:32] [INFO ] [FeatureService:27] FEATURES-API SUCCESS: featurecombustible: Gasoline guardada
[2021-33-13 15:33:32] [INFO ] [SpecsService:36] 
hora de salida despues de guardar specs


[2021-33-13 15:33:33] [INFO ] [SpecsService:38] Se guardaron las specs con Id null
[2021-33-13 15:33:34] [INFO ] [FeatureService:75] FEATURES-API SUCCESS: features con ids [59, 60, 61, 62] obtenidas
[2021-33-13 15:33:34] [INFO ] [SpecsService:52] Se busco specs con id 14
[2021-33-13 15:33:35] [INFO ] [SpecsService:98] Se buscaron todos los specs
[2021-33-13 15:33:37] [INFO ] [FeatureService:86] FEATURES-API SUCCESS: todas las features han sido obtenidas
[2021-33-13 15:33:39] [INFO ] [FeatureService:75] FEATURES-API SUCCESS: features con ids [59, 60, 61, 62] obtenidas
[2021-33-13 15:33:39] [INFO ] [SpecsService:52] Se busco specs con id 14
[2021-33-13 15:33:42] [INFO ] [FeatureService:53] FEATURES-API SUCCESS: features con ids[59, 60, 61, 62] actualizadas
[2021-33-13 15:33:42] [INFO ] [SpecsService:80] Se actualizo specs con id 14
[2021-33-13 15:33:43] [INFO ] [FeatureService:75] FEATURES-API SUCCESS: features con ids [59, 60, 61, 62] obtenidas
[2021-33-13 15:33:43] [INFO ] [SpecsService:52] Se busco specs con id 14
[2021-33-13 15:33:44] [INFO ] [FeatureService:97] FEATURES-API SUCCESS: features con ids [59, 60, 61, 62] eliminados
[2021-33-13 15:33:45] [INFO ] [SpecsService:90] Se elimino specs con id 14
[2021-54-13 15:54:59] [INFO ] [SpecsService:35] hora en de entrada antes de guardar specs


[2021-55-13 15:55:00] [INFO ] [FeatureService:46] FEATURES-API SUCCESS: features con ids [63, 64, 65, 66] guardadas
[2021-55-13 15:55:00] [INFO ] [SpecsService:38] hora de salida despues de guardar specs


[2021-55-13 15:55:00] [INFO ] [SpecsService:40] Se guardaron las specs con Id 15
[2021-55-13 15:55:02] [INFO ] [FeatureService:103] FEATURES-API SUCCESS: features con ids [null, null, null, null] obtenidas
[2021-55-13 15:55:02] [INFO ] [SpecsService:54] Se busco specs con id 15
[2021-55-13 15:55:03] [INFO ] [SpecsService:100] Se buscaron todos los specs
[2021-55-13 15:55:05] [INFO ] [FeatureService:116] FEATURES-API SUCCESS: todas las features han sido obtenidas
[2021-55-13 15:55:06] [INFO ] [FeatureService:103] FEATURES-API SUCCESS: features con ids [null, null, null, null] obtenidas
[2021-55-13 15:55:06] [INFO ] [SpecsService:54] Se busco specs con id 15
[2021-55-13 15:55:08] [INFO ] [FeatureService:103] FEATURES-API SUCCESS: features con ids [null, null, null, null] obtenidas
[2021-55-13 15:55:08] [INFO ] [SpecsService:54] Se busco specs con id 15
[2021-57-13 15:57:23] [INFO ] [SpecsService:100] Se buscaron todos los specs
[2021-57-13 15:57:24] [INFO ] [FeatureService:116] FEATURES-API SUCCESS: todas las features han sido obtenidas
[2021-08-13 16:08:53] [INFO ] [FeatureService:46] FEATURES-API SUCCESS: features con ids [67, 68, 69, 70] guardadas
[2021-08-13 16:08:53] [INFO ] [SpecsService:36] Se guardaron las specs con Id 16
[2021-08-13 16:08:55] [INFO ] [FeatureService:103] FEATURES-API SUCCESS: features con ids [null, null, null, null] obtenidas
[2021-08-13 16:08:55] [INFO ] [SpecsService:50] Se busco specs con id 16
[2021-08-13 16:08:56] [INFO ] [SpecsService:96] Se buscaron todos los specs
[2021-08-13 16:08:58] [INFO ] [FeatureService:116] FEATURES-API SUCCESS: todas las features han sido obtenidas
[2021-08-13 16:08:59] [INFO ] [FeatureService:103] FEATURES-API SUCCESS: features con ids [null, null, null, null] obtenidas
[2021-08-13 16:08:59] [INFO ] [SpecsService:50] Se busco specs con id 16
[2021-09-13 16:09:01] [INFO ] [FeatureService:103] FEATURES-API SUCCESS: features con ids [null, null, null, null] obtenidas
[2021-09-13 16:09:01] [INFO ] [SpecsService:50] Se busco specs con id 16
[2021-09-13 16:09:29] [INFO ] [FeatureService:103] FEATURES-API SUCCESS: features con ids [null, null, null, null] obtenidas
[2021-09-13 16:09:29] [INFO ] [SpecsService:50] Se busco specs con id 16
[2021-09-13 16:09:51] [INFO ] [SpecsService:96] Se buscaron todos los specs
[2021-09-13 16:09:51] [INFO ] [FeatureService:116] FEATURES-API SUCCESS: todas las features han sido obtenidas
[2021-33-13 16:33:00] [INFO ] [FeatureService:46] FEATURES-API SUCCESS: features con ids [71, 72, 73, 74] guardadas
[2021-33-13 16:33:01] [INFO ] [SpecsService:37] Se guardaron las specs con Id 17
[2021-33-13 16:33:02] [INFO ] [FeatureService:103] FEATURES-API SUCCESS: features con ids [71, 72, 73, 74] obtenidas
[2021-33-13 16:33:02] [INFO ] [SpecsService:51] Se busco specs con id 17
[2021-33-13 16:33:03] [INFO ] [SpecsService:97] Se buscaron todos los specs
[2021-33-13 16:33:05] [INFO ] [FeatureService:116] FEATURES-API SUCCESS: todas las features han sido obtenidas
[2021-33-13 16:33:07] [INFO ] [FeatureService:103] FEATURES-API SUCCESS: features con ids [71, 72, 73, 74] obtenidas
[2021-33-13 16:33:07] [INFO ] [SpecsService:51] Se busco specs con id 17
[2021-33-13 16:33:09] [INFO ] [FeatureService:77] FEATURES-API SUCCESS: features con ids[71, 72, 73, 74] actualizadas
[2021-33-13 16:33:10] [INFO ] [SpecsService:79] Se actualizo specs con id 17
[2021-33-13 16:33:11] [INFO ] [FeatureService:103] FEATURES-API SUCCESS: features con ids [71, 72, 73, 74] obtenidas
[2021-33-13 16:33:11] [INFO ] [SpecsService:51] Se busco specs con id 17
[2021-33-13 16:33:12] [INFO ] [FeatureService:129] FEATURES-API SUCCESS: features con ids [71, 72, 73, 74] eliminados
[2021-33-13 16:33:12] [INFO ] [SpecsService:89] Se elimino specs con id 17
[2021-29-13 18:29:01] [INFO ] [FeatureService:46] FEATURES-API SUCCESS: features con ids [75, 76, 77, 78] guardadas
[2021-29-13 18:29:02] [INFO ] [SpecsService:37] Se guardaron las specs con Id 18
[2021-29-13 18:29:03] [INFO ] [FeatureService:103] FEATURES-API SUCCESS: features con ids [75, 76, 77, 78] obtenidas
[2021-29-13 18:29:03] [INFO ] [SpecsService:51] Se busco specs con id 18
[2021-29-13 18:29:04] [INFO ] [SpecsService:97] Se buscaron todos los specs
[2021-29-13 18:29:06] [INFO ] [FeatureService:116] FEATURES-API SUCCESS: todas las features han sido obtenidas
[2021-29-13 18:29:07] [INFO ] [FeatureService:103] FEATURES-API SUCCESS: features con ids [75, 76, 77, 78] obtenidas
[2021-29-13 18:29:07] [INFO ] [SpecsService:51] Se busco specs con id 18
[2021-29-13 18:29:10] [INFO ] [FeatureService:77] FEATURES-API SUCCESS: features con ids[75, 76, 77, 78] actualizadas
[2021-29-13 18:29:11] [INFO ] [SpecsService:79] Se actualizo specs con id 18
[2021-29-13 18:29:12] [INFO ] [FeatureService:103] FEATURES-API SUCCESS: features con ids [75, 76, 77, 78] obtenidas
[2021-29-13 18:29:12] [INFO ] [SpecsService:51] Se busco specs con id 18
[2021-29-13 18:29:13] [INFO ] [FeatureService:129] FEATURES-API SUCCESS: features con ids [75, 76, 77, 78] eliminados
[2021-29-13 18:29:13] [INFO ] [SpecsService:89] Se elimino specs con id 18
[2021-31-13 18:31:17] [INFO ] [FeatureService:46] FEATURES-API SUCCESS: features con ids [79, 80, 81, 82] guardadas
[2021-31-13 18:31:17] [INFO ] [SpecsService:37] Se guardaron las specs con Id 19
[2021-31-13 18:31:18] [INFO ] [FeatureService:107] FEATURES-API SUCCESS: features con ids [79, 80, 81, 82] obtenidas
[2021-31-13 18:31:18] [INFO ] [SpecsService:51] Se busco specs con id 19
[2021-31-13 18:31:19] [INFO ] [SpecsService:97] Se buscaron todos los specs
[2021-31-13 18:31:20] [INFO ] [FeatureService:120] FEATURES-API SUCCESS: todas las features han sido obtenidas
[2021-31-13 18:31:21] [INFO ] [FeatureService:107] FEATURES-API SUCCESS: features con ids [79, 80, 81, 82] obtenidas
[2021-31-13 18:31:21] [INFO ] [SpecsService:51] Se busco specs con id 19
[2021-31-13 18:31:21] [INFO ] [FeatureService:73] hora de entrada al metodo


[2021-31-13 18:31:24] [INFO ] [FeatureService:76] hora de salida del metodo


[2021-31-13 18:31:24] [INFO ] [FeatureService:81] FEATURES-API SUCCESS: features con ids[79, 80, 81, 82] actualizadas
[2021-31-13 18:31:24] [INFO ] [SpecsService:79] Se actualizo specs con id 19
[2021-31-13 18:31:25] [INFO ] [FeatureService:107] FEATURES-API SUCCESS: features con ids [79, 80, 81, 82] obtenidas
[2021-31-13 18:31:25] [INFO ] [SpecsService:51] Se busco specs con id 19
[2021-31-13 18:31:26] [INFO ] [FeatureService:133] FEATURES-API SUCCESS: features con ids [79, 80, 81, 82] eliminados
[2021-31-13 18:31:27] [INFO ] [SpecsService:89] Se elimino specs con id 19
[2021-47-13 18:47:10] [INFO ] [FeatureService:46] FEATURES-API SUCCESS: features con ids [83, 84, 85, 86] guardadas
[2021-47-13 18:47:10] [INFO ] [SpecsService:37] Se guardaron las specs con Id 20
[2021-47-13 18:47:12] [INFO ] [FeatureService:107] FEATURES-API SUCCESS: features con ids [83, 84, 85, 86] obtenidas
[2021-47-13 18:47:12] [INFO ] [SpecsService:51] Se busco specs con id 20
[2021-47-13 18:47:13] [INFO ] [SpecsService:97] Se buscaron todos los specs
[2021-47-13 18:47:15] [INFO ] [FeatureService:120] FEATURES-API SUCCESS: todas las features han sido obtenidas
[2021-47-13 18:47:16] [INFO ] [FeatureService:107] FEATURES-API SUCCESS: features con ids [83, 84, 85, 86] obtenidas
[2021-47-13 18:47:16] [INFO ] [SpecsService:51] Se busco specs con id 20
[2021-47-13 18:47:16] [INFO ] [FeatureService:73] hora de entrada al metodo


[2021-47-13 18:47:18] [INFO ] [FeatureService:76] hora de salida del metodo


[2021-47-13 18:47:18] [INFO ] [FeatureService:81] FEATURES-API SUCCESS: features con ids[83, 84, 85, 86] actualizadas
[2021-47-13 18:47:18] [INFO ] [SpecsService:79] Se actualizo specs con id 20
[2021-47-13 18:47:19] [INFO ] [FeatureService:107] FEATURES-API SUCCESS: features con ids [83, 84, 85, 86] obtenidas
[2021-47-13 18:47:19] [INFO ] [SpecsService:51] Se busco specs con id 20
[2021-47-13 18:47:20] [INFO ] [FeatureService:133] FEATURES-API SUCCESS: features con ids [83, 84, 85, 86] eliminados
[2021-47-13 18:47:21] [INFO ] [SpecsService:89] Se elimino specs con id 20
[2021-52-13 18:52:48] [INFO ] [FeatureService:46] FEATURES-API SUCCESS: features con ids [41, 42, 43, 44] guardadas
[2021-52-13 18:52:48] [INFO ] [SpecsService:37] Se guardaron las specs con Id 11
[2021-52-13 18:52:50] [INFO ] [FeatureService:107] FEATURES-API SUCCESS: features con ids [41, 42, 43, 44] obtenidas
[2021-52-13 18:52:50] [INFO ] [SpecsService:51] Se busco specs con id 11
[2021-52-13 18:52:50] [INFO ] [SpecsService:97] Se buscaron todos los specs
[2021-52-13 18:52:51] [INFO ] [FeatureService:120] FEATURES-API SUCCESS: todas las features han sido obtenidas
[2021-52-13 18:52:52] [INFO ] [FeatureService:107] FEATURES-API SUCCESS: features con ids [41, 42, 43, 44] obtenidas
[2021-52-13 18:52:52] [INFO ] [SpecsService:51] Se busco specs con id 11
[2021-52-13 18:52:52] [INFO ] [FeatureService:73] hora de entrada al metodo


[2021-52-13 18:52:54] [INFO ] [FeatureService:76] hora de salida del metodo


[2021-52-13 18:52:54] [INFO ] [FeatureService:81] FEATURES-API SUCCESS: features con ids[41, 42, 43, 44] actualizadas
[2021-52-13 18:52:54] [INFO ] [SpecsService:79] Se actualizo specs con id 11
[2021-52-13 18:52:55] [INFO ] [FeatureService:107] FEATURES-API SUCCESS: features con ids [41, 42, 43, 44] obtenidas
[2021-52-13 18:52:55] [INFO ] [SpecsService:51] Se busco specs con id 11
[2021-52-13 18:52:56] [INFO ] [FeatureService:133] FEATURES-API SUCCESS: features con ids [41, 42, 43, 44] eliminados
[2021-52-13 18:52:57] [INFO ] [SpecsService:89] Se elimino specs con id 11
[2021-53-13 18:53:10] [INFO ] [FeatureService:46] FEATURES-API SUCCESS: features con ids [45, 46, 47, 48] guardadas
[2021-53-13 18:53:11] [INFO ] [SpecsService:37] Se guardaron las specs con Id 12
[2021-53-13 18:53:12] [INFO ] [FeatureService:107] FEATURES-API SUCCESS: features con ids [45, 46, 47, 48] obtenidas
[2021-53-13 18:53:12] [INFO ] [SpecsService:51] Se busco specs con id 12
[2021-53-13 18:53:13] [INFO ] [SpecsService:97] Se buscaron todos los specs
[2021-53-13 18:53:13] [INFO ] [FeatureService:120] FEATURES-API SUCCESS: todas las features han sido obtenidas
[2021-53-13 18:53:15] [INFO ] [FeatureService:107] FEATURES-API SUCCESS: features con ids [45, 46, 47, 48] obtenidas
[2021-53-13 18:53:15] [INFO ] [SpecsService:51] Se busco specs con id 12
[2021-53-13 18:53:15] [INFO ] [FeatureService:73] hora de entrada al metodo


[2021-53-13 18:53:16] [INFO ] [FeatureService:76] hora de salida del metodo


[2021-53-13 18:53:16] [INFO ] [FeatureService:81] FEATURES-API SUCCESS: features con ids[45, 46, 47, 48] actualizadas
[2021-53-13 18:53:16] [INFO ] [SpecsService:79] Se actualizo specs con id 12
[2021-53-13 18:53:17] [INFO ] [FeatureService:107] FEATURES-API SUCCESS: features con ids [45, 46, 47, 48] obtenidas
[2021-53-13 18:53:17] [INFO ] [SpecsService:51] Se busco specs con id 12
[2021-53-13 18:53:18] [INFO ] [FeatureService:133] FEATURES-API SUCCESS: features con ids [45, 46, 47, 48] eliminados
[2021-53-13 18:53:19] [INFO ] [SpecsService:89] Se elimino specs con id 12
[2021-56-13 18:56:29] [INFO ] [FeatureService:46] FEATURES-API SUCCESS: features con ids [49, 50, 51, 52] guardadas
[2021-56-13 18:56:30] [INFO ] [SpecsService:37] Se guardaron las specs con Id 13
[2021-56-13 18:56:31] [INFO ] [FeatureService:107] FEATURES-API SUCCESS: features con ids [49, 50, 51, 52] obtenidas
[2021-56-13 18:56:31] [INFO ] [SpecsService:51] Se busco specs con id 13
[2021-56-13 18:56:32] [INFO ] [SpecsService:97] Se buscaron todos los specs
[2021-56-13 18:56:32] [INFO ] [FeatureService:120] FEATURES-API SUCCESS: todas las features han sido obtenidas
[2021-56-13 18:56:34] [INFO ] [FeatureService:107] FEATURES-API SUCCESS: features con ids [49, 50, 51, 52] obtenidas
[2021-56-13 18:56:34] [INFO ] [SpecsService:51] Se busco specs con id 13
[2021-56-13 18:56:34] [INFO ] [FeatureService:73] hora de entrada al metodo


[2021-56-13 18:56:35] [INFO ] [FeatureService:76] hora de salida del metodo


[2021-56-13 18:56:35] [INFO ] [FeatureService:81] FEATURES-API SUCCESS: features con ids[49, 50, 51, 52] actualizadas
[2021-56-13 18:56:35] [INFO ] [SpecsService:79] Se actualizo specs con id 13
[2021-56-13 18:56:36] [INFO ] [FeatureService:107] FEATURES-API SUCCESS: features con ids [49, 50, 51, 52] obtenidas
[2021-56-13 18:56:36] [INFO ] [SpecsService:51] Se busco specs con id 13
[2021-56-13 18:56:37] [INFO ] [FeatureService:133] FEATURES-API SUCCESS: features con ids [49, 50, 51, 52] eliminados
[2021-56-13 18:56:38] [INFO ] [SpecsService:89] Se elimino specs con id 13
[2021-06-14 20:06:47] [INFO ] [SpecsService:105] SPECS: Se buscaron todos los specs
[2021-06-14 20:06:48] [INFO ] [FeatureService:120] FEATURES-API SUCCESS: todas las features han sido obtenidas
[2021-07-14 20:07:30] [INFO ] [SpecsService:105] SPECS: Se buscaron todos los specs
[2021-07-14 20:07:30] [INFO ] [FeatureService:120] FEATURES-API SUCCESS: todas las features han sido obtenidas
[2021-50-14 20:50:17] [INFO ] [FeatureService:46] FEATURES-API SUCCESS: features con ids [53, 54, 55, 56] guardadas
[2021-50-14 20:50:17] [INFO ] [SpecsService:37] SPECS: Se guardaron las specs con Id 14
[2021-50-14 20:50:21] [INFO ] [FeatureService:107] FEATURES-API SUCCESS: features con ids [null, null, null, null] obtenidas
[2021-50-14 20:50:21] [INFO ] [SpecsService:51] SPECS: Se busco specs con id 14
[2021-50-14 20:50:28] [INFO ] [SpecsService:105] SPECS: Se buscaron todos los specs
[2021-50-14 20:50:29] [INFO ] [FeatureService:120] FEATURES-API SUCCESS: todas las features han sido obtenidas
[2021-51-14 20:51:23] [INFO ] [FeatureService:107] FEATURES-API SUCCESS: features con ids [null, null, null, null] obtenidas
[2021-51-14 20:51:23] [INFO ] [SpecsService:51] SPECS: Se busco specs con id 14
[2021-51-14 20:51:37] [INFO ] [FeatureService:107] FEATURES-API SUCCESS: features con ids [null, null, null, null] obtenidas
[2021-51-14 20:51:37] [INFO ] [SpecsService:51] SPECS: Se busco specs con id 14
[2021-55-14 20:55:51] [INFO ] [SpecsService:60] SPECS: Se buscaron todos los specs con ids [1, 2]
[2021-55-14 20:55:51] [INFO ] [FeatureService:120] FEATURES-API SUCCESS: todas las features han sido obtenidas
[2021-56-14 20:56:41] [INFO ] [SpecsService:105] SPECS: Se buscaron todos los specs
[2021-56-14 20:56:41] [INFO ] [FeatureService:120] FEATURES-API SUCCESS: todas las features han sido obtenidas
[2021-57-14 20:57:09] [INFO ] [SpecsService:60] SPECS: Se buscaron todos los specs con ids [1, 2]
[2021-57-14 20:57:09] [INFO ] [FeatureService:120] FEATURES-API SUCCESS: todas las features han sido obtenidas
[2021-57-14 20:57:34] [INFO ] [FeatureService:107] FEATURES-API SUCCESS: features con ids [null, null, null, null] obtenidas
[2021-57-14 20:57:34] [INFO ] [SpecsService:51] SPECS: Se busco specs con id 14
[2021-58-14 20:58:22] [INFO ] [SpecsService:105] SPECS: Se buscaron todos los specs
[2021-58-14 20:58:23] [INFO ] [FeatureService:120] FEATURES-API SUCCESS: todas las features han sido obtenidas
[2021-02-14 21:02:49] [INFO ] [FeatureService:107] FEATURES-API SUCCESS: features con ids [null, null, null, null] obtenidas
[2021-02-14 21:02:49] [INFO ] [SpecsService:51] SPECS: Se busco specs con id 14
[2021-03-14 21:03:05] [INFO ] [FeatureService:107] FEATURES-API SUCCESS: features con ids [null, null, null, null] obtenidas
[2021-03-14 21:03:05] [INFO ] [SpecsService:51] SPECS: Se busco specs con id 14
[2021-03-14 21:03:54] [INFO ] [FeatureService:107] FEATURES-API SUCCESS: features con ids [null, null, null, null] obtenidas
[2021-03-14 21:03:54] [INFO ] [SpecsService:51] SPECS: Se busco specs con id 14
[2021-09-14 21:09:30] [INFO ] [FeatureService:46] FEATURES-API SUCCESS: features con ids [57, 58, 59, 60] guardadas
[2021-09-14 21:09:30] [INFO ] [SpecsService:37] SPECS: Se guardaron las specs con Id 15
[2021-11-14 21:11:09] [INFO ] [FeatureService:107] FEATURES-API SUCCESS: features con ids [null, null, null, null] obtenidas
[2021-11-14 21:11:09] [INFO ] [SpecsService:51] SPECS: Se busco specs con id 15
[2021-13-14 21:13:23] [INFO ] [FeatureService:107] FEATURES-API SUCCESS: features con ids [null, null, null, null] obtenidas
[2021-13-14 21:13:23] [INFO ] [SpecsService:51] SPECS: Se busco specs con id 15
[2021-14-14 21:14:42] [INFO ] [FeatureService:46] FEATURES-API SUCCESS: features con ids [61, 62, 63, 64] guardadas
[2021-14-14 21:14:43] [INFO ] [SpecsService:37] SPECS: Se guardaron las specs con Id 16
[2021-14-14 21:14:54] [INFO ] [FeatureService:107] FEATURES-API SUCCESS: features con ids [null, null, null, null] obtenidas
[2021-14-14 21:14:54] [INFO ] [SpecsService:51] SPECS: Se busco specs con id 16
[2021-17-14 21:17:38] [INFO ] [FeatureService:107] FEATURES-API SUCCESS: features con ids [null, null, null, null] obtenidas
[2021-17-14 21:17:38] [INFO ] [SpecsService:51] SPECS: Se busco specs con id 16
[2021-17-14 21:17:45] [INFO ] [FeatureService:46] FEATURES-API SUCCESS: features con ids [65, 66, 67, 68] guardadas
[2021-17-14 21:17:45] [INFO ] [SpecsService:37] SPECS: Se guardaron las specs con Id 17
[2021-17-14 21:17:52] [INFO ] [FeatureService:73] hora de entrada al metodo


[2021-17-14 21:17:53] [INFO ] [FeatureService:76] hora de salida del metodo


[2021-17-14 21:17:53] [INFO ] [FeatureService:81] FEATURES-API SUCCESS: features con ids[null, null, null, null] actualizadas
[2021-17-14 21:17:54] [INFO ] [SpecsService:87] SPECS: Se actualizo specs con id 17
[2021-23-14 21:23:12] [INFO ] [FeatureService:46] FEATURES-API SUCCESS: features con ids [73, 74, 75, 76] guardadas
[2021-23-14 21:23:12] [INFO ] [SpecsService:37] SPECS: Se guardaron las specs con Id 18
[2021-25-14 21:25:53] [INFO ] [FeatureService:46] FEATURES-API SUCCESS: features con ids [77, 78, 79, 80] guardadas
[2021-25-14 21:25:54] [INFO ] [SpecsService:37] SPECS: Se guardaron las specs con Id 19
[2021-26-14 21:26:08] [INFO ] [FeatureService:77] FEATURES-API SUCCESS: features con ids[77, 78, 79, 80] actualizadas
[2021-26-14 21:26:08] [INFO ] [SpecsService:87] SPECS: Se actualizo specs con id 19
[2021-26-14 21:26:33] [INFO ] [FeatureService:103] FEATURES-API SUCCESS: features con ids [77, 78, 79, 80] obtenidas
[2021-26-14 21:26:33] [INFO ] [SpecsService:51] SPECS: Se busco specs con id 19
[2021-26-14 21:26:42] [INFO ] [FeatureService:77] FEATURES-API SUCCESS: features con ids[77, 78, 79, 80] actualizadas
[2021-26-14 21:26:42] [INFO ] [SpecsService:87] SPECS: Se actualizo specs con id 19
[2021-26-14 21:26:55] [INFO ] [FeatureService:103] FEATURES-API SUCCESS: features con ids [77, 78, 79, 80] obtenidas
[2021-26-14 21:26:55] [INFO ] [SpecsService:51] SPECS: Se busco specs con id 19
[2021-26-14 21:26:56] [INFO ] [FeatureService:129] FEATURES-API SUCCESS: features con ids [77, 78, 79, 80] eliminados
[2021-26-14 21:26:56] [INFO ] [SpecsService:97] SPECS: Se elimino specs con id 19
[2021-28-14 21:28:41] [INFO ] [FeatureService:46] FEATURES-API SUCCESS: features con ids [81, 82, 83, 84] guardadas
[2021-28-14 21:28:42] [INFO ] [SpecsService:37] SPECS: Se guardaron las specs con Id 20
[2021-30-14 21:30:16] [INFO ] [FeatureService:103] FEATURES-API SUCCESS: features con ids [81, 82, 83, 84] obtenidas
[2021-30-14 21:30:16] [INFO ] [SpecsService:51] SPECS: Se busco specs con id 20
[2021-32-14 21:32:52] [INFO ] [FeatureService:103] FEATURES-API SUCCESS: features con ids [81, 82, 83, 84] obtenidas
[2021-32-14 21:32:52] [INFO ] [SpecsService:51] SPECS: Se busco specs con id 20
[2021-32-14 21:32:53] [INFO ] [FeatureService:129] FEATURES-API SUCCESS: features con ids [81, 82, 83, 84] eliminados
[2021-32-14 21:32:53] [INFO ] [SpecsService:97] SPECS: Se elimino specs con id 20
[2021-33-14 21:33:44] [INFO ] [FeatureService:46] FEATURES-API SUCCESS: features con ids [85, 86, 87, 88] guardadas
[2021-33-14 21:33:44] [INFO ] [SpecsService:37] SPECS: Se guardaron las specs con Id 21
[2021-33-14 21:33:48] [INFO ] [FeatureService:103] FEATURES-API SUCCESS: features con ids [85, 86, 87, 88] obtenidas
[2021-33-14 21:33:48] [INFO ] [SpecsService:51] SPECS: Se busco specs con id 21
[2021-33-14 21:33:52] [INFO ] [SpecsService:60] SPECS: Se buscaron todos los specs con ids [1, 2]
[2021-33-14 21:33:53] [INFO ] [FeatureService:116] FEATURES-API SUCCESS: todas las features han sido obtenidas
[2021-34-14 21:34:25] [INFO ] [SpecsService:105] SPECS: Se buscaron todos los specs
[2021-34-14 21:34:26] [INFO ] [FeatureService:116] FEATURES-API SUCCESS: todas las features han sido obtenidas
[2021-34-14 21:34:31] [INFO ] [FeatureService:77] FEATURES-API SUCCESS: features con ids[85, 86, 87, 88] actualizadas
[2021-34-14 21:34:32] [INFO ] [SpecsService:87] SPECS: Se actualizo specs con id 21
[2021-34-14 21:34:34] [INFO ] [FeatureService:103] FEATURES-API SUCCESS: features con ids [85, 86, 87, 88] obtenidas
[2021-34-14 21:34:34] [INFO ] [SpecsService:51] SPECS: Se busco specs con id 21
[2021-34-14 21:34:35] [INFO ] [FeatureService:129] FEATURES-API SUCCESS: features con ids [85, 86, 87, 88] eliminados
[2021-34-14 21:34:36] [INFO ] [SpecsService:97] SPECS: Se elimino specs con id 21
[2021-36-14 21:36:55] [INFO ] [FeatureService:46] FEATURES-API SUCCESS: features con ids [89, 90, 91, 92] guardadas
[2021-36-14 21:36:55] [INFO ] [SpecsService:37] SPECS: Se guardaron las specs con Id 22
[2021-36-14 21:36:59] [INFO ] [FeatureService:103] FEATURES-API SUCCESS: features con ids [89, 90, 91, 92] obtenidas
[2021-36-14 21:36:59] [INFO ] [SpecsService:51] SPECS: Se busco specs con id 22
[2021-37-14 21:37:03] [INFO ] [SpecsService:60] SPECS: Se buscaron todos los specs con ids [1, 2]
[2021-37-14 21:37:04] [INFO ] [FeatureService:116] FEATURES-API SUCCESS: todas las features han sido obtenidas
[2021-37-14 21:37:07] [INFO ] [SpecsService:105] SPECS: Se buscaron todos los specs
[2021-37-14 21:37:08] [INFO ] [FeatureService:116] FEATURES-API SUCCESS: todas las features han sido obtenidas
[2021-37-14 21:37:13] [INFO ] [FeatureService:77] FEATURES-API SUCCESS: features con ids[89, 90, 91, 92] actualizadas
[2021-37-14 21:37:14] [INFO ] [SpecsService:87] SPECS: Se actualizo specs con id 22
[2021-37-14 21:37:16] [INFO ] [FeatureService:103] FEATURES-API SUCCESS: features con ids [89, 90, 91, 92] obtenidas
[2021-37-14 21:37:16] [INFO ] [SpecsService:51] SPECS: Se busco specs con id 22
[2021-37-14 21:37:17] [INFO ] [FeatureService:129] FEATURES-API SUCCESS: features con ids [89, 90, 91, 92] eliminados
[2021-37-14 21:37:18] [INFO ] [SpecsService:97] SPECS: Se elimino specs con id 22
[2021-39-14 21:39:12] [INFO ] [FeatureService:46] FEATURES-API SUCCESS: features con ids [93, 94, 95, 96] guardadas
[2021-39-14 21:39:13] [INFO ] [SpecsService:37] SPECS: Se guardaron las specs con Id 23
[2021-39-14 21:39:17] [INFO ] [FeatureService:103] FEATURES-API SUCCESS: features con ids [93, 94, 95, 96] obtenidas
[2021-39-14 21:39:17] [INFO ] [SpecsService:51] SPECS: Se busco specs con id 23
[2021-39-14 21:39:21] [INFO ] [SpecsService:60] SPECS: Se buscaron todos los specs con ids [1, 2]
[2021-39-14 21:39:22] [INFO ] [FeatureService:116] FEATURES-API SUCCESS: todas las features han sido obtenidas
[2021-39-14 21:39:25] [INFO ] [SpecsService:105] SPECS: Se buscaron todos los specs
[2021-39-14 21:39:25] [INFO ] [FeatureService:116] FEATURES-API SUCCESS: todas las features han sido obtenidas
[2021-39-14 21:39:31] [INFO ] [FeatureService:77] FEATURES-API SUCCESS: features con ids[93, 94, 95, 96] actualizadas
[2021-39-14 21:39:31] [INFO ] [SpecsService:87] SPECS: Se actualizo specs con id 23
[2021-39-14 21:39:34] [INFO ] [FeatureService:103] FEATURES-API SUCCESS: features con ids [93, 94, 95, 96] obtenidas
[2021-39-14 21:39:34] [INFO ] [SpecsService:51] SPECS: Se busco specs con id 23
[2021-39-14 21:39:35] [INFO ] [FeatureService:129] FEATURES-API SUCCESS: features con ids [93, 94, 95, 96] eliminados
[2021-39-14 21:39:35] [INFO ] [SpecsService:97] SPECS: Se elimino specs con id 23
[2021-40-14 21:40:11] [INFO ] [FeatureService:46] FEATURES-API SUCCESS: features con ids [97, 98, 99, 100] guardadas
[2021-40-14 21:40:11] [INFO ] [SpecsService:37] SPECS: Se guardaron las specs con Id 24
[2021-40-14 21:40:17] [INFO ] [FeatureService:103] FEATURES-API SUCCESS: features con ids [97, 98, 99, 100] obtenidas
[2021-40-14 21:40:17] [INFO ] [SpecsService:51] SPECS: Se busco specs con id 24
[2021-40-14 21:40:18] [INFO ] [FeatureService:129] FEATURES-API SUCCESS: features con ids [97, 98, 99, 100] eliminados
[2021-40-14 21:40:19] [INFO ] [SpecsService:97] SPECS: Se elimino specs con id 24
[2021-40-14 21:40:55] [INFO ] [FeatureService:46] FEATURES-API SUCCESS: features con ids [101, 102, 103, 104] guardadas
[2021-40-14 21:40:56] [INFO ] [SpecsService:37] SPECS: Se guardaron las specs con Id 25
[2021-43-14 21:43:15] [INFO ] [FeatureService:46] FEATURES-API SUCCESS: features con ids [105, 106, 107, 108] guardadas
[2021-43-14 21:43:16] [INFO ] [SpecsService:37] SPECS: Se guardaron las specs con Id 26
[2021-43-14 21:43:44] [INFO ] [FeatureService:77] FEATURES-API SUCCESS: features con ids[105, 106, 107, 108] actualizadas
[2021-43-14 21:43:45] [INFO ] [SpecsService:87] SPECS: Se actualizo specs con id 26
[2021-43-14 21:43:57] [INFO ] [FeatureService:103] FEATURES-API SUCCESS: features con ids [105, 106, 107, 108] obtenidas
[2021-43-14 21:43:57] [INFO ] [SpecsService:51] SPECS: Se busco specs con id 26
[2021-43-14 21:43:58] [INFO ] [FeatureService:129] FEATURES-API SUCCESS: features con ids [105, 106, 107, 108] eliminados
[2021-43-14 21:43:59] [INFO ] [SpecsService:97] SPECS: Se elimino specs con id 26
[2021-44-14 21:44:09] [INFO ] [FeatureService:46] FEATURES-API SUCCESS: features con ids [109, 110, 111, 112] guardadas
[2021-44-14 21:44:10] [INFO ] [SpecsService:37] SPECS: Se guardaron las specs con Id 27
[2021-44-14 21:44:13] [INFO ] [FeatureService:103] FEATURES-API SUCCESS: features con ids [109, 110, 111, 112] obtenidas
[2021-44-14 21:44:13] [INFO ] [SpecsService:51] SPECS: Se busco specs con id 27
[2021-44-14 21:44:17] [INFO ] [SpecsService:60] SPECS: Se buscaron todos los specs con ids [1, 2]
[2021-44-14 21:44:18] [INFO ] [FeatureService:116] FEATURES-API SUCCESS: todas las features han sido obtenidas
[2021-44-14 21:44:21] [INFO ] [SpecsService:105] SPECS: Se buscaron todos los specs
[2021-44-14 21:44:22] [INFO ] [FeatureService:116] FEATURES-API SUCCESS: todas las features han sido obtenidas
[2021-44-14 21:44:27] [INFO ] [FeatureService:77] FEATURES-API SUCCESS: features con ids[109, 110, 111, 112] actualizadas
[2021-44-14 21:44:28] [INFO ] [SpecsService:87] SPECS: Se actualizo specs con id 27
[2021-44-14 21:44:30] [INFO ] [FeatureService:103] FEATURES-API SUCCESS: features con ids [109, 110, 111, 112] obtenidas
[2021-44-14 21:44:30] [INFO ] [SpecsService:51] SPECS: Se busco specs con id 27
[2021-44-14 21:44:31] [INFO ] [FeatureService:129] FEATURES-API SUCCESS: features con ids [109, 110, 111, 112] eliminados
[2021-44-14 21:44:31] [INFO ] [SpecsService:97] SPECS: Se elimino specs con id 27
