[2021-55-13 19:55:35] [INFO ] [CacheCities:42] CITIES-CACHE MEMORY: Se guardaron las cities con ids: [1, 2]
[2021-55-13 19:55:52] [INFO ] [CityService:73] Se buscaron todas las ciudades
[2021-40-14 10:40:27] [INFO ] [CacheCities:42] CITIES-CACHE MEMORY: Se guardaron las cities con ids: [1, 2]
[2021-40-14 10:40:37] [INFO ] [CityService:31] Se guardo la city con id null: Medellin
[2021-40-14 10:40:38] [INFO ] [CityService:80] se buscaron ciudades filtradas por un pais
[2021-41-14 10:41:38] [INFO ] [CityService:73] Se buscaron todas las ciudades
[2021-41-14 10:41:44] [INFO ] [CityService:73] Se buscaron todas las ciudades
[2021-48-14 10:48:18] [INFO ] [CacheCities:42] CITIES-CACHE MEMORY: Se guardaron las cities con ids: [1, 2]
[2021-48-14 10:48:24] [INFO ] [CityService:88] se buscaron ciudades filtradas por un pais
[2021-50-14 10:50:27] [INFO ] [CityService:88] se buscaron ciudades filtradas por un pais
[2021-50-14 10:50:33] [INFO ] [CityService:88] se buscaron ciudades filtradas por un pais
[2021-52-14 10:52:01] [INFO ] [CacheCities:42] CITIES-CACHE MEMORY: Se guardaron las cities con ids: [1, 2]
[2021-52-14 10:52:03] [INFO ] [CountryService:41] Se busco country con id 2
[2021-52-14 10:52:03] [INFO ] [CityService:39] Se guardo la city con id null: Medellin
[2021-52-14 10:52:04] [INFO ] [CityService:51] Se busco city con id 3
[2021-52-14 10:52:04] [INFO ] [CityService:88] se buscaron ciudades filtradas por un pais
[2021-56-14 10:56:29] [INFO ] [CacheCities:42] CITIES-CACHE MEMORY: Se guardaron las cities con ids: [1, 2]
[2021-56-14 10:56:31] [INFO ] [CityService:82] Se buscaron todas las ciudades
[2021-57-14 10:57:15] [INFO ] [CityService:52] Se busco city con id 3
[2021-57-14 10:57:59] [ERROR] [GlobalExceptionHandler:24] Error en búsqueda [No se encontró el country con id 2]
[2021-57-14 10:57:59] [INFO ] [CityService:52] Se busco city con id 3
[2021-57-14 10:57:59] [INFO ] [CityService:89] se buscaron ciudades filtradas por un pais
[2021-58-14 10:58:41] [INFO ] [CacheCities:42] CITIES-CACHE MEMORY: Se guardaron las cities con ids: [1, 2]
[2021-58-14 10:58:46] [INFO ] [CityService:82] Se buscaron todas las ciudades
[2021-58-14 10:58:56] [INFO ] [CityService:82] Se buscaron todas las ciudades
[2021-59-14 10:59:36] [INFO ] [CityService:82] Se buscaron todas las ciudades
[2021-59-14 10:59:51] [INFO ] [CountryService:41] Se busco country con id 2
[2021-59-14 10:59:52] [INFO ] [CityService:39] Se guardo la city con id 3: Medellin
[2021-59-14 10:59:52] [INFO ] [CityService:51] Se busco city con id 3
[2021-59-14 10:59:53] [INFO ] [CityService:89] se buscaron ciudades filtradas por un pais
[2021-00-14 11:00:01] [INFO ] [CityService:82] Se buscaron todas las ciudades
[2021-00-14 11:00:23] [INFO ] [CityService:51] Se busco city con id 3
[2021-00-14 11:00:23] [INFO ] [CityService:75] Se elimino la city con id 3
[2021-00-14 11:00:45] [INFO ] [CityService:51] Se busco city con id 2
[2021-00-14 11:00:51] [INFO ] [CityService:51] Se busco city con id 2
[2021-00-14 11:00:56] [INFO ] [CityService:51] Se busco city con id 2
[2021-01-14 11:01:02] [INFO ] [CityService:51] Se busco city con id 1
[2021-01-14 11:01:12] [INFO ] [CityService:82] Se buscaron todas las ciudades
[2021-02-14 11:02:01] [INFO ] [CityService:82] Se buscaron todas las ciudades
[2021-02-14 11:02:05] [INFO ] [CityService:51] Se busco city con id 2
[2021-02-14 11:02:12] [INFO ] [CityService:51] Se busco city con id 1
[2021-02-14 11:02:15] [INFO ] [CityService:82] Se buscaron todas las ciudades
[2021-02-14 11:02:43] [INFO ] [CityService:51] Se busco city con id 1
[2021-02-14 11:02:46] [INFO ] [CityService:51] Se busco city con id 2
[2021-03-14 11:03:00] [INFO ] [CityService:51] Se busco city con id 2
[2021-06-14 11:06:03] [INFO ] [CacheCities:42] CITIES-CACHE MEMORY: Se guardaron las cities con ids: [1, 2]
[2021-06-14 11:06:07] [INFO ] [CityService:52] Se busco city con id 2
[2021-06-14 11:06:13] [INFO ] [CountryService:41] Se busco country con id 2
[2021-06-14 11:06:13] [INFO ] [CityService:40] Se guardo la city con id 3: Medellin
[2021-06-14 11:06:14] [INFO ] [CityService:52] Se busco city con id 3
[2021-06-14 11:06:14] [INFO ] [CityService:90] se buscaron ciudades filtradas por un pais
[2021-08-14 11:08:10] [INFO ] [CityService:90] se buscaron ciudades filtradas por un pais
[2021-09-14 11:09:16] [INFO ] [CityService:52] Se busco city con id 3
[2021-09-14 11:09:16] [INFO ] [CityService:76] Se elimino la city con id 3
[2021-09-14 11:09:29] [INFO ] [CityService:83] Se buscaron todas las ciudades
[2021-10-14 11:10:19] [INFO ] [CountryService:41] Se busco country con id 2
[2021-10-14 11:10:19] [INFO ] [CityService:40] Se guardo la city con id 3: Medellin
[2021-10-14 11:10:20] [INFO ] [CityService:52] Se busco city con id 3
[2021-10-14 11:10:20] [INFO ] [CityService:90] se buscaron ciudades filtradas por un pais
[2021-10-14 11:10:20] [INFO ] [CityService:83] Se buscaron todas las ciudades
[2021-10-14 11:10:22] [INFO ] [CityService:52] Se busco city con id 3
[2021-10-14 11:10:22] [INFO ] [CityService:76] Se elimino la city con id 3
[2021-10-14 11:10:24] [INFO ] [CountryService:30] Se guardo el pais Perú con id 3
[2021-10-14 11:10:25] [INFO ] [CountryService:41] Se busco country con id 3
[2021-10-14 11:10:26] [INFO ] [CountryService:59] Se elimino el country con id: 3
[2021-13-14 11:13:53] [INFO ] [CacheCities:42] CITIES-CACHE MEMORY: Se guardaron las cities con ids: [1, 2]
[2021-14-14 11:14:38] [ERROR] [GlobalExceptionHandler:24] Error en búsqueda [No se encontró el country con id 2]
[2021-14-14 11:14:39] [INFO ] [CityService:90] se buscaron ciudades filtradas por un pais con id: 2
[2021-14-14 11:14:39] [INFO ] [CityService:83] Se buscaron todas las ciudades
[2021-14-14 11:14:42] [INFO ] [CountryService:30] Se guardo el pais Perú con id 4
[2021-14-14 11:14:43] [INFO ] [CountryService:41] Se busco country con id 4
[2021-14-14 11:14:44] [INFO ] [CountryService:59] Se elimino el country con id: 4
[2021-15-14 11:15:37] [INFO ] [CountryService:41] Se busco country con id 1
[2021-15-14 11:15:38] [INFO ] [CityService:40] Se guardo la city con id 3: Medellin
[2021-15-14 11:15:38] [INFO ] [CityService:52] Se busco city con id 3
[2021-15-14 11:15:38] [INFO ] [CityService:90] se buscaron ciudades filtradas por un pais con id: 2
[2021-15-14 11:15:39] [INFO ] [CityService:83] Se buscaron todas las ciudades
[2021-15-14 11:15:41] [INFO ] [CityService:52] Se busco city con id 3
[2021-15-14 11:15:41] [INFO ] [CityService:76] Se elimino la city con id 3
[2021-15-14 11:15:43] [INFO ] [CountryService:30] Se guardo el pais Perú con id 3
[2021-15-14 11:15:44] [INFO ] [CountryService:41] Se busco country con id 3
[2021-15-14 11:15:45] [INFO ] [CountryService:59] Se elimino el country con id: 3
[2021-16-14 11:16:40] [INFO ] [CacheCities:42] CITIES-CACHE MEMORY: Se guardaron las cities con ids: [1, 2]
[2021-16-14 11:16:58] [INFO ] [CountryService:41] Se busco country con id 2
[2021-16-14 11:16:58] [INFO ] [CityService:40] Se guardo la city con id 3: Medellin
[2021-16-14 11:16:59] [INFO ] [CityService:52] Se busco city con id 3
[2021-16-14 11:16:59] [INFO ] [CityService:90] se buscaron ciudades filtradas por un pais con id: 2
[2021-16-14 11:16:59] [INFO ] [CityService:83] Se buscaron todas las ciudades
[2021-17-14 11:17:02] [INFO ] [CityService:52] Se busco city con id 3
[2021-17-14 11:17:02] [INFO ] [CityService:76] Se elimino la city con id 3
[2021-17-14 11:17:03] [INFO ] [CountryService:30] Se guardo el pais Perú con id 3
[2021-17-14 11:17:04] [INFO ] [CountryService:41] Se busco country con id 3
[2021-17-14 11:17:05] [INFO ] [CountryService:59] Se elimino el country con id: 3
[2021-18-14 11:18:44] [INFO ] [CacheCities:42] CITIES-CACHE MEMORY: Se guardaron las cities con ids: [1, 2]
[2021-18-14 11:18:48] [INFO ] [CountryService:41] Se busco country con id 2
[2021-18-14 11:18:48] [INFO ] [CityService:40] Se guardo la city con id 4: Medellin
[2021-18-14 11:18:49] [INFO ] [CityService:52] Se busco city con id 4
[2021-18-14 11:18:49] [INFO ] [CityService:90] se buscaron ciudades filtradas por un pais con id: 2
[2021-18-14 11:18:49] [INFO ] [CityService:83] Se buscaron todas las ciudades
[2021-18-14 11:18:51] [INFO ] [CityService:52] Se busco city con id 4
[2021-18-14 11:18:51] [INFO ] [CityService:68] Se actualizo la city con id 4: Medellin Actualizado
[2021-18-14 11:18:52] [INFO ] [CityService:52] Se busco city con id 4
[2021-18-14 11:18:52] [INFO ] [CityService:76] Se elimino la city con id 4
[2021-18-14 11:18:53] [INFO ] [CountryService:30] Se guardo el pais Perú con id 4
[2021-18-14 11:18:55] [INFO ] [CountryService:41] Se busco country con id 4
[2021-18-14 11:18:55] [INFO ] [CountryService:59] Se elimino el country con id: 4
[2021-23-14 11:23:59] [INFO ] [CacheCities:42] CITIES-CACHE MEMORY: Se guardaron las cities con ids: [1, 2]
[2021-24-14 11:24:04] [INFO ] [CityService:83] Se buscaron todas las ciudades
[2021-24-14 11:24:15] [INFO ] [CacheCities:71] CITIES-CACHE MEMORY USED
[2021-24-14 11:24:15] [INFO ] [CityService:52] Se busco city con id 1
[2021-03-14 20:03:58] [INFO ] [CacheCities:42] CITIES-CACHE MEMORY: Se guardaron las cities con ids: [1, 2]
[2021-06-14 20:06:48] [INFO ] [CityService:81] Se buscaron todas las ciudades
[2021-07-14 20:07:30] [INFO ] [CityService:81] Se buscaron todas las ciudades
[2021-48-14 20:48:57] [INFO ] [CacheCities:42] CITIES-CACHE MEMORY: Se guardaron las cities con ids: [1, 2]
[2021-50-14 20:50:14] [INFO ] [CacheCities:71] CITIES-CACHE MEMORY USED
[2021-50-14 20:50:14] [INFO ] [CityService:49] Se busco city con id 2
[2021-50-14 20:50:20] [INFO ] [CacheCities:71] CITIES-CACHE MEMORY USED
[2021-50-14 20:50:20] [INFO ] [CityService:49] Se busco city con id 2
[2021-50-14 20:50:29] [INFO ] [CityService:81] Se buscaron todas las ciudades
[2021-51-14 20:51:22] [INFO ] [CacheCities:71] CITIES-CACHE MEMORY USED
[2021-51-14 20:51:22] [INFO ] [CityService:49] Se busco city con id 2
[2021-51-14 20:51:35] [INFO ] [CacheCities:71] CITIES-CACHE MEMORY USED
[2021-51-14 20:51:35] [INFO ] [CityService:49] Se busco city con id 2
[2021-55-14 20:55:51] [INFO ] [CityService:57] Se bucaron las ciudades con ids: [1, 1]
[2021-56-14 20:56:41] [INFO ] [CityService:81] Se buscaron todas las ciudades
[2021-57-14 20:57:09] [INFO ] [CityService:57] Se bucaron las ciudades con ids: [1, 1]
[2021-57-14 20:57:33] [INFO ] [CacheCities:71] CITIES-CACHE MEMORY USED
[2021-57-14 20:57:33] [INFO ] [CityService:49] Se busco city con id 2
[2021-58-14 20:58:23] [INFO ] [CityService:81] Se buscaron todas las ciudades
[2021-03-14 21:03:04] [INFO ] [CacheCities:71] CITIES-CACHE MEMORY USED
[2021-03-14 21:03:04] [INFO ] [CityService:49] Se busco city con id 2
[2021-09-14 21:09:28] [INFO ] [CacheCities:71] CITIES-CACHE MEMORY USED
[2021-09-14 21:09:28] [INFO ] [CityService:49] Se busco city con id 2
[2021-14-14 21:14:40] [INFO ] [CacheCities:71] CITIES-CACHE MEMORY USED
[2021-14-14 21:14:40] [INFO ] [CityService:49] Se busco city con id 2
[2021-17-14 21:17:43] [INFO ] [CacheCities:71] CITIES-CACHE MEMORY USED
[2021-17-14 21:17:43] [INFO ] [CityService:49] Se busco city con id 2
[2021-23-14 21:23:10] [INFO ] [CacheCities:71] CITIES-CACHE MEMORY USED
[2021-23-14 21:23:10] [INFO ] [CityService:49] Se busco city con id 2
[2021-25-14 21:25:51] [INFO ] [CacheCities:71] CITIES-CACHE MEMORY USED
[2021-25-14 21:25:51] [INFO ] [CityService:49] Se busco city con id 2
[2021-26-14 21:26:32] [INFO ] [CacheCities:71] CITIES-CACHE MEMORY USED
[2021-26-14 21:26:32] [INFO ] [CityService:49] Se busco city con id 2
[2021-28-14 21:28:39] [INFO ] [CacheCities:71] CITIES-CACHE MEMORY USED
[2021-28-14 21:28:39] [INFO ] [CityService:49] Se busco city con id 2
[2021-30-14 21:30:15] [INFO ] [CacheCities:71] CITIES-CACHE MEMORY USED
[2021-30-14 21:30:15] [INFO ] [CityService:49] Se busco city con id 2
[2021-33-14 21:33:42] [INFO ] [CacheCities:71] CITIES-CACHE MEMORY USED
[2021-33-14 21:33:42] [INFO ] [CityService:49] Se busco city con id 2
[2021-33-14 21:33:47] [INFO ] [CacheCities:71] CITIES-CACHE MEMORY USED
[2021-33-14 21:33:47] [INFO ] [CityService:49] Se busco city con id 2
[2021-33-14 21:33:53] [INFO ] [CityService:57] Se bucaron las ciudades con ids: [1, 1]
[2021-34-14 21:34:26] [INFO ] [CityService:81] Se buscaron todas las ciudades
[2021-36-14 21:36:17] [INFO ] [CacheCities:42] CITIES-CACHE MEMORY: Se guardaron las cities con ids: [1, 2]
[2021-36-14 21:36:52] [INFO ] [CacheCities:71] CITIES-CACHE MEMORY USED
[2021-36-14 21:36:52] [INFO ] [CityService:49] Se busco city con id 2
[2021-36-14 21:36:58] [INFO ] [CacheCities:71] CITIES-CACHE MEMORY USED
[2021-36-14 21:36:58] [INFO ] [CityService:49] Se busco city con id 2
[2021-37-14 21:37:04] [INFO ] [CityService:57] Se bucaron las ciudades con ids: [1, 1]
[2021-37-14 21:37:08] [INFO ] [CityService:81] Se buscaron todas las ciudades
[2021-39-14 21:39:10] [INFO ] [CacheCities:71] CITIES-CACHE MEMORY USED
[2021-39-14 21:39:10] [INFO ] [CityService:49] Se busco city con id 2
[2021-39-14 21:39:15] [INFO ] [CacheCities:71] CITIES-CACHE MEMORY USED
[2021-39-14 21:39:15] [INFO ] [CityService:49] Se busco city con id 2
[2021-39-14 21:39:22] [INFO ] [CityService:57] Se bucaron las ciudades con ids: [1, 1]
[2021-39-14 21:39:25] [INFO ] [CityService:81] Se buscaron todas las ciudades
[2021-40-14 21:40:09] [INFO ] [CacheCities:71] CITIES-CACHE MEMORY USED
[2021-40-14 21:40:09] [INFO ] [CityService:49] Se busco city con id 2
[2021-40-14 21:40:53] [INFO ] [CacheCities:71] CITIES-CACHE MEMORY USED
[2021-40-14 21:40:53] [INFO ] [CityService:49] Se busco city con id 2
[2021-43-14 21:43:13] [INFO ] [CacheCities:71] CITIES-CACHE MEMORY USED
[2021-43-14 21:43:13] [INFO ] [CityService:49] Se busco city con id 2
[2021-44-14 21:44:07] [INFO ] [CacheCities:71] CITIES-CACHE MEMORY USED
[2021-44-14 21:44:07] [INFO ] [CityService:49] Se busco city con id 2
[2021-44-14 21:44:12] [INFO ] [CacheCities:71] CITIES-CACHE MEMORY USED
[2021-44-14 21:44:12] [INFO ] [CityService:49] Se busco city con id 2
[2021-44-14 21:44:18] [INFO ] [CityService:57] Se bucaron las ciudades con ids: [1, 1]
[2021-44-14 21:44:22] [INFO ] [CityService:81] Se buscaron todas las ciudades
