[2021-50-12 18:50:40] [INFO ] [ImageService:59] Se buscaron las imagenes con ids: [7, 5, 9, 8, 7, 5, 9, 8, 7, 5, 9, 8, 7, 5, 9, 8, 7, 5, 9, 8, 7, 5, 9, 8, 7, 5, 9, 8, 7, 5, 9, 8, 7, 5, 9, 8, 7, 5, 9, 6]
[2021-07-12 19:07:49] [INFO ] [ImageService:59] Se buscaron las imagenes con ids: [5, 6, 7, 8, 9]
[2021-08-12 19:08:07] [INFO ] [ImageService:59] Se buscaron las imagenes con ids: [5, 6, 7, 8, 9]
[2021-08-12 19:08:58] [INFO ] [ImageService:36] Se busco la imagen con id: 7
[2021-09-12 19:09:51] [INFO ] [ImageService:36] Se busco la imagen con id: 9
[2021-10-12 19:10:03] [INFO ] [ImageService:36] Se busco la imagen con id: 5
[2021-17-12 20:17:49] [INFO ] [ImageService:54] Se buscaron todas las imagenes
[2021-18-12 20:18:01] [INFO ] [ImageService:59] Se buscaron las imagenes con ids: [5, 6, 7, 8, 9]
[2021-27-12 20:27:48] [INFO ] [ImageService:59] Se buscaron las imagenes con ids: [5, 6, 7, 8, 9]
[2021-27-12 20:27:58] [INFO ] [ImageService:59] Se buscaron las imagenes con ids: [5, 7, 8, 9]
[2021-27-12 20:27:59] [INFO ] [ImageService:59] Se buscaron las imagenes con ids: [5, 7, 8, 9]
[2021-28-12 20:28:00] [INFO ] [ImageService:59] Se buscaron las imagenes con ids: [5, 7, 8, 9]
[2021-28-12 20:28:01] [INFO ] [ImageService:59] Se buscaron las imagenes con ids: [5, 7, 8, 9]
[2021-28-12 20:28:03] [INFO ] [ImageService:59] Se buscaron las imagenes con ids: [5, 7, 8, 9]
[2021-28-12 20:28:04] [INFO ] [ImageService:59] Se buscaron las imagenes con ids: [5, 7, 8, 9]
[2021-28-12 20:28:05] [INFO ] [ImageService:59] Se buscaron las imagenes con ids: [5, 7, 8, 9]
[2021-28-12 20:28:06] [INFO ] [ImageService:59] Se buscaron las imagenes con ids: [5, 7, 8, 9]
[2021-28-12 20:28:08] [INFO ] [ImageService:59] Se buscaron las imagenes con ids: [5, 7, 8, 9]
[2021-28-12 20:28:09] [INFO ] [ImageService:59] Se buscaron las imagenes con ids: [5, 6, 7, 9]
[2021-28-12 20:28:24] [INFO ] [ImageService:59] Se buscaron las imagenes con ids: [5, 7, 8, 9]
[2021-28-12 20:28:25] [INFO ] [ImageService:59] Se buscaron las imagenes con ids: [5, 7, 8, 9]
[2021-28-12 20:28:27] [INFO ] [ImageService:59] Se buscaron las imagenes con ids: [5, 7, 8, 9]
[2021-28-12 20:28:28] [INFO ] [ImageService:59] Se buscaron las imagenes con ids: [5, 7, 8, 9]
[2021-28-12 20:28:29] [INFO ] [ImageService:59] Se buscaron las imagenes con ids: [5, 7, 8, 9]
[2021-28-12 20:28:30] [INFO ] [ImageService:59] Se buscaron las imagenes con ids: [5, 7, 8, 9]
[2021-28-12 20:28:32] [INFO ] [ImageService:59] Se buscaron las imagenes con ids: [5, 7, 8, 9]
[2021-28-12 20:28:33] [INFO ] [ImageService:59] Se buscaron las imagenes con ids: [5, 7, 8, 9]
[2021-28-12 20:28:34] [INFO ] [ImageService:59] Se buscaron las imagenes con ids: [5, 7, 8, 9]
[2021-28-12 20:28:35] [INFO ] [ImageService:59] Se buscaron las imagenes con ids: [5, 6, 7, 9]
[2021-28-12 20:28:53] [INFO ] [ImageService:59] Se buscaron las imagenes con ids: [5, 7, 8, 9]
[2021-30-12 20:30:02] [INFO ] [ImageService:59] Se buscaron las imagenes con ids: [5, 7, 8, 9]
[2021-32-12 20:32:27] [INFO ] [ImageService:59] Se buscaron las imagenes con ids: [5, 7, 8, 9]
[2021-32-12 20:32:34] [INFO ] [ImageService:59] Se buscaron las imagenes con ids: [5, 7, 8, 9]
[2021-32-12 20:32:35] [INFO ] [ImageService:59] Se buscaron las imagenes con ids: [5, 7, 8, 9]
[2021-32-12 20:32:36] [INFO ] [ImageService:59] Se buscaron las imagenes con ids: [5, 7, 8, 9]
[2021-32-12 20:32:37] [INFO ] [ImageService:59] Se buscaron las imagenes con ids: [5, 7, 8, 9]
[2021-32-12 20:32:39] [INFO ] [ImageService:59] Se buscaron las imagenes con ids: [5, 7, 8, 9]
[2021-32-12 20:32:40] [INFO ] [ImageService:59] Se buscaron las imagenes con ids: [5, 7, 8, 9]
[2021-32-12 20:32:41] [INFO ] [ImageService:59] Se buscaron las imagenes con ids: [5, 7, 8, 9]
[2021-32-12 20:32:42] [INFO ] [ImageService:59] Se buscaron las imagenes con ids: [5, 7, 8, 9]
[2021-32-12 20:32:44] [INFO ] [ImageService:59] Se buscaron las imagenes con ids: [5, 7, 8, 9]
[2021-32-12 20:32:45] [INFO ] [ImageService:59] Se buscaron las imagenes con ids: [5, 6, 7, 9]
[2021-20-12 21:20:02] [INFO ] [ImageService:80] Se buscaron las imagenes con ids: [5, 7, 8, 9]
[2021-20-12 21:20:03] [INFO ] [ImageService:42] Se busco la imagen con id: 9
[2021-20-12 21:20:12] [INFO ] [ImageService:80] Se buscaron las imagenes con ids: [5, 7, 8, 9]
[2021-20-12 21:20:12] [INFO ] [ImageService:42] Se busco la imagen con id: 9
[2021-20-12 21:20:13] [INFO ] [ImageService:80] Se buscaron las imagenes con ids: [5, 7, 8, 9]
[2021-20-12 21:20:13] [INFO ] [ImageService:42] Se busco la imagen con id: 9
[2021-20-12 21:20:14] [INFO ] [ImageService:80] Se buscaron las imagenes con ids: [5, 7, 8, 9]
[2021-20-12 21:20:15] [INFO ] [ImageService:42] Se busco la imagen con id: 9
[2021-20-12 21:20:15] [INFO ] [ImageService:80] Se buscaron las imagenes con ids: [5, 7, 8, 9]
[2021-20-12 21:20:16] [INFO ] [ImageService:42] Se busco la imagen con id: 9
[2021-20-12 21:20:16] [INFO ] [ImageService:80] Se buscaron las imagenes con ids: [5, 7, 8, 9]
[2021-20-12 21:20:17] [INFO ] [ImageService:42] Se busco la imagen con id: 9
[2021-20-12 21:20:18] [INFO ] [ImageService:80] Se buscaron las imagenes con ids: [5, 7, 8, 9]
[2021-20-12 21:20:18] [INFO ] [ImageService:42] Se busco la imagen con id: 9
[2021-20-12 21:20:19] [INFO ] [ImageService:80] Se buscaron las imagenes con ids: [5, 7, 8, 9]
[2021-20-12 21:20:20] [INFO ] [ImageService:42] Se busco la imagen con id: 9
[2021-20-12 21:20:20] [INFO ] [ImageService:80] Se buscaron las imagenes con ids: [5, 7, 8, 9]
[2021-20-12 21:20:21] [INFO ] [ImageService:42] Se busco la imagen con id: 9
[2021-20-12 21:20:21] [INFO ] [ImageService:80] Se buscaron las imagenes con ids: [5, 7, 8, 9]
[2021-20-12 21:20:22] [INFO ] [ImageService:42] Se busco la imagen con id: 9
[2021-20-12 21:20:23] [INFO ] [ImageService:80] Se buscaron las imagenes con ids: [5, 6, 7, 9]
[2021-20-12 21:20:23] [INFO ] [ImageService:42] Se busco la imagen con id: 9
[2021-21-12 21:21:03] [INFO ] [ImageService:80] Se buscaron las imagenes con ids: [5, 7, 8, 9]
[2021-21-12 21:21:12] [INFO ] [ImageService:80] Se buscaron las imagenes con ids: [5, 7, 8, 9]
[2021-21-12 21:21:13] [INFO ] [ImageService:80] Se buscaron las imagenes con ids: [5, 7, 8, 9]
[2021-21-12 21:21:13] [INFO ] [ImageService:80] Se buscaron las imagenes con ids: [5, 7, 8, 9]
[2021-21-12 21:21:14] [INFO ] [ImageService:80] Se buscaron las imagenes con ids: [5, 7, 8, 9]
[2021-21-12 21:21:14] [INFO ] [ImageService:80] Se buscaron las imagenes con ids: [5, 7, 8, 9]
[2021-21-12 21:21:15] [INFO ] [ImageService:80] Se buscaron las imagenes con ids: [5, 7, 8, 9]
[2021-21-12 21:21:15] [INFO ] [ImageService:80] Se buscaron las imagenes con ids: [5, 7, 8, 9]
[2021-21-12 21:21:16] [INFO ] [ImageService:80] Se buscaron las imagenes con ids: [5, 7, 8, 9]
[2021-21-12 21:21:16] [INFO ] [ImageService:80] Se buscaron las imagenes con ids: [5, 7, 8, 9]
[2021-21-12 21:21:17] [INFO ] [ImageService:80] Se buscaron las imagenes con ids: [5, 7, 8, 9]
[2021-21-12 21:21:17] [INFO ] [ImageService:80] Se buscaron las imagenes con ids: [5, 7, 8, 9]
[2021-21-12 21:21:17] [INFO ] [ImageService:80] Se buscaron las imagenes con ids: [5, 6, 7, 9]
[2021-21-12 21:21:17] [INFO ] [ImageService:80] Se buscaron las imagenes con ids: [5, 7, 8, 9]
[2021-21-12 21:21:18] [INFO ] [ImageService:80] Se buscaron las imagenes con ids: [5, 7, 8, 9]
[2021-21-12 21:21:18] [INFO ] [ImageService:80] Se buscaron las imagenes con ids: [5, 7, 8, 9]
[2021-21-12 21:21:19] [INFO ] [ImageService:80] Se buscaron las imagenes con ids: [5, 7, 8, 9]
[2021-21-12 21:21:20] [INFO ] [ImageService:80] Se buscaron las imagenes con ids: [5, 7, 8, 9]
[2021-21-12 21:21:20] [INFO ] [ImageService:80] Se buscaron las imagenes con ids: [5, 7, 8, 9]
[2021-21-12 21:21:21] [INFO ] [ImageService:80] Se buscaron las imagenes con ids: [5, 7, 8, 9]
[2021-21-12 21:21:21] [INFO ] [ImageService:80] Se buscaron las imagenes con ids: [5, 6, 7, 9]
[2021-21-12 21:21:51] [INFO ] [ImageService:80] Se buscaron las imagenes con ids: [5, 7, 8, 9]
[2021-24-12 21:24:46] [INFO ] [ImageService:80] Se buscaron las imagenes con ids: [5, 7, 8, 9]
[2021-24-12 21:24:47] [INFO ] [ImageService:80] Se buscaron las imagenes con ids: [5, 7, 8, 9]
[2021-24-12 21:24:47] [INFO ] [ImageService:80] Se buscaron las imagenes con ids: [5, 7, 8, 9]
[2021-24-12 21:24:48] [INFO ] [ImageService:80] Se buscaron las imagenes con ids: [5, 7, 8, 9]
[2021-24-12 21:24:48] [INFO ] [ImageService:80] Se buscaron las imagenes con ids: [5, 7, 8, 9]
[2021-24-12 21:24:49] [INFO ] [ImageService:80] Se buscaron las imagenes con ids: [5, 7, 8, 9]
[2021-24-12 21:24:50] [INFO ] [ImageService:80] Se buscaron las imagenes con ids: [5, 7, 8, 9]
[2021-24-12 21:24:50] [INFO ] [ImageService:80] Se buscaron las imagenes con ids: [5, 7, 8, 9]
[2021-24-12 21:24:51] [INFO ] [ImageService:80] Se buscaron las imagenes con ids: [5, 7, 8, 9]
[2021-24-12 21:24:52] [INFO ] [ImageService:80] Se buscaron las imagenes con ids: [5, 6, 7, 9]
[2021-48-12 21:48:45] [INFO ] [ImageService:81] Se buscaron las imagenes con ids: [5, 7, 8, 9]
[2021-52-12 21:52:04] [INFO ] [ImageService:81] Se buscaron las imagenes con ids: [5, 7, 8, 9]
[2021-52-12 21:52:44] [INFO ] [ImageService:81] Se buscaron las imagenes con ids: [5, 7, 8, 9]
[2021-55-12 21:55:58] [INFO ] [CacheImages:38] Se buscaron las imagenes con ids: [Ljava.lang.Long;@13c18bba
[2021-56-12 21:56:24] [INFO ] [CacheImages:38] Se buscaron las imagenes con ids: [5, 6, 7, 8, 9]
[2021-56-12 21:56:36] [INFO ] [ImageService:81] Se buscaron las imagenes con ids: [5, 7, 8, 9]
[2021-57-12 21:57:05] [INFO ] [CacheImages:39] Se buscaron las imagenes con ids: [5, 6, 7, 8, 9]
[2021-57-12 21:57:37] [INFO ] [CacheImages:38] Se buscaron las imagenes con ids: [5, 6, 7, 8, 9]
[2021-57-12 21:57:53] [INFO ] [ImageService:81] Se buscaron las imagenes con ids: [5, 7, 8, 9]
[2021-00-12 22:00:25] [INFO ] [CacheImages:38] Se guardaron en cache las imagenes con ids: [5, 6, 7, 8, 9]
[2021-00-12 22:00:30] [INFO ] [ImageService:81] Se buscaron las imagenes con ids: [5, 7, 8, 9]
[2021-08-12 22:08:00] [INFO ] [CacheImages:38] Se guardaron en cache las imagenes con ids: [5, 6, 7, 8, 9]
[2021-10-12 22:10:14] [INFO ] [ImageService:74] Se buscaron todas las imagenes
[2021-11-12 22:11:10] [INFO ] [ImageService:81] Se buscaron las imagenes con ids: [5, 6, 7, 8, 9]
[2021-11-12 22:11:45] [INFO ] [CacheImages:38] Se guardaron en cache las imagenes con ids: [5, 6, 7, 8, 9]
[2021-18-12 22:18:27] [INFO ] [ImageService:81] Se buscaron las imagenes con ids: [5, 6, 7, 8, 9]
[2021-18-12 22:18:42] [INFO ] [ImageService:81] Se buscaron las imagenes con ids: [5, 6, 7, 8, 9]
[2021-19-12 22:19:48] [INFO ] [ImageService:81] Se buscaron las imagenes con ids: [5, 7, 8, 9]
[2021-19-12 22:19:48] [INFO ] [ImageService:81] Se buscaron las imagenes con ids: [5, 7, 8, 9]
[2021-19-12 22:19:49] [INFO ] [ImageService:81] Se buscaron las imagenes con ids: [5, 7, 8, 9]
[2021-19-12 22:19:50] [INFO ] [ImageService:81] Se buscaron las imagenes con ids: [5, 7, 8, 9]
[2021-19-12 22:19:50] [INFO ] [ImageService:81] Se buscaron las imagenes con ids: [5, 7, 8, 9]
[2021-19-12 22:19:51] [INFO ] [ImageService:81] Se buscaron las imagenes con ids: [5, 7, 8, 9]
[2021-19-12 22:19:51] [INFO ] [ImageService:81] Se buscaron las imagenes con ids: [5, 7, 8, 9]
[2021-19-12 22:19:52] [INFO ] [ImageService:81] Se buscaron las imagenes con ids: [5, 7, 8, 9]
[2021-19-12 22:19:52] [INFO ] [ImageService:81] Se buscaron las imagenes con ids: [5, 7, 8, 9]
[2021-19-12 22:19:53] [INFO ] [ImageService:81] Se buscaron las imagenes con ids: [5, 6, 7, 9]
[2021-20-12 22:20:00] [INFO ] [ImageService:81] Se buscaron las imagenes con ids: [5, 7, 8, 9]
[2021-20-12 22:20:00] [INFO ] [ImageService:81] Se buscaron las imagenes con ids: [5, 7, 8, 9]
[2021-20-12 22:20:01] [INFO ] [ImageService:81] Se buscaron las imagenes con ids: [5, 7, 8, 9]
[2021-20-12 22:20:02] [INFO ] [ImageService:81] Se buscaron las imagenes con ids: [5, 7, 8, 9]
[2021-20-12 22:20:02] [INFO ] [ImageService:81] Se buscaron las imagenes con ids: [5, 7, 8, 9]
[2021-20-12 22:20:03] [INFO ] [ImageService:81] Se buscaron las imagenes con ids: [5, 7, 8, 9]
[2021-20-12 22:20:03] [INFO ] [ImageService:81] Se buscaron las imagenes con ids: [5, 7, 8, 9]
[2021-20-12 22:20:04] [INFO ] [ImageService:81] Se buscaron las imagenes con ids: [5, 7, 8, 9]
[2021-20-12 22:20:04] [INFO ] [ImageService:81] Se buscaron las imagenes con ids: [5, 7, 8, 9]
[2021-20-12 22:20:05] [INFO ] [ImageService:81] Se buscaron las imagenes con ids: [5, 6, 7, 9]
[2021-35-13 09:35:31] [INFO ] [ImageService:77] Se buscaron las imagenes con ids: [5, 6, 7, 8, 9]
[2021-35-13 09:35:57] [INFO ] [ImageService:77] Se buscaron las imagenes con ids: [5, 6, 7, 8, 9]
[2021-38-13 09:38:30] [INFO ] [ImageService:77] Se buscaron las imagenes con ids: [5, 6, 7, 8, 9]
[2021-39-13 09:39:40] [INFO ] [ImageService:77] Se buscaron las imagenes con ids: [5, 6, 7, 8, 9]
[2021-08-13 10:08:48] [INFO ] [ImageService:77] Se buscaron las imagenes con ids: [1, 5, 15, 25]
[2021-09-13 10:09:53] [INFO ] [ImageService:77] Se buscaron las imagenes con ids: [1, 5, 15, 25]
[2021-11-13 10:11:54] [INFO ] [ImageService:63] Se eliminaron las imagenes con ids: [150, 152, 153, 154]
[2021-16-13 10:16:17] [ERROR] [GlobalExceptionHandler:24] Error en búsqueda [No se encontro la imagen con id: No class com.digital_booking.api_images.entity.Image entity with id 150 exists!]
[2021-20-13 10:20:29] [ERROR] [GlobalExceptionHandler:24] Error en búsqueda [404: No se encontro la imagen con id: false]
[2021-22-13 10:22:28] [ERROR] [GlobalExceptionHandler:24] Error en búsqueda [404: No se encontro la imagen con id: false]
[2021-28-13 10:28:10] [ERROR] [GlobalExceptionHandler:24] Error en búsqueda [404: No se encontro la imagen con id: 150]
[2021-29-13 10:29:45] [ERROR] [GlobalExceptionHandler:24] Error en búsqueda [ERROR 404: No se encontro la imagen con id: 150
           Verifique los ids enviados]
[2021-33-13 10:33:42] [ERROR] [GlobalExceptionHandler:24] Error en búsqueda [ERROR 404: No se encontro la imagen con id: 150
           Verifique los ids enviados]
[2021-34-13 10:34:55] [ERROR] [GlobalExceptionHandler:24] Error en búsqueda [ERROR 404: No se encontro la imagen con id: 150
           Verifique los ids enviados]
[2021-35-13 10:35:29] [ERROR] [GlobalExceptionHandler:24] Error en búsqueda [ERROR 404: No se encontro la imagen con id: 150
           Verifique los ids enviados]
[2021-36-13 10:36:01] [ERROR] [GlobalExceptionHandler:24] Error en búsqueda [ERROR 404: No se encontro la imagen con id: 150
           Verifique los ids enviados]
[2021-36-13 10:36:12] [ERROR] [GlobalExceptionHandler:24] Error en búsqueda [ERROR 404: No se encontro la imagen con id: 150
           Verifique los ids enviados]
[2021-36-13 10:36:47] [ERROR] [GlobalExceptionHandler:24] Error en búsqueda [ERROR 404: No se encontro la imagen con id: 150
           Verifique los ids enviados]
[2021-37-13 10:37:36] [ERROR] [GlobalExceptionHandler:24] Error en búsqueda [ERROR 404: No se encontro la imagen con id: 150
           Verifique los ids enviados]
[2021-38-13 10:38:02] [ERROR] [GlobalExceptionHandler:24] Error en búsqueda [ERROR 404: No se encontro la imagen con id: 150
           Verifique los ids enviados]
[2021-38-13 10:38:11] [ERROR] [GlobalExceptionHandler:24] Error en búsqueda [ERROR 404: No se encontro la imagen con id: 150
           Verifique los ids enviados]
[2021-38-13 10:38:29] [ERROR] [GlobalExceptionHandler:24] Error en búsqueda [ERROR 404: No se encontro la imagen con id: 150
           Verifique los ids enviados]
[2021-39-13 10:39:41] [ERROR] [GlobalExceptionHandler:24] Error en búsqueda [ERROR 404: No se encontro la imagen con id: 150
           Verifique los ids enviados]
[2021-41-13 10:41:27] [ERROR] [GlobalExceptionHandler:24] Error en búsqueda [ERROR 404: No se encontro la imagen con id: 150
           Verifique los ids enviados]
[2021-41-13 10:41:36] [ERROR] [GlobalExceptionHandler:24] Error en búsqueda [ERROR 404: No se encontro la imagen con id: 150
           Verifique los ids enviados]
[2021-42-13 10:42:02] [ERROR] [GlobalExceptionHandler:24] Error en búsqueda [ERROR 404: No se encontro la imagen con id: 150
           Verifique los ids enviados]
[2021-42-13 10:42:18] [ERROR] [GlobalExceptionHandler:24] Error en búsqueda [ERROR 404: No se encontro la imagen con id: 150
           Verifique los ids enviados]
[2021-43-13 10:43:16] [ERROR] [GlobalExceptionHandler:24] Error en búsqueda [ERROR 404: No se encontro la imagen con id: 150
           Verifique los ids enviados]
[2021-43-13 10:43:30] [ERROR] [GlobalExceptionHandler:24] Error en búsqueda [ERROR 404: No se encontro la imagen con id: 150
           Verifique los ids enviados]
[2021-43-13 10:43:46] [ERROR] [GlobalExceptionHandler:24] Error en búsqueda [ERROR 404: No se encontro la imagen con id: 150
           Verifique los ids enviados]
[2021-44-13 10:44:01] [ERROR] [GlobalExceptionHandler:24] Error en búsqueda [ERROR 404: No se encontro la imagen con id: 150
           Verifique los ids enviados]
[2021-46-13 10:46:34] [ERROR] [GlobalExceptionHandler:24] Error en búsqueda [ERROR 404: No se encontro la imagen con id: 150
           Verifique los ids enviados]
[2021-00-13 11:00:38] [INFO ] [ImageService:30] Se guardo la imagen con titulo: Imagen de Testeo
[2021-00-13 11:00:38] [INFO ] [ImageService:84] Se buscaron las imagenes con ids: [1, 5, 15, 25]
[2021-00-13 11:00:39] [ERROR] [GlobalExceptionHandler:24] Error en búsqueda [ERROR 404: No se encontro la imagen con id 150
           Verifique los ids enviados]
[2021-00-13 11:00:40] [INFO ] [ImageService:41] Se busco la imagen con id: 2
[2021-00-13 11:00:40] [INFO ] [ImageService:77] Se buscaron todas las imagenes
[2021-00-13 11:00:41] [INFO ] [ImageService:41] Se busco la imagen con id: 87
[2021-00-13 11:00:42] [INFO ] [ImageService:51] Se actualizó la imagen con id: 87
[2021-00-13 11:00:42] [INFO ] [ImageService:41] Se busco la imagen con id: 87
[2021-00-13 11:00:42] [INFO ] [ImageService:58] Se elimino la imagen con id: 87
[2021-03-13 11:03:30] [INFO ] [ImageService:30] Se guardo la imagen con titulo: Imagen de Testeo
[2021-03-13 11:03:30] [INFO ] [ImageService:84] Se buscaron las imagenes con ids: [1, 5, 15, 25]
[2021-03-13 11:03:31] [ERROR] [GlobalExceptionHandler:24] Error en búsqueda [ERROR 404: No se encontro la imagen con id 150
           Verifique los ids enviados]
[2021-03-13 11:03:32] [INFO ] [ImageService:41] Se busco la imagen con id: 88
[2021-03-13 11:03:32] [INFO ] [ImageService:77] Se buscaron todas las imagenes
[2021-03-13 11:03:33] [INFO ] [ImageService:41] Se busco la imagen con id: 88
[2021-03-13 11:03:34] [INFO ] [ImageService:51] Se actualizó la imagen con id: 88
[2021-03-13 11:03:35] [INFO ] [ImageService:41] Se busco la imagen con id: 88
[2021-03-13 11:03:35] [INFO ] [ImageService:58] Se elimino la imagen con id: 88
[2021-01-13 12:01:44] [INFO ] [ImageService:84] Se buscaron las imagenes con ids: [5, 6, 7, 8, 9]
[2021-01-13 12:01:55] [INFO ] [ImageService:41] Se busco la imagen con id: 5
[2021-01-13 12:01:57] [INFO ] [ImageService:30] Se guardo la imagen con titulo: Imagen de Testeo de feature
[2021-02-13 12:02:00] [INFO ] [ImageService:41] Se busco la imagen con id: 89
[2021-02-13 12:02:01] [INFO ] [ImageService:41] Se busco la imagen con id: 89
[2021-06-13 12:06:22] [INFO ] [ImageService:84] Se buscaron las imagenes con ids: [5, 6, 7, 8, 9]
[2021-07-13 12:07:56] [INFO ] [ImageService:41] Se busco la imagen con id: 5
[2021-07-13 12:07:57] [INFO ] [ImageService:30] Se guardo la imagen con titulo: Imagen de Testeo de feature
[2021-08-13 12:08:00] [INFO ] [ImageService:41] Se busco la imagen con id: 90
[2021-08-13 12:08:01] [INFO ] [ImageService:41] Se busco la imagen con id: 89
[2021-08-13 12:08:02] [INFO ] [ImageService:41] Se busco la imagen con id: 90
[2021-09-13 12:09:19] [INFO ] [ImageService:41] Se busco la imagen con id: 5
[2021-09-13 12:09:20] [INFO ] [ImageService:30] Se guardo la imagen con titulo: Imagen de Testeo de feature
[2021-09-13 12:09:23] [INFO ] [ImageService:41] Se busco la imagen con id: 91
[2021-09-13 12:09:24] [INFO ] [ImageService:41] Se busco la imagen con id: 91
[2021-32-13 13:32:33] [INFO ] [ImageService:84] Se buscaron las imagenes con ids: [5, 6, 7, 8, 9]
[2021-52-13 14:52:30] [INFO ] [ImageService:84] Se buscaron las imagenes con ids: [5, 6, 7, 8, 9]
[2021-07-13 15:07:16] [INFO ] [ImageService:84] Se buscaron las imagenes con ids: [5, 6, 7, 8, 9]
[2021-16-13 15:16:35] [INFO ] [ImageService:41] Se busco la imagen con id: 7
[2021-16-13 15:16:36] [INFO ] [ImageService:41] Se busco la imagen con id: 5
[2021-16-13 15:16:37] [INFO ] [ImageService:41] Se busco la imagen con id: 9
[2021-16-13 15:16:38] [INFO ] [ImageService:41] Se busco la imagen con id: 8
[2021-17-13 15:17:53] [INFO ] [ImageService:41] Se busco la imagen con id: 7
[2021-17-13 15:17:54] [INFO ] [ImageService:41] Se busco la imagen con id: 5
[2021-17-13 15:17:55] [INFO ] [ImageService:41] Se busco la imagen con id: 9
[2021-17-13 15:17:56] [INFO ] [ImageService:41] Se busco la imagen con id: 8
[2021-29-13 15:29:54] [INFO ] [ImageService:84] Se buscaron las imagenes con ids: [5, 6, 7, 8, 9]
[2021-30-13 15:30:11] [INFO ] [ImageService:41] Se busco la imagen con id: 89
[2021-30-13 15:30:12] [INFO ] [ImageService:41] Se busco la imagen con id: 90
[2021-30-13 15:30:12] [INFO ] [ImageService:41] Se busco la imagen con id: 91
[2021-31-13 15:31:23] [INFO ] [ImageService:41] Se busco la imagen con id: 7
[2021-31-13 15:31:24] [INFO ] [ImageService:41] Se busco la imagen con id: 5
[2021-31-13 15:31:25] [INFO ] [ImageService:41] Se busco la imagen con id: 9
[2021-31-13 15:31:26] [INFO ] [ImageService:41] Se busco la imagen con id: 8
[2021-32-13 15:32:26] [INFO ] [ImageService:84] Se buscaron las imagenes con ids: [5, 6, 7, 8, 9]
[2021-33-13 15:33:29] [INFO ] [ImageService:41] Se busco la imagen con id: 7
[2021-33-13 15:33:30] [INFO ] [ImageService:41] Se busco la imagen con id: 5
[2021-33-13 15:33:31] [INFO ] [ImageService:41] Se busco la imagen con id: 9
[2021-33-13 15:33:32] [INFO ] [ImageService:41] Se busco la imagen con id: 8
[2021-33-13 15:33:36] [INFO ] [ImageService:41] Se busco la imagen con id: 89
[2021-33-13 15:33:37] [INFO ] [ImageService:41] Se busco la imagen con id: 90
[2021-33-13 15:33:37] [INFO ] [ImageService:41] Se busco la imagen con id: 91
[2021-53-13 15:53:35] [INFO ] [ImageService:84] Se buscaron las imagenes con ids: [5, 6, 7, 8, 9]
[2021-55-13 15:55:04] [INFO ] [ImageService:41] Se busco la imagen con id: 89
[2021-55-13 15:55:05] [INFO ] [ImageService:41] Se busco la imagen con id: 90
[2021-55-13 15:55:05] [INFO ] [ImageService:41] Se busco la imagen con id: 91
[2021-08-13 16:08:38] [INFO ] [ImageService:84] Se buscaron las imagenes con ids: [5, 6, 7, 8, 9]
[2021-08-13 16:08:57] [INFO ] [ImageService:41] Se busco la imagen con id: 89
[2021-08-13 16:08:57] [INFO ] [ImageService:41] Se busco la imagen con id: 90
[2021-08-13 16:08:58] [INFO ] [ImageService:41] Se busco la imagen con id: 91
[2021-32-13 16:32:14] [INFO ] [ImageService:84] Se buscaron las imagenes con ids: [5, 6, 7, 8, 9]
[2021-33-13 16:33:04] [INFO ] [ImageService:41] Se busco la imagen con id: 89
[2021-33-13 16:33:05] [INFO ] [ImageService:41] Se busco la imagen con id: 90
[2021-33-13 16:33:05] [INFO ] [ImageService:41] Se busco la imagen con id: 91
[2021-27-13 18:27:50] [INFO ] [ImageService:84] Se buscaron las imagenes con ids: [5, 6, 7, 8, 9]
[2021-29-13 18:29:05] [INFO ] [ImageService:41] Se busco la imagen con id: 89
[2021-29-13 18:29:06] [INFO ] [ImageService:41] Se busco la imagen con id: 90
[2021-29-13 18:29:06] [INFO ] [ImageService:41] Se busco la imagen con id: 91
[2021-46-13 18:46:59] [INFO ] [ImageService:84] Se buscaron las imagenes con ids: [5, 6, 7, 8, 9]
[2021-47-13 18:47:14] [INFO ] [ImageService:41] Se busco la imagen con id: 89
[2021-47-13 18:47:15] [INFO ] [ImageService:41] Se busco la imagen con id: 90
[2021-47-13 18:47:15] [INFO ] [ImageService:41] Se busco la imagen con id: 91
[2021-55-13 18:55:58] [INFO ] [ImageService:84] Se buscaron las imagenes con ids: [5, 6, 7, 8, 9]
[2021-23-14 13:23:59] [INFO ] [ImageService:84] Se buscaron las imagenes con ids: [16, 21, 25, 27]
[2021-24-14 13:24:40] [INFO ] [ImageService:84] Se buscaron las imagenes con ids: [16, 21, 25, 27]
[2021-27-14 13:27:24] [INFO ] [ImageService:84] Se buscaron las imagenes con ids: [16, 21, 25, 27]
[2021-27-14 13:27:45] [INFO ] [ImageService:84] Se buscaron las imagenes con ids: [16, 21, 25, 27]
[2021-30-14 13:30:49] [INFO ] [ImageService:84] Se buscaron las imagenes con ids: [16, 21, 25, 27]
[2021-33-14 13:33:40] [INFO ] [ImageService:84] Se buscaron las imagenes con ids: [16, 21, 25, 27]
[2021-42-14 14:42:37] [INFO ] [ImageService:84] Se buscaron las imagenes con ids: [16, 21, 25, 27]
[2021-43-14 14:43:33] [INFO ] [ImageService:84] Se buscaron las imagenes con ids: [16, 21, 25, 27]
[2021-54-14 14:54:45] [INFO ] [ImageService:84] Se buscaron las imagenes con ids: [16, 21, 25, 27]
[2021-55-14 14:55:07] [INFO ] [ImageService:41] Se busco la imagen con id: 30
[2021-59-14 14:59:21] [INFO ] [ImageService:84] Se buscaron las imagenes con ids: [16, 21, 25, 27]
[2021-01-14 15:01:43] [INFO ] [ImageService:84] Se buscaron las imagenes con ids: [16, 21, 25, 27]
[2021-02-14 15:02:50] [INFO ] [ImageService:84] Se buscaron las imagenes con ids: [16, 21, 25, 27]
[2021-04-14 15:04:26] [INFO ] [ImageService:84] Se buscaron las imagenes con ids: [16, 21, 25, 27]
[2021-05-14 15:05:54] [INFO ] [ImageService:84] Se buscaron las imagenes con ids: [16, 21, 25, 27]
[2021-07-14 15:07:03] [INFO ] [ImageService:84] Se buscaron las imagenes con ids: [16, 21, 25, 27]
[2021-08-14 15:08:10] [INFO ] [ImageService:84] Se buscaron las imagenes con ids: [16, 21, 25, 27]
[2021-08-14 15:08:17] [INFO ] [ImageService:41] Se busco la imagen con id: 30
[2021-11-14 15:11:22] [INFO ] [ImageService:84] Se buscaron las imagenes con ids: [16, 21, 25, 27]
[2021-11-14 15:11:42] [INFO ] [ImageService:41] Se busco la imagen con id: 30
[2021-56-14 19:56:50] [INFO ] [ImageService:95] Se buscaron las imagenes con ids: [5, 6, 7, 8, 9]
[2021-56-14 19:56:59] [INFO ] [ImageService:95] Se buscaron las imagenes con ids: [16, 21, 25, 27]
[2021-03-14 20:03:44] [INFO ] [ImageService:95] Se buscaron las imagenes con ids: [5, 6, 7, 8, 9]
[2021-04-14 20:04:07] [INFO ] [ImageService:95] Se buscaron las imagenes con ids: [16, 21, 25, 27]
[2021-04-14 20:04:29] [INFO ] [ImageService:95] Se buscaron las imagenes con ids: [16, 17, 18, 19, 20, 21, 22, 23, 24, 25, 26, 27, 28, 29, 30, 31, 32, 33, 34, 35, 36, 37, 38, 39, 40, 41, 42, 43, 44, 45, 46, 47, 48, 49, 50, 51, 52, 53, 54, 55, 56, 57, 58, 59, 60, 61, 62, 63, 64, 65, 66, 67, 68, 69, 70, 71, 72, 73, 74, 75, 76, 77, 78, 79, 80, 81, 82, 83, 84]
[2021-05-14 20:05:51] [INFO ] [ImageService:95] Se buscaron las imagenes con ids: [16, 17, 18, 19, 20, 21, 22, 23, 24, 25, 26, 27, 28, 29, 30, 31, 32, 33, 34, 35, 36, 37, 38, 39, 40, 41, 42, 43, 44, 45, 46, 47, 48, 49, 50, 51, 52, 53, 54, 55, 56, 57, 58, 59, 60, 61, 62, 63, 64, 65, 66, 67, 68, 69, 70, 71, 72, 73, 74, 75, 76, 77, 78, 79, 80, 81, 82, 83, 84]
[2021-06-14 20:06:40] [INFO ] [ImageService:95] Se buscaron las imagenes con ids: [16, 17, 18, 19, 20, 21, 22, 23, 24, 25, 26, 27, 28, 29, 30, 31, 32, 33, 34, 35, 36, 37, 38, 39, 40, 41, 42, 43, 44, 45, 46, 47, 48, 49, 50, 51, 52, 53, 54, 55, 56, 57, 58, 59, 60, 61, 62, 63, 64, 65, 66, 67, 68, 69, 70, 71, 72, 73, 74, 75, 76, 77, 78, 79, 80, 81, 82, 83, 84]
[2021-06-14 20:06:46] [INFO ] [ImageService:88] Se buscaron todas las imagenes
[2021-07-14 20:07:28] [INFO ] [ImageService:88] Se buscaron todas las imagenes
[2021-49-14 20:49:03] [INFO ] [ImageService:95] Se buscaron las imagenes con ids: [16, 21, 25, 27]
[2021-49-14 20:49:27] [INFO ] [ImageService:95] Se buscaron las imagenes con ids: [5, 6, 7, 8, 9]
[2021-50-14 20:50:06] [INFO ] [ImageService:95] Se buscaron las imagenes con ids: [16, 17, 18, 19, 20, 21, 22, 23, 24, 25, 26, 27, 28, 29, 30, 31, 32, 33, 34, 35, 36, 37, 38, 39, 40, 41, 42, 43, 44, 45, 46, 47, 48, 49, 50, 51, 52, 53, 54, 55, 56, 57, 58, 59, 60, 61, 62, 63, 64, 65, 66, 67, 68, 69, 70, 71, 72, 73, 74, 75, 76, 77, 78, 79, 80, 81, 82, 83, 84]
[2021-50-14 20:50:15] [INFO ] [ImageService:30] Se guardo la imagen con titulo: Main Image de Testeo
[2021-50-14 20:50:16] [INFO ] [ImageService:41] Se guardo coleccion con 5 imagenes
[2021-50-14 20:50:20] [INFO ] [ImageService:52] Se busco la imagen con id: 85
[2021-50-14 20:50:22] [INFO ] [ImageService:52] Se busco la imagen con id: 86
[2021-50-14 20:50:23] [INFO ] [ImageService:52] Se busco la imagen con id: 87
[2021-50-14 20:50:24] [INFO ] [ImageService:52] Se busco la imagen con id: 88
[2021-50-14 20:50:24] [INFO ] [ImageService:52] Se busco la imagen con id: 89
[2021-50-14 20:50:25] [INFO ] [ImageService:52] Se busco la imagen con id: 90
[2021-50-14 20:50:26] [INFO ] [ImageService:88] Se buscaron todas las imagenes
[2021-55-14 20:55:45] [INFO ] [ImageService:95] Se buscaron las imagenes con ids: [16, 17, 18, 19, 20, 21, 22, 23, 24, 25, 26, 27, 28, 29, 30, 31, 32, 33, 34, 35, 36, 37, 38, 39, 40, 41, 42, 43, 44, 45, 46, 47, 48, 49, 50, 51, 52, 53, 54, 55, 56, 57, 58, 59, 60, 61, 62, 63, 64, 65, 66, 67, 68, 69, 70, 71, 72, 73, 74, 75, 76, 77, 78, 79, 80, 81, 82, 83, 84]
[2021-56-14 20:56:39] [INFO ] [ImageService:88] Se buscaron todas las imagenes
[2021-57-14 20:57:33] [INFO ] [ImageService:52] Se busco la imagen con id: 85
[2021-57-14 20:57:35] [INFO ] [ImageService:52] Se busco la imagen con id: 86
[2021-57-14 20:57:36] [INFO ] [ImageService:52] Se busco la imagen con id: 87
[2021-57-14 20:57:37] [INFO ] [ImageService:52] Se busco la imagen con id: 88
[2021-57-14 20:57:37] [INFO ] [ImageService:52] Se busco la imagen con id: 89
[2021-57-14 20:57:38] [INFO ] [ImageService:52] Se busco la imagen con id: 90
[2021-58-14 20:58:21] [INFO ] [ImageService:88] Se buscaron todas las imagenes
[2021-00-14 21:00:32] [INFO ] [ImageService:95] Se buscaron las imagenes con ids: [16, 17, 18, 19, 20, 21, 22, 23, 24, 25, 26, 27, 28, 29, 30, 31, 32, 33, 34, 35, 36, 37, 38, 39, 40, 41, 42, 43, 44, 45, 46, 47, 48, 49, 50, 51, 52, 53, 54, 55, 56, 57, 58, 59, 60, 61, 62, 63, 64, 65, 66, 67, 68, 69, 70, 71, 72, 73, 74, 75, 76, 77, 78, 79, 80, 81, 82, 83, 84]
[2021-01-14 21:01:24] [INFO ] [ImageService:95] Se buscaron las imagenes con ids: [16, 17, 18, 19, 20, 21, 22, 23, 24, 25, 26, 27, 28, 29, 30, 31, 32, 33, 34, 35, 36, 37, 38, 39, 40, 41, 42, 43, 44, 45, 46, 47, 48, 49, 50, 51, 52, 53, 54, 55, 56, 57, 58, 59, 60, 61, 62, 63, 64, 65, 66, 67, 68, 69, 70, 71, 72, 73, 74, 75, 76, 77, 78, 79, 80, 81, 82, 83, 84]
[2021-02-14 21:02:42] [INFO ] [ImageService:95] Se buscaron las imagenes con ids: [16, 17, 18, 19, 20, 21, 22, 23, 24, 25, 26, 27, 28, 29, 30, 31, 32, 33, 34, 35, 36, 37, 38, 39, 40, 41, 42, 43, 44, 45, 46, 47, 48, 49, 50, 51, 52, 53, 54, 55, 56, 57, 58, 59, 60, 61, 62, 63, 64, 65, 66, 67, 68, 69, 70, 71, 72, 73, 74, 75, 76, 77, 78, 79, 80, 81, 82, 83, 84]
[2021-03-14 21:03:04] [INFO ] [ImageService:52] Se busco la imagen con id: 85
[2021-03-14 21:03:54] [INFO ] [ImageService:82] Se eliminaron las imagenes con ids: []
[2021-09-14 21:09:28] [INFO ] [ImageService:30] Se guardo la imagen con titulo: Main Image de Testeo
[2021-09-14 21:09:29] [INFO ] [ImageService:41] Se guardo coleccion con 5 imagenes
[2021-13-14 21:13:24] [INFO ] [ImageService:82] Se eliminaron las imagenes con ids: []
[2021-14-14 21:14:41] [INFO ] [ImageService:30] Se guardo la imagen con titulo: Main Image de Testeo
[2021-14-14 21:14:41] [INFO ] [ImageService:41] Se guardo coleccion con 5 imagenes
[2021-17-14 21:17:38] [INFO ] [ImageService:82] Se eliminaron las imagenes con ids: []
[2021-17-14 21:17:43] [INFO ] [ImageService:30] Se guardo la imagen con titulo: Main Image de Testeo
[2021-17-14 21:17:44] [INFO ] [ImageService:41] Se guardo coleccion con 5 imagenes
[2021-23-14 21:23:10] [INFO ] [ImageService:30] Se guardo la imagen con titulo: Main Image de Testeo
[2021-23-14 21:23:11] [INFO ] [ImageService:41] Se guardo coleccion con 5 imagenes
[2021-25-14 21:25:52] [INFO ] [ImageService:30] Se guardo la imagen con titulo: Main Image de Testeo
[2021-25-14 21:25:52] [INFO ] [ImageService:41] Se guardo coleccion con 5 imagenes
[2021-26-14 21:26:32] [INFO ] [ImageService:52] Se busco la imagen con id: 115
[2021-26-14 21:26:57] [INFO ] [ImageService:82] Se eliminaron las imagenes con ids: []
[2021-28-14 21:28:40] [INFO ] [ImageService:30] Se guardo la imagen con titulo: Main Image de Testeo
[2021-28-14 21:28:41] [INFO ] [ImageService:41] Se guardo coleccion con 5 imagenes
[2021-30-14 21:30:15] [INFO ] [ImageService:52] Se busco la imagen con id: 121
[2021-30-14 21:30:17] [INFO ] [ImageService:52] Se busco la imagen con id: 126
[2021-30-14 21:30:17] [INFO ] [ImageService:52] Se busco la imagen con id: 125
[2021-30-14 21:30:18] [INFO ] [ImageService:52] Se busco la imagen con id: 124
[2021-30-14 21:30:18] [INFO ] [ImageService:52] Se busco la imagen con id: 123
[2021-30-14 21:30:19] [INFO ] [ImageService:52] Se busco la imagen con id: 122
[2021-32-14 21:32:41] [INFO ] [ImageService:95] Se buscaron las imagenes con ids: [16, 21, 25, 27]
[2021-32-14 21:32:43] [INFO ] [ImageService:95] Se buscaron las imagenes con ids: [16, 17, 18, 19, 20, 21, 22, 23, 24, 25, 26, 27, 28, 29, 30, 31, 32, 33, 34, 35, 36, 37, 38, 39, 40, 41, 42, 43, 44, 45, 46, 47, 48, 49, 50, 51, 52, 53, 54, 55, 56, 57, 58, 59, 60, 61, 62, 63, 64, 65, 66, 67, 68, 69, 70, 71, 72, 73, 74, 75, 76, 77, 78, 79, 80, 81, 82, 83, 84]
[2021-32-14 21:32:55] [INFO ] [ImageService:82] Se eliminaron las imagenes con ids: [126, 125, 124, 123, 122]
[2021-33-14 21:33:32] [INFO ] [ImageService:95] Se buscaron las imagenes con ids: [16, 17, 18, 19, 20, 21, 22, 23, 24, 25, 26, 27, 28, 29, 30, 31, 32, 33, 34, 35, 36, 37, 38, 39, 40, 41, 42, 43, 44, 45, 46, 47, 48, 49, 50, 51, 52, 53, 54, 55, 56, 57, 58, 59, 60, 61, 62, 63, 64, 65, 66, 67, 68, 69, 70, 71, 72, 73, 74, 75, 76, 77, 78, 79, 80, 81, 82, 83, 84]
[2021-33-14 21:33:42] [INFO ] [ImageService:30] Se guardo la imagen con titulo: Main Image de Testeo
[2021-33-14 21:33:43] [INFO ] [ImageService:41] Se guardo coleccion con 5 imagenes
[2021-33-14 21:33:47] [INFO ] [ImageService:52] Se busco la imagen con id: 127
[2021-33-14 21:33:49] [INFO ] [ImageService:52] Se busco la imagen con id: 132
[2021-33-14 21:33:49] [INFO ] [ImageService:52] Se busco la imagen con id: 131
[2021-33-14 21:33:50] [INFO ] [ImageService:52] Se busco la imagen con id: 130
[2021-33-14 21:33:51] [INFO ] [ImageService:52] Se busco la imagen con id: 129
[2021-33-14 21:33:51] [INFO ] [ImageService:52] Se busco la imagen con id: 128
[2021-34-14 21:34:24] [INFO ] [ImageService:88] Se buscaron todas las imagenes
[2021-34-14 21:34:36] [INFO ] [ImageService:82] Se eliminaron las imagenes con ids: []
[2021-36-14 21:36:31] [INFO ] [ImageService:95] Se buscaron las imagenes con ids: [16, 21, 25, 27]
[2021-36-14 21:36:32] [INFO ] [ImageService:95] Se buscaron las imagenes con ids: [5, 6, 7, 8, 9]
[2021-36-14 21:36:42] [INFO ] [ImageService:95] Se buscaron las imagenes con ids: [16, 17, 18, 19, 20, 21, 22, 23, 24, 25, 26, 27, 28, 29, 30, 31, 32, 33, 34, 35, 36, 37, 38, 39, 40, 41, 42, 43, 44, 45, 46, 47, 48, 49, 50, 51, 52, 53, 54, 55, 56, 57, 58, 59, 60, 61, 62, 63, 64, 65, 66, 67, 68, 69, 70, 71, 72, 73, 74, 75, 76, 77, 78, 79, 80, 81, 82, 83, 84]
[2021-36-14 21:36:53] [INFO ] [ImageService:30] Se guardo la imagen con titulo: Main Image de Testeo
[2021-36-14 21:36:54] [INFO ] [ImageService:41] Se guardo coleccion con 5 imagenes
[2021-36-14 21:36:58] [INFO ] [ImageService:52] Se busco la imagen con id: 133
[2021-37-14 21:37:00] [INFO ] [ImageService:52] Se busco la imagen con id: 138
[2021-37-14 21:37:01] [INFO ] [ImageService:52] Se busco la imagen con id: 137
[2021-37-14 21:37:01] [INFO ] [ImageService:52] Se busco la imagen con id: 136
[2021-37-14 21:37:02] [INFO ] [ImageService:52] Se busco la imagen con id: 135
[2021-37-14 21:37:02] [INFO ] [ImageService:52] Se busco la imagen con id: 134
[2021-37-14 21:37:06] [INFO ] [ImageService:88] Se buscaron todas las imagenes
[2021-37-14 21:37:18] [INFO ] [ImageService:82] Se eliminaron las imagenes con ids: []
[2021-39-14 21:39:03] [INFO ] [ImageService:95] Se buscaron las imagenes con ids: [16, 17, 18, 19, 20, 21, 22, 23, 24, 25, 26, 27, 28, 29, 30, 31, 32, 33, 34, 35, 36, 37, 38, 39, 40, 41, 42, 43, 44, 45, 46, 47, 48, 49, 50, 51, 52, 53, 54, 55, 56, 57, 58, 59, 60, 61, 62, 63, 64, 65, 66, 67, 68, 69, 70, 71, 72, 73, 74, 75, 76, 77, 78, 79, 80, 81, 82, 83, 84]
[2021-39-14 21:39:11] [INFO ] [ImageService:30] Se guardo la imagen con titulo: Main Image de Testeo
[2021-39-14 21:39:12] [INFO ] [ImageService:41] Se guardo coleccion con 5 imagenes
[2021-39-14 21:39:15] [INFO ] [ImageService:52] Se busco la imagen con id: 139
[2021-39-14 21:39:18] [INFO ] [ImageService:52] Se busco la imagen con id: 144
[2021-39-14 21:39:18] [INFO ] [ImageService:52] Se busco la imagen con id: 143
[2021-39-14 21:39:19] [INFO ] [ImageService:52] Se busco la imagen con id: 142
[2021-39-14 21:39:19] [INFO ] [ImageService:52] Se busco la imagen con id: 141
[2021-39-14 21:39:20] [INFO ] [ImageService:52] Se busco la imagen con id: 140
[2021-39-14 21:39:23] [INFO ] [ImageService:88] Se buscaron todas las imagenes
[2021-39-14 21:39:36] [INFO ] [ImageService:82] Se eliminaron las imagenes con ids: []
[2021-40-14 21:40:09] [INFO ] [ImageService:30] Se guardo la imagen con titulo: Main Image de Testeo
[2021-40-14 21:40:10] [INFO ] [ImageService:41] Se guardo coleccion con 5 imagenes
[2021-40-14 21:40:20] [INFO ] [ImageService:82] Se eliminaron las imagenes con ids: [150, 149, 148, 147, 146]
[2021-40-14 21:40:54] [INFO ] [ImageService:30] Se guardo la imagen con titulo: Main Image de Testeo
[2021-40-14 21:40:54] [INFO ] [ImageService:41] Se guardo coleccion con 5 imagenes
[2021-43-14 21:43:06] [INFO ] [ImageService:95] Se buscaron las imagenes con ids: [16, 17, 18, 19, 20, 21, 22, 23, 24, 25, 26, 27, 28, 29, 30, 31, 32, 33, 34, 35, 36, 37, 38, 39, 40, 41, 42, 43, 44, 45, 46, 47, 48, 49, 50, 51, 52, 53, 54, 55, 56, 57, 58, 59, 60, 61, 62, 63, 64, 65, 66, 67, 68, 69, 70, 71, 72, 73, 74, 75, 76, 77, 78, 79, 80, 81, 82, 83, 84]
[2021-43-14 21:43:14] [INFO ] [ImageService:30] Se guardo la imagen con titulo: Main Image de Testeo
[2021-43-14 21:43:14] [INFO ] [ImageService:41] Se guardo coleccion con 5 imagenes
[2021-44-14 21:44:00] [INFO ] [ImageService:82] Se eliminaron las imagenes con ids: [158, 159, 160, 161, 162]
[2021-44-14 21:44:08] [INFO ] [ImageService:30] Se guardo la imagen con titulo: Main Image de Testeo
[2021-44-14 21:44:08] [INFO ] [ImageService:41] Se guardo coleccion con 5 imagenes
[2021-44-14 21:44:12] [INFO ] [ImageService:52] Se busco la imagen con id: 163
[2021-44-14 21:44:14] [INFO ] [ImageService:52] Se busco la imagen con id: 168
[2021-44-14 21:44:15] [INFO ] [ImageService:52] Se busco la imagen con id: 167
[2021-44-14 21:44:15] [INFO ] [ImageService:52] Se busco la imagen con id: 166
[2021-44-14 21:44:16] [INFO ] [ImageService:52] Se busco la imagen con id: 165
[2021-44-14 21:44:16] [INFO ] [ImageService:52] Se busco la imagen con id: 164
[2021-44-14 21:44:20] [INFO ] [ImageService:88] Se buscaron todas las imagenes
[2021-44-14 21:44:33] [INFO ] [ImageService:82] Se eliminaron las imagenes con ids: [168, 167, 166, 165, 164]
[2021-16-15 11:16:11] [INFO ] [ImageService:88] Se buscaron todas las imagenes
[2021-21-15 11:21:27] [INFO ] [ImageService:88] Se buscaron todas las imagenes
[2021-14-15 12:14:44] [INFO ] [ImageService:95] Se buscaron las imagenes con ids: [5, 6, 7, 8, 9]
[2021-14-15 12:14:51] [INFO ] [ImageService:95] Se buscaron las imagenes con ids: [16, 21, 25, 27]
[2021-16-15 12:16:11] [INFO ] [ImageService:88] Se buscaron todas las imagenes
[2021-18-15 12:18:41] [INFO ] [ImageService:95] Se buscaron las imagenes con ids: [5, 6, 7, 8, 9]
[2021-21-15 12:21:05] [INFO ] [ImageService:95] Se buscaron las imagenes con ids: [16, 21, 25, 27]
[2021-21-15 12:21:19] [INFO ] [ImageService:95] Se buscaron las imagenes con ids: [16, 17, 18, 19, 20, 21, 22, 23, 24, 25, 26, 27, 28, 29, 30, 31, 32, 33, 34, 35, 36, 37, 38, 39, 40, 41, 42, 43, 44, 45, 46, 47, 48, 49, 50, 51, 52, 53, 54, 55, 56, 57, 58, 59, 60, 61, 62, 63, 64, 65, 66, 67, 68, 69, 70, 71, 72, 73, 74, 75, 76, 77, 78, 79, 80, 81, 82, 83, 84]
[2021-21-15 12:21:32] [INFO ] [ImageService:88] Se buscaron todas las imagenes
