[2021-24-14 13:24:00] [INFO ] [CacheImages:39] IMAGES-CACHE MEMORY: Se guardaron las imagenes con ids: [16, 21, 25, 27]
[2021-24-14 13:24:40] [INFO ] [CacheImages:39] IMAGES-CACHE MEMORY: Se guardaron las imagenes con ids: [16, 21, 25, 27]
[2021-24-14 13:24:47] [INFO ] [CategoryService:92] CATEGORY-FIND-COLLECTION: Se buscaron todas las categorías
[2021-24-14 13:24:47] [INFO ] [ImageService:59] IMAGES-SERVICE-FIND-COLLECTION SUCCESS: imagenes con ids [16, 21, 25, 27] obtenidas
[2021-25-14 13:25:21] [INFO ] [CategoryService:92] CATEGORY-FIND-COLLECTION: Se buscaron todas las categorías
[2021-25-14 13:25:21] [INFO ] [ImageService:59] IMAGES-SERVICE-FIND-COLLECTION SUCCESS: imagenes con ids [16, 21, 25, 27] obtenidas
[2021-25-14 13:25:35] [INFO ] [ImageService:47] IMAGES-SERVICE-FIND SUCCESS: imagen Audi Q5 obtenida
[2021-25-14 13:25:35] [INFO ] [CategoryService:52] CATEGORY-FIND: Se busco categoría con id 1
[2021-25-14 13:25:40] [ERROR] [GlobalExceptionHandler:24] Error en búsqueda [No se encontró categoría con id 5]
[2021-27-14 13:27:24] [INFO           ] [CacheImages:39] IMAGES-CACHE MEMORY: Se guardaron las imagenes con ids: [16, 21, 25, 27]
[2021-27-14 13:27:45] [INFO           ] [CacheImages:39] IMAGES-CACHE MEMORY: Se guardaron las imagenes con ids: [16, 21, 25, 27]
2021-30-14 13:30:50  INFO  [CacheImages:39] ----------- IMAGES-CACHE MEMORY: Se guardaron las imagenes con ids: [16, 21, 25, 27]
2021-31-14 13:31:00  INFO  [CategoryService:92] ----------- CATEGORY-FIND-COLLECTION: Se buscaron todas las categorías
2021-31-14 13:31:00  INFO  [ImageService:59] ----------- IMAGES-SERVICE-FIND-COLLECTION SUCCESS: imagenes con ids [16, 21, 25, 27] obtenidas
2021-31-14 13:31:03  ERROR [GlobalExceptionHandler:24] ----------- Error en búsqueda [No se encontró categoría con id 5]
2021-33-14 13:33:41  INFO   [          CacheImages:39          ] ----------- IMAGES-CACHE MEMORY: Se guardaron las imagenes con ids: [16, 21, 25, 27]
2021-33-14 13:33:49  ERROR  [          GlobalExceptionHandler:24          ] ----------- Error en búsqueda [No se encontró categoría con id 5]
2021-33-14 13:33:52  INFO   [          CategoryService:92          ] ----------- CATEGORY-FIND-COLLECTION: Se buscaron todas las categorías
2021-33-14 13:33:52  INFO   [          ImageService:59          ] ----------- IMAGES-SERVICE-FIND-COLLECTION SUCCESS: imagenes con ids [16, 21, 25, 27] obtenidas
2021-42-14 14:42:37  INFO   [          CacheImages:39          ] ----------- IMAGES-CACHE MEMORY: Se guardaron las imagenes con ids: [16, 21, 25, 27]
2021-43-14 14:43:33  INFO   [          CacheImages:39          ] ----------- IMAGES-CACHE MEMORY: Se guardaron las imagenes con ids: [16, 21, 25, 27]
2021-54-14 14:54:46  INFO   [          CacheImages:39          ] ----------- IMAGES-CACHE MEMORY: Se guardaron las imagenes con ids: [16, 21, 25, 27]
2021-55-14 14:55:04  INFO   [          ImageService:47          ] ----------- IMAGES-SERVICE-FIND SUCCESS: imagen Porsche 911 obtenida
2021-55-14 14:55:04  INFO   [          CategoryService:40          ] ----------- CATEGORY-SAVE: Se guardo categoría con titulo Categoria de Testeo
2021-55-14 14:55:05  INFO   [          ImageService:47          ] ----------- IMAGES-SERVICE-FIND SUCCESS: imagen Porsche 911 obtenida
2021-55-14 14:55:05  INFO   [          CategoryService:52          ] ----------- CATEGORY-FIND: Se busco categoría con id 5
2021-55-14 14:55:05  INFO   [          ImageService:47          ] ----------- IMAGES-SERVICE-FIND SUCCESS: imagen Audi Q5 obtenida
2021-55-14 14:55:05  INFO   [          CategoryService:65          ] ----------- CATEGORY-FIND: Se busco categoría con titulo SUV
2021-55-14 14:55:06  INFO   [          CategoryService:92          ] ----------- CATEGORY-FIND-COLLECTION: Se buscaron todas las categorías
2021-55-14 14:55:06  INFO   [          ImageService:59          ] ----------- IMAGES-SERVICE-FIND-COLLECTION SUCCESS: imagenes con ids [16, 21, 25, 27, 25] obtenidas
2021-55-14 14:55:07  INFO   [          ImageService:47          ] ----------- IMAGES-SERVICE-FIND SUCCESS: imagen Chevrolet Camaro Gallery obtenida
2021-55-14 14:55:07  INFO   [          CategoryService:77          ] ----------- CATEGORY-UPDATE: Se actualizo categoría con id 5
2021-55-14 14:55:08  INFO   [          CategoryService:85          ] ----------- CATEGORY-DELETE: Se elimino categoría con id 5
2021-57-14 14:57:00  INFO   [          ImageService:47          ] ----------- IMAGES-SERVICE-FIND SUCCESS: imagen Porsche 911 obtenida
2021-57-14 14:57:00  INFO   [          CategoryService:40          ] ----------- CATEGORY-SAVE: Se guardo categoría con titulo Categoria de Testeo
2021-58-14 14:58:01  INFO   [          CategoryService:85          ] ----------- CATEGORY-DELETE: Se elimino categoría con id 6
2021-59-14 14:59:21  INFO   [          CacheImages:39          ] ----------- IMAGES-CACHE MEMORY: Se guardaron las imagenes con ids: [16, 21, 25, 27]
2021-59-14 14:59:23  INFO   [          ImageService:47          ] ----------- IMAGES-SERVICE-FIND SUCCESS: imagen Porsche 911 obtenida
2021-59-14 14:59:24  INFO   [          CategoryService:40          ] ----------- CATEGORY-SAVE: Se guardo categoría con titulo Categoria de Testeo
2021-01-14 15:01:27  INFO   [          CategoryService:85          ] ----------- CATEGORY-DELETE: Se elimino categoría con id 7
2021-01-14 15:01:44  INFO   [          CacheImages:39          ] ----------- IMAGES-CACHE MEMORY: Se guardaron las imagenes con ids: [16, 21, 25, 27]
2021-01-14 15:01:51  INFO   [          ImageService:47          ] ----------- IMAGES-SERVICE-FIND SUCCESS: imagen Porsche 911 obtenida
2021-01-14 15:01:52  INFO   [          CategoryService:40          ] ----------- CATEGORY-SAVE: Se guardo categoría con titulo Categoria de Testeo
2021-02-14 15:02:35  INFO   [          CategoryService:85          ] ----------- CATEGORY-DELETE: Se elimino categoría con id 8
2021-02-14 15:02:50  INFO   [          CacheImages:39          ] ----------- IMAGES-CACHE MEMORY: Se guardaron las imagenes con ids: [16, 21, 25, 27]
2021-02-14 15:02:53  INFO   [          ImageService:47          ] ----------- IMAGES-SERVICE-FIND SUCCESS: imagen Porsche 911 obtenida
2021-02-14 15:02:54  INFO   [          CategoryService:40          ] ----------- CATEGORY-SAVE: Se guardo categoría con titulo Categoria de Testeo
2021-04-14 15:04:14  INFO   [          CategoryService:85          ] ----------- CATEGORY-DELETE: Se elimino categoría con id 9
2021-04-14 15:04:27  INFO   [          CacheImages:39          ] ----------- IMAGES-CACHE MEMORY: Se guardaron las imagenes con ids: [16, 21, 25, 27]
2021-04-14 15:04:43  INFO   [          ImageService:47          ] ----------- IMAGES-SERVICE-FIND SUCCESS: imagen Porsche 911 obtenida
2021-04-14 15:04:44  INFO   [          CategoryService:40          ] ----------- CATEGORY-SAVE: Se guardo categoría con titulo Categoria de Testeo
2021-05-14 15:05:03  INFO   [          CategoryService:85          ] ----------- CATEGORY-DELETE: Se elimino categoría con id 10
2021-05-14 15:05:29  ERROR  [          GlobalExceptionHandler:24          ] ----------- Error en búsqueda [No se encontró categoría con id 10]
2021-05-14 15:05:54  INFO   [          CacheImages:39          ] ----------- IMAGES-CACHE MEMORY: Se guardaron las imagenes con ids: [16, 21, 25, 27]
2021-06-14 15:06:11  INFO   [          ImageService:47          ] ----------- IMAGES-SERVICE-FIND SUCCESS: imagen Porsche 911 obtenida
2021-06-14 15:06:11  INFO   [          CategoryService:40          ] ----------- CATEGORY-SAVE: Se guardo categoría con titulo Categoria de Testeo
2021-06-14 15:06:50  INFO   [          CategoryService:85          ] ----------- CATEGORY-DELETE: Se elimino categoría con id 11
2021-07-14 15:07:04  INFO   [          CacheImages:39          ] ----------- IMAGES-CACHE MEMORY: Se guardaron las imagenes con ids: [16, 21, 25, 27]
2021-07-14 15:07:10  INFO   [          ImageService:47          ] ----------- IMAGES-SERVICE-FIND SUCCESS: imagen Porsche 911 obtenida
2021-07-14 15:07:11  INFO   [          CategoryService:41          ] ----------- CATEGORY-SAVE: Se guardo categoría con titulo Categoria de Testeo
2021-07-14 15:07:56  INFO   [          CategoryService:86          ] ----------- CATEGORY-DELETE: Se elimino categoría con id 12
2021-08-14 15:08:11  INFO   [          CacheImages:39          ] ----------- IMAGES-CACHE MEMORY: Se guardaron las imagenes con ids: [16, 21, 25, 27]
2021-08-14 15:08:14  INFO   [          ImageService:47          ] ----------- IMAGES-SERVICE-FIND SUCCESS: imagen Porsche 911 obtenida
2021-08-14 15:08:14  INFO   [          CategoryService:39          ] ----------- CATEGORY-SAVE: Se guardo categoría con titulo Categoria de Testeo
2021-08-14 15:08:15  INFO   [          ImageService:47          ] ----------- IMAGES-SERVICE-FIND SUCCESS: imagen Porsche 911 obtenida
2021-08-14 15:08:15  INFO   [          CategoryService:51          ] ----------- CATEGORY-FIND: Se busco categoría con id 13
2021-08-14 15:08:15  INFO   [          ImageService:47          ] ----------- IMAGES-SERVICE-FIND SUCCESS: imagen Audi Q5 obtenida
2021-08-14 15:08:15  INFO   [          CategoryService:64          ] ----------- CATEGORY-FIND: Se busco categoría con titulo SUV
2021-08-14 15:08:16  INFO   [          CategoryService:91          ] ----------- CATEGORY-FIND-COLLECTION: Se buscaron todas las categorías
2021-08-14 15:08:16  INFO   [          ImageService:59          ] ----------- IMAGES-SERVICE-FIND-COLLECTION SUCCESS: imagenes con ids [16, 21, 25, 27, 25] obtenidas
2021-08-14 15:08:17  INFO   [          ImageService:47          ] ----------- IMAGES-SERVICE-FIND SUCCESS: imagen Chevrolet Camaro Gallery obtenida
2021-08-14 15:08:18  INFO   [          CategoryService:76          ] ----------- CATEGORY-UPDATE: Se actualizo categoría con id 13
2021-08-14 15:08:19  INFO   [          CategoryService:84          ] ----------- CATEGORY-DELETE: Se elimino categoría con id 13
2021-11-14 15:11:22  INFO   [          CacheImages:39          ] ----------- IMAGES-CACHE MEMORY: Se guardaron las imagenes con ids: [16, 21, 25, 27]
2021-11-14 15:11:38  INFO   [          ImageService:47          ] ----------- IMAGES-SERVICE-FIND SUCCESS: imagen Porsche 911 obtenida
2021-11-14 15:11:39  INFO   [          CategoryService:39          ] ----------- CATEGORY-SAVE: Se guardo categoría con titulo Categoria de Testeo
2021-11-14 15:11:40  INFO   [          ImageService:47          ] ----------- IMAGES-SERVICE-FIND SUCCESS: imagen Porsche 911 obtenida
2021-11-14 15:11:40  INFO   [          CategoryService:51          ] ----------- CATEGORY-FIND: Se busco categoría con id 14
2021-11-14 15:11:40  INFO   [          ImageService:47          ] ----------- IMAGES-SERVICE-FIND SUCCESS: imagen Audi Q5 obtenida
2021-11-14 15:11:40  INFO   [          CategoryService:64          ] ----------- CATEGORY-FIND: Se busco categoría con titulo SUV
2021-11-14 15:11:41  INFO   [          CategoryService:91          ] ----------- CATEGORY-FIND-COLLECTION: Se buscaron todas las categorías
2021-11-14 15:11:41  INFO   [          ImageService:59          ] ----------- IMAGES-SERVICE-FIND-COLLECTION SUCCESS: imagenes con ids [16, 21, 25, 27, 25] obtenidas
2021-11-14 15:11:42  INFO   [          ImageService:47          ] ----------- IMAGES-SERVICE-FIND SUCCESS: imagen Chevrolet Camaro Gallery obtenida
2021-11-14 15:11:42  INFO   [          CategoryService:76          ] ----------- CATEGORY-UPDATE: Se actualizo categoría con id 14
2021-11-14 15:11:43  INFO   [          CategoryService:84          ] ----------- CATEGORY-DELETE: Se elimino categoría con id 14
2021-12-14 15:12:54  INFO   [          ImageService:47          ] ----------- IMAGES-SERVICE-FIND SUCCESS: imagen Porsche 911 obtenida
2021-12-14 15:12:55  INFO   [          CategoryService:39          ] ----------- CATEGORY-SAVE: Se guardo categoría con titulo Categoria de Testeo
2021-13-14 15:13:03  INFO   [          ImageService:47          ] ----------- IMAGES-SERVICE-FIND SUCCESS: imagen Porsche 911 obtenida
2021-13-14 15:13:03  INFO   [          CategoryService:51          ] ----------- CATEGORY-FIND: Se busco categoría con id 15
2021-13-14 15:13:34  INFO   [          CategoryService:84          ] ----------- CATEGORY-DELETE: Se elimino categoría con id 15
2021-14-14 15:14:24  INFO   [          ImageService:47          ] ----------- IMAGES-SERVICE-FIND SUCCESS: imagen Porsche 911 obtenida
2021-14-14 15:14:25  INFO   [          CategoryService:39          ] ----------- CATEGORY-SAVE: Se guardo categoría con titulo Categoria de Testeo
2021-14-14 15:14:25  INFO   [          ImageService:47          ] ----------- IMAGES-SERVICE-FIND SUCCESS: imagen Porsche 911 obtenida
2021-14-14 15:14:25  INFO   [          CategoryService:51          ] ----------- CATEGORY-FIND: Se busco categoría con id 16
2021-14-14 15:14:25  INFO   [          ImageService:47          ] ----------- IMAGES-SERVICE-FIND SUCCESS: imagen Audi Q5 obtenida
2021-14-14 15:14:25  INFO   [          CategoryService:64          ] ----------- CATEGORY-FIND: Se busco categoría con titulo SUV
2021-14-14 15:14:26  INFO   [          CategoryService:91          ] ----------- CATEGORY-FIND-COLLECTION: Se buscaron todas las categorías
2021-14-14 15:14:26  INFO   [          ImageService:59          ] ----------- IMAGES-SERVICE-FIND-COLLECTION SUCCESS: imagenes con ids [16, 21, 25, 27, 25] obtenidas
2021-14-14 15:14:27  INFO   [          ImageService:47          ] ----------- IMAGES-SERVICE-FIND SUCCESS: imagen Chevrolet Camaro Gallery obtenida
2021-14-14 15:14:27  INFO   [          CategoryService:76          ] ----------- CATEGORY-UPDATE: Se actualizo categoría con id 16
2021-14-14 15:14:28  INFO   [          CategoryService:84          ] ----------- CATEGORY-DELETE: Se elimino categoría con id 16
2021-14-14 15:14:38  INFO   [          ImageService:47          ] ----------- IMAGES-SERVICE-FIND SUCCESS: imagen Porsche 911 obtenida
2021-14-14 15:14:38  INFO   [          CategoryService:39          ] ----------- CATEGORY-SAVE: Se guardo categoría con titulo Categoria de Testeo
2021-14-14 15:14:39  INFO   [          ImageService:47          ] ----------- IMAGES-SERVICE-FIND SUCCESS: imagen Porsche 911 obtenida
2021-14-14 15:14:39  INFO   [          CategoryService:51          ] ----------- CATEGORY-FIND: Se busco categoría con id 17
2021-14-14 15:14:39  INFO   [          ImageService:47          ] ----------- IMAGES-SERVICE-FIND SUCCESS: imagen Audi Q5 obtenida
2021-14-14 15:14:39  INFO   [          CategoryService:64          ] ----------- CATEGORY-FIND: Se busco categoría con titulo SUV
2021-14-14 15:14:40  INFO   [          CategoryService:91          ] ----------- CATEGORY-FIND-COLLECTION: Se buscaron todas las categorías
2021-14-14 15:14:40  INFO   [          ImageService:59          ] ----------- IMAGES-SERVICE-FIND-COLLECTION SUCCESS: imagenes con ids [16, 21, 25, 27, 25] obtenidas
2021-14-14 15:14:41  INFO   [          ImageService:47          ] ----------- IMAGES-SERVICE-FIND SUCCESS: imagen Chevrolet Camaro Gallery obtenida
2021-14-14 15:14:41  INFO   [          CategoryService:76          ] ----------- CATEGORY-UPDATE: Se actualizo categoría con id 17
2021-14-14 15:14:42  INFO   [          CategoryService:84          ] ----------- CATEGORY-DELETE: Se elimino categoría con id 17
2021-04-14 20:04:07  INFO   [          CacheImages:39          ] ----------- IMAGES-CACHE MEMORY: Se guardaron las imagenes con ids: [16, 21, 25, 27]
2021-04-14 20:04:28  INFO   [          CategoryService:60          ] ----------- CATEGORY-FIND-COLLECTION: Se buscaron todas las categorías con ids: [1, 2, 3, 4]
2021-04-14 20:04:28  INFO   [          ImageService:59          ] ----------- IMAGES-SERVICE-FIND-COLLECTION SUCCESS: imagenes con ids [16, 21, 25, 27] obtenidas
2021-05-14 20:05:51  INFO   [          CategoryService:60          ] ----------- CATEGORY-FIND-COLLECTION: Se buscaron todas las categorías con ids: [1, 2, 3, 4]
2021-05-14 20:05:51  INFO   [          ImageService:59          ] ----------- IMAGES-SERVICE-FIND-COLLECTION SUCCESS: imagenes con ids [16, 21, 25, 27] obtenidas
2021-06-14 20:06:40  INFO   [          CategoryService:60          ] ----------- CATEGORY-FIND-COLLECTION: Se buscaron todas las categorías con ids: [1, 2, 3, 4]
2021-06-14 20:06:40  INFO   [          ImageService:59          ] ----------- IMAGES-SERVICE-FIND-COLLECTION SUCCESS: imagenes con ids [16, 21, 25, 27] obtenidas
2021-06-14 20:06:50  INFO   [          CategoryService:99          ] ----------- CATEGORY-FIND-COLLECTION: Se buscaron todas las categorías
2021-06-14 20:06:50  INFO   [          ImageService:59          ] ----------- IMAGES-SERVICE-FIND-COLLECTION SUCCESS: imagenes con ids [16, 21, 25, 27] obtenidas
2021-07-14 20:07:32  INFO   [          CategoryService:99          ] ----------- CATEGORY-FIND-COLLECTION: Se buscaron todas las categorías
2021-07-14 20:07:32  INFO   [          ImageService:59          ] ----------- IMAGES-SERVICE-FIND-COLLECTION SUCCESS: imagenes con ids [16, 21, 25, 27] obtenidas
2021-49-14 20:49:04  INFO   [          CacheImages:39          ] ----------- IMAGES-CACHE MEMORY: Se guardaron las imagenes con ids: [16, 21, 25, 27]
2021-50-14 20:50:06  INFO   [          CategoryService:60          ] ----------- CATEGORY-FIND-COLLECTION: Se buscaron todas las categorías con ids: [1, 2, 3, 4]
2021-50-14 20:50:06  INFO   [          ImageService:59          ] ----------- IMAGES-SERVICE-FIND-COLLECTION SUCCESS: imagenes con ids [16, 21, 25, 27] obtenidas
2021-50-14 20:50:31  INFO   [          CategoryService:99          ] ----------- CATEGORY-FIND-COLLECTION: Se buscaron todas las categorías
2021-50-14 20:50:31  INFO   [          ImageService:59          ] ----------- IMAGES-SERVICE-FIND-COLLECTION SUCCESS: imagenes con ids [16, 21, 25, 27] obtenidas
2021-55-14 20:55:45  INFO   [          CategoryService:60          ] ----------- CATEGORY-FIND-COLLECTION: Se buscaron todas las categorías con ids: [1, 2, 3, 4]
2021-55-14 20:55:45  INFO   [          ImageService:59          ] ----------- IMAGES-SERVICE-FIND-COLLECTION SUCCESS: imagenes con ids [16, 21, 25, 27] obtenidas
2021-56-14 20:56:43  INFO   [          CategoryService:99          ] ----------- CATEGORY-FIND-COLLECTION: Se buscaron todas las categorías
2021-56-14 20:56:43  INFO   [          ImageService:59          ] ----------- IMAGES-SERVICE-FIND-COLLECTION SUCCESS: imagenes con ids [16, 21, 25, 27] obtenidas
2021-58-14 20:58:24  INFO   [          CategoryService:99          ] ----------- CATEGORY-FIND-COLLECTION: Se buscaron todas las categorías
2021-58-14 20:58:24  INFO   [          ImageService:59          ] ----------- IMAGES-SERVICE-FIND-COLLECTION SUCCESS: imagenes con ids [16, 21, 25, 27] obtenidas
2021-00-14 21:00:32  INFO   [          CategoryService:60          ] ----------- CATEGORY-FIND-COLLECTION: Se buscaron todas las categorías con ids: [1, 2, 3, 4]
2021-00-14 21:00:32  INFO   [          ImageService:59          ] ----------- IMAGES-SERVICE-FIND-COLLECTION SUCCESS: imagenes con ids [16, 21, 25, 27] obtenidas
2021-01-14 21:01:24  INFO   [          CategoryService:60          ] ----------- CATEGORY-FIND-COLLECTION: Se buscaron todas las categorías con ids: [1, 2, 3, 4]
2021-01-14 21:01:24  INFO   [          ImageService:59          ] ----------- IMAGES-SERVICE-FIND-COLLECTION SUCCESS: imagenes con ids [16, 21, 25, 27] obtenidas
2021-02-14 21:02:42  INFO   [          CategoryService:60          ] ----------- CATEGORY-FIND-COLLECTION: Se buscaron todas las categorías con ids: [1, 2, 3, 4]
2021-02-14 21:02:42  INFO   [          ImageService:59          ] ----------- IMAGES-SERVICE-FIND-COLLECTION SUCCESS: imagenes con ids [16, 21, 25, 27] obtenidas
2021-32-14 21:32:41  INFO   [          CacheImages:39          ] ----------- IMAGES-CACHE MEMORY: Se guardaron las imagenes con ids: [16, 21, 25, 27]
2021-32-14 21:32:43  INFO   [          CategoryService:60          ] ----------- CATEGORY-FIND-COLLECTION: Se buscaron todas las categorías con ids: [1, 2, 3, 4]
2021-32-14 21:32:43  INFO   [          ImageService:59          ] ----------- IMAGES-SERVICE-FIND-COLLECTION SUCCESS: imagenes con ids [16, 21, 25, 27] obtenidas
2021-33-14 21:33:32  INFO   [          CategoryService:60          ] ----------- CATEGORY-FIND-COLLECTION: Se buscaron todas las categorías con ids: [1, 2, 3, 4]
2021-33-14 21:33:32  INFO   [          ImageService:59          ] ----------- IMAGES-SERVICE-FIND-COLLECTION SUCCESS: imagenes con ids [16, 21, 25, 27] obtenidas
2021-34-14 21:34:27  INFO   [          CategoryService:99          ] ----------- CATEGORY-FIND-COLLECTION: Se buscaron todas las categorías
2021-34-14 21:34:27  INFO   [          ImageService:59          ] ----------- IMAGES-SERVICE-FIND-COLLECTION SUCCESS: imagenes con ids [16, 21, 25, 27] obtenidas
2021-36-14 21:36:32  INFO   [          CacheImages:39          ] ----------- IMAGES-CACHE MEMORY: Se guardaron las imagenes con ids: [16, 21, 25, 27]
2021-36-14 21:36:42  INFO   [          CategoryService:60          ] ----------- CATEGORY-FIND-COLLECTION: Se buscaron todas las categorías con ids: [1, 2, 3, 4]
2021-36-14 21:36:42  INFO   [          ImageService:59          ] ----------- IMAGES-SERVICE-FIND-COLLECTION SUCCESS: imagenes con ids [16, 21, 25, 27] obtenidas
2021-37-14 21:37:09  INFO   [          CategoryService:99          ] ----------- CATEGORY-FIND-COLLECTION: Se buscaron todas las categorías
2021-37-14 21:37:09  INFO   [          ImageService:59          ] ----------- IMAGES-SERVICE-FIND-COLLECTION SUCCESS: imagenes con ids [16, 21, 25, 27] obtenidas
2021-38-14 21:38:39  INFO   [          CategoryService:60          ] ----------- CATEGORY-FIND-COLLECTION: Se buscaron todas las categorías con ids: [1, 2, 3, 4]
2021-38-14 21:38:39  INFO   [          ImageService:59          ] ----------- IMAGES-SERVICE-FIND-COLLECTION SUCCESS: imagenes con ids [16, 21, 25, 27] obtenidas
2021-39-14 21:39:03  INFO   [          CategoryService:60          ] ----------- CATEGORY-FIND-COLLECTION: Se buscaron todas las categorías con ids: [1, 2, 3, 4]
2021-39-14 21:39:03  INFO   [          ImageService:59          ] ----------- IMAGES-SERVICE-FIND-COLLECTION SUCCESS: imagenes con ids [16, 21, 25, 27] obtenidas
2021-39-14 21:39:27  INFO   [          CategoryService:99          ] ----------- CATEGORY-FIND-COLLECTION: Se buscaron todas las categorías
2021-39-14 21:39:27  INFO   [          ImageService:59          ] ----------- IMAGES-SERVICE-FIND-COLLECTION SUCCESS: imagenes con ids [16, 21, 25, 27] obtenidas
2021-43-14 21:43:06  INFO   [          CategoryService:60          ] ----------- CATEGORY-FIND-COLLECTION: Se buscaron todas las categorías con ids: [1, 2, 3, 4]
2021-43-14 21:43:06  INFO   [          ImageService:59          ] ----------- IMAGES-SERVICE-FIND-COLLECTION SUCCESS: imagenes con ids [16, 21, 25, 27] obtenidas
2021-44-14 21:44:23  INFO   [          CategoryService:99          ] ----------- CATEGORY-FIND-COLLECTION: Se buscaron todas las categorías
2021-44-14 21:44:23  INFO   [          ImageService:59          ] ----------- IMAGES-SERVICE-FIND-COLLECTION SUCCESS: imagenes con ids [16, 21, 25, 27] obtenidas
